;  LST file generated by mikroListExporter - v.2.0 
; Date/Time: 4/20/2022 3:25:53 PM
;----------------------------------------------

;Address Opcode 	ASM
0x0000	0x2BA6      	GOTO       934
_interrupt:
0x0004	0x00FF      	MOVWF      R15
0x0005	0x0E03      	SWAPF      STATUS, 0
0x0006	0x0183      	CLRF       STATUS
0x0007	0x00B5      	MOVWF      ___saveSTATUS
0x0008	0x080A      	MOVF       PCLATH, 0
0x0009	0x00B4      	MOVWF      ___savePCLATH
0x000A	0x018A      	CLRF       PCLATH
0x000B	0x0870      	MOVF       R0, 0
0x000C	0x00A1      	MOVWF      33
0x000D	0x0871      	MOVF       R1, 0
0x000E	0x00A0      	MOVWF      32
0x000F	0x0824      	MOVF       ___DoICPAddr, 0
0x0010	0x00A2      	MOVWF      34
0x0011	0x0825      	MOVF       37, 0
0x0012	0x00A3      	MOVWF      35
;main.c,45 :: 		void interrupt() {
;main.c,46 :: 		INTCON.GIE = 0; // tat cac ngat
0x0013	0x138B      	BCF        INTCON, 7
;main.c,47 :: 		if (INTCON.T0IF) { //Ngat timer0
0x0014	0x1D0B      	BTFSS      INTCON, 2
0x0015	0x283A      	GOTO       L_interrupt0
;main.c,48 :: 		INTCON.T0IF = 0; // xoa co ngat
0x0016	0x110B      	BCF        INTCON, 2
;main.c,49 :: 		n_led++; //Quet Led
0x0017	0x0AAD      	INCF       _n_led, 1
;main.c,51 :: 		if (n_led == 3) // hien thi led don vi
0x0018	0x082D      	MOVF       _n_led, 0
0x0019	0x3A03      	XORLW      3
0x001A	0x1D03      	BTFSS      STATUS, 2
0x001B	0x2824      	GOTO       L_interrupt1
;main.c,53 :: 		n_led = 0;
0x001C	0x01AD      	CLRF       _n_led
;main.c,54 :: 		HC595(led_r1[0], led_r2[0]);
0x001D	0x0829      	MOVF       _led_r1, 0
0x001E	0x00BF      	MOVWF      FARG_HC595_row1
0x001F	0x0826      	MOVF       _led_r2, 0
0x0020	0x00C0      	MOVWF      FARG_HC595_row2
0x0021	0x2351      	CALL       _HC595
;main.c,55 :: 		latch_595();
0x0022	0x2394      	CALL       _latch_595
;main.c,56 :: 		Led_Column3_ON();
0x0023	0x23A0      	CALL       _Led_Column3_ON
;main.c,57 :: 		}
L_interrupt1:
;main.c,59 :: 		if (n_led == 2) // hien thi led hang chuc
0x0024	0x082D      	MOVF       _n_led, 0
0x0025	0x3A02      	XORLW      2
0x0026	0x1D03      	BTFSS      STATUS, 2
0x0027	0x282F      	GOTO       L_interrupt2
;main.c,61 :: 		HC595(led_r1[1], led_r2[1]);
0x0028	0x082A      	MOVF       _led_r1+1, 0
0x0029	0x00BF      	MOVWF      FARG_HC595_row1
0x002A	0x0827      	MOVF       _led_r2+1, 0
0x002B	0x00C0      	MOVWF      FARG_HC595_row2
0x002C	0x2351      	CALL       _HC595
;main.c,62 :: 		latch_595();
0x002D	0x2394      	CALL       _latch_595
;main.c,63 :: 		Led_Column2_ON();
0x002E	0x234B      	CALL       _Led_Column2_ON
;main.c,64 :: 		}
L_interrupt2:
;main.c,66 :: 		if (n_led == 1) // hien thi led hang tram
0x002F	0x082D      	MOVF       _n_led, 0
0x0030	0x3A01      	XORLW      1
0x0031	0x1D03      	BTFSS      STATUS, 2
0x0032	0x283A      	GOTO       L_interrupt3
;main.c,68 :: 		HC595(led_r1[2], led_r2[2]);
0x0033	0x082B      	MOVF       _led_r1+2, 0
0x0034	0x00BF      	MOVWF      FARG_HC595_row1
0x0035	0x0828      	MOVF       _led_r2+2, 0
0x0036	0x00C0      	MOVWF      FARG_HC595_row2
0x0037	0x2351      	CALL       _HC595
;main.c,69 :: 		latch_595();
0x0038	0x2394      	CALL       _latch_595
;main.c,70 :: 		Led_Column1_ON();
0x0039	0x239A      	CALL       _Led_Column1_ON
;main.c,71 :: 		}
L_interrupt3:
;main.c,72 :: 		}
L_interrupt0:
;main.c,74 :: 		if (INTCON.INTF) {// phat hien co ngat ngoai
0x003A	0x1C8B      	BTFSS      INTCON, 1
0x003B	0x284C      	GOTO       L_interrupt4
;main.c,75 :: 		ex_interrupt_flag = 1;
0x003C	0x14B9      	BSF        _ex_interrupt_flag, BitPos(_ex_interrupt_flag+0)
;main.c,77 :: 		if (run == 1) {
0x003D	0x1DB9      	BTFSS      _run, BitPos(_run+0)
0x003E	0x284C      	GOTO       L_interrupt5
;main.c,78 :: 		timerun_10ms++;
0x003F	0x0AAE      	INCF       _timerun_10ms, 1
;main.c,79 :: 		if (timerun_10ms == 100) {
0x0040	0x082E      	MOVF       _timerun_10ms, 0
0x0041	0x3A64      	XORLW      100
0x0042	0x1D03      	BTFSS      STATUS, 2
0x0043	0x284C      	GOTO       L_interrupt6
;main.c,80 :: 		timerun_10ms = 0;
0x0044	0x01AE      	CLRF       _timerun_10ms
;main.c,81 :: 		timerun_1s++;
0x0045	0x0AB0      	INCF       _timerun_1s, 1
;main.c,82 :: 		if (timerun_1s == 60) {
0x0046	0x0830      	MOVF       _timerun_1s, 0
0x0047	0x3A3C      	XORLW      60
0x0048	0x1D03      	BTFSS      STATUS, 2
0x0049	0x284C      	GOTO       L_interrupt7
;main.c,83 :: 		timerun_minute++;
0x004A	0x0AAF      	INCF       _timerun_minute, 1
;main.c,84 :: 		timerun_1s = 0;
0x004B	0x01B0      	CLRF       _timerun_1s
;main.c,85 :: 		}
L_interrupt7:
;main.c,86 :: 		}
L_interrupt6:
;main.c,87 :: 		}
L_interrupt5:
;main.c,89 :: 		}
L_interrupt4:
;main.c,91 :: 		TMR0 = 6;
0x004C	0x3006      	MOVLW      6
0x004D	0x0081      	MOVWF      TMR0
;main.c,92 :: 		INTCON.INTF = 0; // co ngat = 0
0x004E	0x108B      	BCF        INTCON, 1
;main.c,93 :: 		INTCON.T0IF = 0; // xoa co ngat
0x004F	0x110B      	BCF        INTCON, 2
;main.c,94 :: 		INTCON.GIE = 1; // bat lai cac ngat
0x0050	0x178B      	BSF        INTCON, 7
;main.c,95 :: 		}
L_end_interrupt:
L__interrupt132:
0x0051	0x0822      	MOVF       34, 0
0x0052	0x00A4      	MOVWF      ___DoICPAddr
0x0053	0x0823      	MOVF       35, 0
0x0054	0x00A5      	MOVWF      37
0x0055	0x0821      	MOVF       33, 0
0x0056	0x00F0      	MOVWF      R0
0x0057	0x0820      	MOVF       32, 0
0x0058	0x00F1      	MOVWF      R1
0x0059	0x0834      	MOVF       ___savePCLATH, 0
0x005A	0x008A      	MOVWF      PCLATH
0x005B	0x0E35      	SWAPF      ___saveSTATUS, 0
0x005C	0x0083      	MOVWF      STATUS
0x005D	0x0EFF      	SWAPF      R15, 1
0x005E	0x0E7F      	SWAPF      R15, 0
0x005F	0x0009      	RETFIE
; end of _interrupt
_Div_16x16_S_L:
;__Lib_Math.c,420 :: 		
;__Lib_Math.c,426 :: 		
0x0060	0x0D71      	RLF        R1, 0
;__Lib_Math.c,427 :: 		
0x0061	0x0DF8      	RLF        R8, 1
;__Lib_Math.c,428 :: 		
0x0062	0x0DF9      	RLF        R9, 1
;__Lib_Math.c,429 :: 		
0x0063	0x0874      	MOVF       R4, 0
;__Lib_Math.c,430 :: 		
0x0064	0x02F8      	SUBWF      R8, 1
;__Lib_Math.c,431 :: 		
0x0065	0x0875      	MOVF       R5, 0
;__Lib_Math.c,432 :: 		
0x0066	0x1C03      	BTFSS      STATUS, 0
;__Lib_Math.c,433 :: 		
0x0067	0x0F75      	INCFSZ     R5, 0
;__Lib_Math.c,434 :: 		
0x0068	0x02F9      	SUBWF      R9, 1
;__Lib_Math.c,435 :: 		
0x0069	0x0DF0      	RLF        R0, 1
;__Lib_Math.c,436 :: 		
0x006A	0x0DF1      	RLF        R1, 1
;__Lib_Math.c,438 :: 		
0x006B	0x300F      	MOVLW      15
;__Lib_Math.c,439 :: 		
0x006C	0x00FC      	MOVWF      R12
;__Lib_Math.c,441 :: 		
0x006D	0x0D71      	RLF        R1, 0
;__Lib_Math.c,442 :: 		
0x006E	0x0DF8      	RLF        R8, 1
;__Lib_Math.c,443 :: 		
0x006F	0x0DF9      	RLF        R9, 1
;__Lib_Math.c,444 :: 		
0x0070	0x0874      	MOVF       R4, 0
;__Lib_Math.c,446 :: 		
0x0071	0x1C70      	BTFSS      R0, 0
;__Lib_Math.c,447 :: 		
0x0072	0x2879      	GOTO       $+7
;__Lib_Math.c,448 :: 		
0x0073	0x02F8      	SUBWF      R8, 1
;__Lib_Math.c,449 :: 		
0x0074	0x0875      	MOVF       R5, 0
;__Lib_Math.c,450 :: 		
0x0075	0x1C03      	BTFSS      STATUS, 0
;__Lib_Math.c,451 :: 		
0x0076	0x0F75      	INCFSZ     R5, 0
;__Lib_Math.c,452 :: 		
0x0077	0x02F9      	SUBWF      R9, 1
;__Lib_Math.c,453 :: 		
0x0078	0x287E      	GOTO       $+6
;__Lib_Math.c,455 :: 		
0x0079	0x07F8      	ADDWF      R8, 1
;__Lib_Math.c,456 :: 		
0x007A	0x0875      	MOVF       R5, 0
;__Lib_Math.c,457 :: 		
0x007B	0x1803      	BTFSC      STATUS, 0
;__Lib_Math.c,458 :: 		
0x007C	0x0F75      	INCFSZ     R5, 0
;__Lib_Math.c,459 :: 		
0x007D	0x07F9      	ADDWF      R9, 1
;__Lib_Math.c,461 :: 		
0x007E	0x0DF0      	RLF        R0, 1
;__Lib_Math.c,462 :: 		
0x007F	0x0DF1      	RLF        R1, 1
;__Lib_Math.c,464 :: 		
0x0080	0x0BFC      	DECFSZ     R12, 1
;__Lib_Math.c,465 :: 		
0x0081	0x286D      	GOTO       $-20
;__Lib_Math.c,467 :: 		
0x0082	0x1870      	BTFSC      R0, 0
;__Lib_Math.c,468 :: 		
0x0083	0x288A      	GOTO       $+7
;__Lib_Math.c,469 :: 		
0x0084	0x0874      	MOVF       R4, 0
;__Lib_Math.c,470 :: 		
0x0085	0x07F8      	ADDWF      R8, 1
;__Lib_Math.c,471 :: 		
0x0086	0x0875      	MOVF       R5, 0
;__Lib_Math.c,472 :: 		
0x0087	0x1803      	BTFSC      STATUS, 0
;__Lib_Math.c,473 :: 		
0x0088	0x0F75      	INCFSZ     R5, 0
;__Lib_Math.c,474 :: 		
0x0089	0x07F9      	ADDWF      R9, 1
;__Lib_Math.c,475 :: 		
0x008A	0x0000      	NOP
;__Lib_Math.c,477 :: 		
L_end_Div_16x16_S_L:
0x008B	0x0008      	RETURN
; end of _Div_16x16_S_L
_Div_16x16_S:
;__Lib_Math.c,479 :: 		
;__Lib_Math.c,487 :: 		
0x008C	0x1283      	BCF        STATUS, 5
0x008D	0x1303      	BCF        STATUS, 6
0x008E	0x0874      	MOVF       R4, 0
0x008F	0x3A00      	XORLW      0
0x0090	0x1D03      	BTFSS      STATUS, 2
0x0091	0x289B      	GOTO       L_Div_16x16_S0
;__Lib_Math.c,488 :: 		
0x0092	0x0875      	MOVF       R5, 0
0x0093	0x3A00      	XORLW      0
0x0094	0x1D03      	BTFSS      STATUS, 2
0x0095	0x289B      	GOTO       L_Div_16x16_S1
;__Lib_Math.c,489 :: 		
0x0096	0x30FF      	MOVLW      255
0x0097	0x00F0      	MOVWF      R0
;__Lib_Math.c,490 :: 		
0x0098	0x307F      	MOVLW      127
0x0099	0x00F1      	MOVWF      R1
;__Lib_Math.c,491 :: 		
0x009A	0x28F4      	GOTO       L_end_Div_16x16_S
;__Lib_Math.c,492 :: 		
L_Div_16x16_S1:
L_Div_16x16_S0:
;__Lib_Math.c,495 :: 		
0x009B	0x1283      	BCF        STATUS, 5
;__Lib_Math.c,496 :: 		
0x009C	0x1303      	BCF        STATUS, 6
;__Lib_Math.c,497 :: 		
0x009D	0x01FD      	CLRF       R13
;__Lib_Math.c,498 :: 		
0x009E	0x01F9      	CLRF       R9
;__Lib_Math.c,499 :: 		
0x009F	0x01F8      	CLRF       R8
;__Lib_Math.c,500 :: 		
0x00A0	0x0871      	MOVF       R1, 0
;__Lib_Math.c,501 :: 		
0x00A1	0x0470      	IORWF      R0, 0
;__Lib_Math.c,502 :: 		
0x00A2	0x1903      	BTFSC      STATUS, 2
;__Lib_Math.c,503 :: 		
0x00A3	0x3400      	RETLW      0
;__Lib_Math.c,505 :: 		
0x00A4	0x0871      	MOVF       R1, 0
;__Lib_Math.c,506 :: 		
0x00A5	0x0675      	XORWF      R5, 0
;__Lib_Math.c,507 :: 		
0x00A6	0x00FA      	MOVWF      R10
;__Lib_Math.c,508 :: 		
0x00A7	0x1BFA      	BTFSC      R10, 7
;__Lib_Math.c,509 :: 		
0x00A8	0x09FD      	COMF       R13, 1
;__Lib_Math.c,511 :: 		
0x00A9	0x01FB      	CLRF       R11
;__Lib_Math.c,513 :: 		
0x00AA	0x1FF5      	BTFSS      R5, 7
;__Lib_Math.c,514 :: 		
0x00AB	0x28B1      	GOTO       $+6
;__Lib_Math.c,516 :: 		
0x00AC	0x09F4      	COMF       R4, 1
;__Lib_Math.c,517 :: 		
0x00AD	0x09F5      	COMF       R5, 1
;__Lib_Math.c,518 :: 		
0x00AE	0x0AF4      	INCF       R4, 1
;__Lib_Math.c,519 :: 		
0x00AF	0x1903      	BTFSC      STATUS, 2
;__Lib_Math.c,520 :: 		
0x00B0	0x0AF5      	INCF       R5, 1
;__Lib_Math.c,522 :: 		
0x00B1	0x1FF1      	BTFSS      R1, 7
;__Lib_Math.c,523 :: 		
0x00B2	0x28B8      	GOTO       $+6
;__Lib_Math.c,525 :: 		
0x00B3	0x09F0      	COMF       R0, 1
;__Lib_Math.c,526 :: 		
0x00B4	0x09F1      	COMF       R1, 1
;__Lib_Math.c,527 :: 		
0x00B5	0x0AF0      	INCF       R0, 1
;__Lib_Math.c,528 :: 		
0x00B6	0x1903      	BTFSC      STATUS, 2
;__Lib_Math.c,529 :: 		
0x00B7	0x0AF1      	INCF       R1, 1
;__Lib_Math.c,531 :: 		
0x00B8	0x0871      	MOVF       R1, 0
;__Lib_Math.c,532 :: 		
0x00B9	0x0475      	IORWF      R5, 0
;__Lib_Math.c,533 :: 		
0x00BA	0x00FA      	MOVWF      R10
;__Lib_Math.c,534 :: 		
0x00BB	0x1BFA      	BTFSC      R10, 7
;__Lib_Math.c,535 :: 		
0x00BC	0x28CD      	GOTO       $+17
;__Lib_Math.c,537 :: 		
0x00BD	0x2060      	CALL       _Div_16x16_S_L
;__Lib_Math.c,539 :: 		
0x00BE	0x187B      	BTFSC      R11, 0
;__Lib_Math.c,540 :: 		
0x00BF	0x28E0      	GOTO       $+33
;__Lib_Math.c,542 :: 		
0x00C0	0x1FFD      	BTFSS      R13, 7
;__Lib_Math.c,543 :: 		
0x00C1	0x3400      	RETLW      0
;__Lib_Math.c,545 :: 		
0x00C2	0x09F0      	COMF       R0, 1
;__Lib_Math.c,546 :: 		
0x00C3	0x09F1      	COMF       R1, 1
;__Lib_Math.c,547 :: 		
0x00C4	0x0AF0      	INCF       R0, 1
;__Lib_Math.c,548 :: 		
0x00C5	0x1903      	BTFSC      STATUS, 2
;__Lib_Math.c,549 :: 		
0x00C6	0x0AF1      	INCF       R1, 1
;__Lib_Math.c,551 :: 		
0x00C7	0x09F8      	COMF       R8, 1
;__Lib_Math.c,552 :: 		
0x00C8	0x09F9      	COMF       R9, 1
;__Lib_Math.c,553 :: 		
0x00C9	0x0AF8      	INCF       R8, 1
;__Lib_Math.c,554 :: 		
0x00CA	0x1903      	BTFSC      STATUS, 2
;__Lib_Math.c,555 :: 		
0x00CB	0x0AF9      	INCF       R9, 1
;__Lib_Math.c,557 :: 		
0x00CC	0x3400      	RETLW      0
;__Lib_Math.c,559 :: 		
0x00CD	0x1FF5      	BTFSS      R5, 7
;__Lib_Math.c,560 :: 		
0x00CE	0x28DC      	GOTO       $+14
;__Lib_Math.c,561 :: 		
0x00CF	0x1BF1      	BTFSC      R1, 7
;__Lib_Math.c,562 :: 		
0x00D0	0x28D8      	GOTO       $+8
;__Lib_Math.c,563 :: 		
0x00D1	0x0871      	MOVF       R1, 0
;__Lib_Math.c,564 :: 		
0x00D2	0x00F9      	MOVWF      R9
;__Lib_Math.c,565 :: 		
0x00D3	0x0870      	MOVF       R0, 0
;__Lib_Math.c,566 :: 		
0x00D4	0x00F8      	MOVWF      R8
;__Lib_Math.c,567 :: 		
0x00D5	0x01F1      	CLRF       R1
;__Lib_Math.c,568 :: 		
0x00D6	0x01F0      	CLRF       R0
;__Lib_Math.c,569 :: 		
0x00D7	0x28C0      	GOTO       $-23
;__Lib_Math.c,570 :: 		
0x00D8	0x01F1      	CLRF       R1
;__Lib_Math.c,571 :: 		
0x00D9	0x01F0      	CLRF       R0
;__Lib_Math.c,572 :: 		
0x00DA	0x0AF0      	INCF       R0, 1
;__Lib_Math.c,573 :: 		
0x00DB	0x3400      	RETLW      0
;__Lib_Math.c,575 :: 		
0x00DC	0x09F1      	COMF       R1, 1
;__Lib_Math.c,576 :: 		
0x00DD	0x09F0      	COMF       R0, 1
;__Lib_Math.c,577 :: 		
0x00DE	0x0AFB      	INCF       R11, 1
;__Lib_Math.c,578 :: 		
0x00DF	0x28BD      	GOTO       $-34
;__Lib_Math.c,580 :: 		
0x00E0	0x0AF8      	INCF       R8, 1
;__Lib_Math.c,581 :: 		
0x00E1	0x1903      	BTFSC      STATUS, 2
;__Lib_Math.c,582 :: 		
0x00E2	0x0AF9      	INCF       R9, 1
;__Lib_Math.c,583 :: 		
0x00E3	0x0874      	MOVF       R4, 0
;__Lib_Math.c,584 :: 		
0x00E4	0x0278      	SUBWF      R8, 0
;__Lib_Math.c,585 :: 		
0x00E5	0x1D03      	BTFSS      STATUS, 2
;__Lib_Math.c,586 :: 		
0x00E6	0x28C0      	GOTO       $-38
;__Lib_Math.c,587 :: 		
0x00E7	0x0875      	MOVF       R5, 0
;__Lib_Math.c,588 :: 		
0x00E8	0x0279      	SUBWF      R9, 0
;__Lib_Math.c,589 :: 		
0x00E9	0x1D03      	BTFSS      STATUS, 2
;__Lib_Math.c,590 :: 		
0x00EA	0x28C0      	GOTO       $-42
;__Lib_Math.c,591 :: 		
0x00EB	0x01F9      	CLRF       R9
;__Lib_Math.c,592 :: 		
0x00EC	0x01F8      	CLRF       R8
;__Lib_Math.c,593 :: 		
0x00ED	0x0AF0      	INCF       R0, 1
;__Lib_Math.c,594 :: 		
0x00EE	0x1903      	BTFSC      STATUS, 2
;__Lib_Math.c,595 :: 		
0x00EF	0x0AF1      	INCF       R1, 1
;__Lib_Math.c,596 :: 		
0x00F0	0x1FF1      	BTFSS      R1, 7
;__Lib_Math.c,597 :: 		
0x00F1	0x28C0      	GOTO       $-49
;__Lib_Math.c,598 :: 		
0x00F2	0x0000      	NOP
;__Lib_Math.c,599 :: 		
0x00F3	0x34FF      	RETLW      255
;__Lib_Math.c,601 :: 		
L_end_Div_16x16_S:
0x00F4	0x0008      	RETURN
; end of _Div_16x16_S
_EEPROM_ReadByte:
;u_eeprom.c,23 :: 		unsigned char EEPROM_ReadByte(unsigned char eepromAddress) {
;u_eeprom.c,24 :: 		EEADR = eepromAddress;
0x00F5	0x1283      	BCF        STATUS, 5
0x00F6	0x1303      	BCF        STATUS, 6
0x00F7	0x083B      	MOVF       FARG_EEPROM_ReadByte_eepromAddress, 0
0x00F8	0x1703      	BSF        STATUS, 6
0x00F9	0x008D      	MOVWF      EEADR
;u_eeprom.c,25 :: 		EECON1.EEPGD = 0;
0x00FA	0x1683      	BSF        STATUS, 5
0x00FB	0x138C      	BCF        EECON1, 7
;u_eeprom.c,26 :: 		EECON1.RD = 1;
0x00FC	0x140C      	BSF        EECON1, 0
;u_eeprom.c,27 :: 		return (EEDATA);
0x00FD	0x1283      	BCF        STATUS, 5
0x00FE	0x080C      	MOVF       EEDATA, 0
0x00FF	0x00F0      	MOVWF      R0
;u_eeprom.c,28 :: 		}
L_end_EEPROM_ReadByte:
0x0100	0x0008      	RETURN
; end of _EEPROM_ReadByte
_____DoICP:
;__Lib_System.c,6 :: 		
;__Lib_System.c,9 :: 		
0x0101	0x1283      	BCF        STATUS, 5
0x0102	0x1303      	BCF        STATUS, 6
0x0103	0x0825      	MOVF       ___DoICPAddr+1, 0
0x0104	0x008A      	MOVWF      PCLATH
;__Lib_System.c,10 :: 		
0x0105	0x0824      	MOVF       ___DoICPAddr, 0
0x0106	0x0082      	MOVWF      PCL
;__Lib_System.c,12 :: 		
L_end_____DoICP:
0x0107	0x0008      	RETURN
; end of _____DoICP
_seg7Print_led2:
;main.c,97 :: 		void seg7Print_led2(int number) {
;main.c,99 :: 		led_r2[0] = number % 10;
0x0108	0x300A      	MOVLW      10
0x0109	0x1283      	BCF        STATUS, 5
0x010A	0x1303      	BCF        STATUS, 6
0x010B	0x00F4      	MOVWF      R4
0x010C	0x3000      	MOVLW      0
0x010D	0x00F5      	MOVWF      R4+1
0x010E	0x083B      	MOVF       FARG_seg7Print_led2_number, 0
0x010F	0x00F0      	MOVWF      R0
0x0110	0x083C      	MOVF       FARG_seg7Print_led2_number+1, 0
0x0111	0x00F1      	MOVWF      R0+1
0x0112	0x208C      	CALL       _Div_16x16_S
0x0113	0x0878      	MOVF       R8, 0
0x0114	0x00F0      	MOVWF      R0
0x0115	0x0879      	MOVF       R8+1, 0
0x0116	0x00F1      	MOVWF      R0+1
0x0117	0x0870      	MOVF       R0, 0
0x0118	0x00A6      	MOVWF      _led_r2
;main.c,100 :: 		number = number / 10;
0x0119	0x300A      	MOVLW      10
0x011A	0x00F4      	MOVWF      R4
0x011B	0x3000      	MOVLW      0
0x011C	0x00F5      	MOVWF      R4+1
0x011D	0x083B      	MOVF       FARG_seg7Print_led2_number, 0
0x011E	0x00F0      	MOVWF      R0
0x011F	0x083C      	MOVF       FARG_seg7Print_led2_number+1, 0
0x0120	0x00F1      	MOVWF      R0+1
0x0121	0x208C      	CALL       _Div_16x16_S
0x0122	0x0870      	MOVF       R0, 0
0x0123	0x00BD      	MOVWF      FLOC__seg7Print_led2
0x0124	0x0871      	MOVF       R0+1, 0
0x0125	0x00BE      	MOVWF      FLOC__seg7Print_led2+1
0x0126	0x083D      	MOVF       FLOC__seg7Print_led2, 0
0x0127	0x00BB      	MOVWF      FARG_seg7Print_led2_number
0x0128	0x083E      	MOVF       FLOC__seg7Print_led2+1, 0
0x0129	0x00BC      	MOVWF      FARG_seg7Print_led2_number+1
;main.c,101 :: 		led_r2[1] = number % 10;
0x012A	0x300A      	MOVLW      10
0x012B	0x00F4      	MOVWF      R4
0x012C	0x3000      	MOVLW      0
0x012D	0x00F5      	MOVWF      R4+1
0x012E	0x083D      	MOVF       FLOC__seg7Print_led2, 0
0x012F	0x00F0      	MOVWF      R0
0x0130	0x083E      	MOVF       FLOC__seg7Print_led2+1, 0
0x0131	0x00F1      	MOVWF      R0+1
0x0132	0x208C      	CALL       _Div_16x16_S
0x0133	0x0878      	MOVF       R8, 0
0x0134	0x00F0      	MOVWF      R0
0x0135	0x0879      	MOVF       R8+1, 0
0x0136	0x00F1      	MOVWF      R0+1
0x0137	0x0870      	MOVF       R0, 0
0x0138	0x00A7      	MOVWF      _led_r2+1
;main.c,102 :: 		number = number / 10;
0x0139	0x300A      	MOVLW      10
0x013A	0x00F4      	MOVWF      R4
0x013B	0x3000      	MOVLW      0
0x013C	0x00F5      	MOVWF      R4+1
0x013D	0x083D      	MOVF       FLOC__seg7Print_led2, 0
0x013E	0x00F0      	MOVWF      R0
0x013F	0x083E      	MOVF       FLOC__seg7Print_led2+1, 0
0x0140	0x00F1      	MOVWF      R0+1
0x0141	0x208C      	CALL       _Div_16x16_S
0x0142	0x0870      	MOVF       R0, 0
0x0143	0x00BB      	MOVWF      FARG_seg7Print_led2_number
0x0144	0x0871      	MOVF       R0+1, 0
0x0145	0x00BC      	MOVWF      FARG_seg7Print_led2_number+1
;main.c,103 :: 		led_r2[2] = number % 10;
0x0146	0x300A      	MOVLW      10
0x0147	0x00F4      	MOVWF      R4
0x0148	0x3000      	MOVLW      0
0x0149	0x00F5      	MOVWF      R4+1
0x014A	0x208C      	CALL       _Div_16x16_S
0x014B	0x0878      	MOVF       R8, 0
0x014C	0x00F0      	MOVWF      R0
0x014D	0x0879      	MOVF       R8+1, 0
0x014E	0x00F1      	MOVWF      R0+1
0x014F	0x0870      	MOVF       R0, 0
0x0150	0x00A8      	MOVWF      _led_r2+2
;main.c,104 :: 		}
L_end_seg7Print_led2:
0x0151	0x0008      	RETURN
; end of _seg7Print_led2
_EEPROM_WriteByte:
;u_eeprom.c,3 :: 		void EEPROM_WriteByte(unsigned char eepromAddress, unsigned char eepromData) {
;u_eeprom.c,6 :: 		EEADR = eepromAddress;
0x0152	0x1283      	BCF        STATUS, 5
0x0153	0x1303      	BCF        STATUS, 6
0x0154	0x083B      	MOVF       FARG_EEPROM_WriteByte_eepromAddress, 0
0x0155	0x1703      	BSF        STATUS, 6
0x0156	0x008D      	MOVWF      EEADR
;u_eeprom.c,7 :: 		EEDATA = eepromData;
0x0157	0x1303      	BCF        STATUS, 6
0x0158	0x083C      	MOVF       FARG_EEPROM_WriteByte_eepromData, 0
0x0159	0x1703      	BSF        STATUS, 6
0x015A	0x008C      	MOVWF      EEDATA
;u_eeprom.c,8 :: 		EECON1.EEPGD = 0;
0x015B	0x1683      	BSF        STATUS, 5
0x015C	0x138C      	BCF        EECON1, 7
;u_eeprom.c,9 :: 		EECON1.WREN = 1;
0x015D	0x150C      	BSF        EECON1, 2
;u_eeprom.c,10 :: 		INTCON_SAVE = INTCON;
0x015E	0x080B      	MOVF       INTCON, 0
0x015F	0x00F0      	MOVWF      R0
;u_eeprom.c,11 :: 		INTCON = 0;
0x0160	0x018B      	CLRF       INTCON
;u_eeprom.c,12 :: 		EECON2 = 0x55;
0x0161	0x3055      	MOVLW      85
0x0162	0x008D      	MOVWF      EECON2
;u_eeprom.c,13 :: 		EECON2 = 0xaa;
0x0163	0x30AA      	MOVLW      170
0x0164	0x008D      	MOVWF      EECON2
;u_eeprom.c,14 :: 		EECON1.WR = 1;
0x0165	0x148C      	BSF        EECON1, 1
;u_eeprom.c,15 :: 		INTCON = INTCON_SAVE;
0x0166	0x0870      	MOVF       R0, 0
0x0167	0x008B      	MOVWF      INTCON
;u_eeprom.c,16 :: 		EECON1.WREN = 0;
0x0168	0x110C      	BCF        EECON1, 2
;u_eeprom.c,17 :: 		while (PIR2.EEIF == 0)
L_EEPROM_WriteByte0:
0x0169	0x1283      	BCF        STATUS, 5
0x016A	0x1303      	BCF        STATUS, 6
0x016B	0x1A0D      	BTFSC      PIR2, 4
0x016C	0x296E      	GOTO       L_EEPROM_WriteByte1
;u_eeprom.c,19 :: 		}
0x016D	0x2969      	GOTO       L_EEPROM_WriteByte0
L_EEPROM_WriteByte1:
;u_eeprom.c,20 :: 		PIR2.EEIF = 0;
0x016E	0x120D      	BCF        PIR2, 4
;u_eeprom.c,21 :: 		}
L_end_EEPROM_WriteByte:
0x016F	0x0008      	RETURN
; end of _EEPROM_WriteByte
_stage:
;main.c,106 :: 		void stage() {
;main.c,107 :: 		while (setup_stage == 0) {
L_stage8:
0x0170	0x1283      	BCF        STATUS, 5
0x0171	0x1303      	BCF        STATUS, 6
0x0172	0x082C      	MOVF       _setup_stage, 0
0x0173	0x3A00      	XORLW      0
0x0174	0x1D03      	BTFSS      STATUS, 2
0x0175	0x2A3B      	GOTO       L_stage9
;main.c,108 :: 		led_r1[0] = stage_stt;        led_r1[1] = d_letter;        led_r1[2] = g_letter;
0x0176	0x0831      	MOVF       _stage_stt, 0
0x0177	0x00A9      	MOVWF      _led_r1
0x0178	0x300B      	MOVLW      11
0x0179	0x00AA      	MOVWF      _led_r1+1
0x017A	0x300C      	MOVLW      12
0x017B	0x00AB      	MOVWF      _led_r1+2
;main.c,109 :: 		while ((ready_stt == 1) && (mode_button == 0) &&(down_button == 0) && (run_button == 0) && (up_button == 0) &&(stage_stt == 1)) {
L_stage10:
0x017C	0x1D39      	BTFSS      _ready_stt, BitPos(_ready_stt+0)
0x017D	0x29CA      	GOTO       L_stage11
0x017E	0x1B08      	BTFSC      PORTD, 6
0x017F	0x29CA      	GOTO       L_stage11
0x0180	0x1A88      	BTFSC      PORTD, 5
0x0181	0x29CA      	GOTO       L_stage11
0x0182	0x1B88      	BTFSC      PORTD, 7
0x0183	0x29CA      	GOTO       L_stage11
0x0184	0x1A08      	BTFSC      PORTD, 4
0x0185	0x29CA      	GOTO       L_stage11
0x0186	0x0831      	MOVF       _stage_stt, 0
0x0187	0x3A01      	XORLW      1
0x0188	0x1D03      	BTFSS      STATUS, 2
0x0189	0x29CA      	GOTO       L_stage11
L__stage128:
;main.c,110 :: 		led_r2[0] = sub_letter;    led_r2[1] = 10;            led_r2[2] = 10;
0x018A	0x3013      	MOVLW      19
0x018B	0x00A6      	MOVWF      _led_r2
0x018C	0x300A      	MOVLW      10
0x018D	0x00A7      	MOVWF      _led_r2+1
0x018E	0x300A      	MOVLW      10
0x018F	0x00A8      	MOVWF      _led_r2+2
;main.c,111 :: 		delay_ms(20);
0x0190	0x3034      	MOVLW      52
0x0191	0x00FC      	MOVWF      R12
0x0192	0x30F1      	MOVLW      241
0x0193	0x00FD      	MOVWF      R13
L_stage14:
0x0194	0x0BFD      	DECFSZ     R13, 1
0x0195	0x2994      	GOTO       L_stage14
0x0196	0x0BFC      	DECFSZ     R12, 1
0x0197	0x2994      	GOTO       L_stage14
0x0198	0x0000      	NOP
0x0199	0x0000      	NOP
;main.c,112 :: 		led_r2[0] = 10;            led_r2[1] = sub_letter;    led_r2[2] = 10;
0x019A	0x300A      	MOVLW      10
0x019B	0x00A6      	MOVWF      _led_r2
0x019C	0x3013      	MOVLW      19
0x019D	0x00A7      	MOVWF      _led_r2+1
0x019E	0x300A      	MOVLW      10
0x019F	0x00A8      	MOVWF      _led_r2+2
;main.c,113 :: 		delay_ms(20);
0x01A0	0x3034      	MOVLW      52
0x01A1	0x00FC      	MOVWF      R12
0x01A2	0x30F1      	MOVLW      241
0x01A3	0x00FD      	MOVWF      R13
L_stage15:
0x01A4	0x0BFD      	DECFSZ     R13, 1
0x01A5	0x29A4      	GOTO       L_stage15
0x01A6	0x0BFC      	DECFSZ     R12, 1
0x01A7	0x29A4      	GOTO       L_stage15
0x01A8	0x0000      	NOP
0x01A9	0x0000      	NOP
;main.c,114 :: 		led_r2[0] = 10;            led_r2[1] = 10;            led_r2[2] = sub_letter;
0x01AA	0x300A      	MOVLW      10
0x01AB	0x00A6      	MOVWF      _led_r2
0x01AC	0x300A      	MOVLW      10
0x01AD	0x00A7      	MOVWF      _led_r2+1
0x01AE	0x3013      	MOVLW      19
0x01AF	0x00A8      	MOVWF      _led_r2+2
;main.c,115 :: 		delay_ms(20);
0x01B0	0x3034      	MOVLW      52
0x01B1	0x00FC      	MOVWF      R12
0x01B2	0x30F1      	MOVLW      241
0x01B3	0x00FD      	MOVWF      R13
L_stage16:
0x01B4	0x0BFD      	DECFSZ     R13, 1
0x01B5	0x29B4      	GOTO       L_stage16
0x01B6	0x0BFC      	DECFSZ     R12, 1
0x01B7	0x29B4      	GOTO       L_stage16
0x01B8	0x0000      	NOP
0x01B9	0x0000      	NOP
;main.c,116 :: 		led_r2[0] = 10;            led_r2[1] = 10;            led_r2[2] = 10;
0x01BA	0x300A      	MOVLW      10
0x01BB	0x00A6      	MOVWF      _led_r2
0x01BC	0x300A      	MOVLW      10
0x01BD	0x00A7      	MOVWF      _led_r2+1
0x01BE	0x300A      	MOVLW      10
0x01BF	0x00A8      	MOVWF      _led_r2+2
;main.c,117 :: 		delay_ms(10);
0x01C0	0x301A      	MOVLW      26
0x01C1	0x00FC      	MOVWF      R12
0x01C2	0x30F8      	MOVLW      248
0x01C3	0x00FD      	MOVWF      R13
L_stage17:
0x01C4	0x0BFD      	DECFSZ     R13, 1
0x01C5	0x29C4      	GOTO       L_stage17
0x01C6	0x0BFC      	DECFSZ     R12, 1
0x01C7	0x29C4      	GOTO       L_stage17
0x01C8	0x0000      	NOP
;main.c,118 :: 		}
0x01C9	0x297C      	GOTO       L_stage10
L_stage11:
;main.c,119 :: 		if ((ready_stt == 1) && (stage_stt != 1)) {
0x01CA	0x1D39      	BTFSS      _ready_stt, BitPos(_ready_stt+0)
0x01CB	0x29D6      	GOTO       L_stage20
0x01CC	0x0831      	MOVF       _stage_stt, 0
0x01CD	0x3A01      	XORLW      1
0x01CE	0x1903      	BTFSC      STATUS, 2
0x01CF	0x29D6      	GOTO       L_stage20
L__stage127:
;main.c,120 :: 		led_r2[0] = 10;            led_r2[1] = 10;            led_r2[2] = 10;
0x01D0	0x300A      	MOVLW      10
0x01D1	0x00A6      	MOVWF      _led_r2
0x01D2	0x300A      	MOVLW      10
0x01D3	0x00A7      	MOVWF      _led_r2+1
0x01D4	0x300A      	MOVLW      10
0x01D5	0x00A8      	MOVWF      _led_r2+2
;main.c,121 :: 		}
L_stage20:
;main.c,122 :: 		if (ready_stt == 0) {
0x01D6	0x1939      	BTFSC      _ready_stt, BitPos(_ready_stt+0)
0x01D7	0x29DE      	GOTO       L_stage21
;main.c,123 :: 		led_r2[0] = 10;            led_r2[1] = 10;            led_r2[2] = 10;
0x01D8	0x300A      	MOVLW      10
0x01D9	0x00A6      	MOVWF      _led_r2
0x01DA	0x300A      	MOVLW      10
0x01DB	0x00A7      	MOVWF      _led_r2+1
0x01DC	0x300A      	MOVLW      10
0x01DD	0x00A8      	MOVWF      _led_r2+2
;main.c,124 :: 		}
L_stage21:
;main.c,126 :: 		if ((mode_button == 1)&&(ready_stt == 0)) {
0x01DE	0x1F08      	BTFSS      PORTD, 6
0x01DF	0x29F6      	GOTO       L_stage24
0x01E0	0x1939      	BTFSC      _ready_stt, BitPos(_ready_stt+0)
0x01E1	0x29F6      	GOTO       L_stage24
L__stage126:
;main.c,127 :: 		delay_ms(10);
0x01E2	0x301A      	MOVLW      26
0x01E3	0x00FC      	MOVWF      R12
0x01E4	0x30F8      	MOVLW      248
0x01E5	0x00FD      	MOVWF      R13
L_stage25:
0x01E6	0x0BFD      	DECFSZ     R13, 1
0x01E7	0x29E6      	GOTO       L_stage25
0x01E8	0x0BFC      	DECFSZ     R12, 1
0x01E9	0x29E6      	GOTO       L_stage25
0x01EA	0x0000      	NOP
;main.c,128 :: 		if (mode_button == 1) {
0x01EB	0x1F08      	BTFSS      PORTD, 6
0x01EC	0x29F6      	GOTO       L_stage26
;main.c,129 :: 		setup_stage++;
0x01ED	0x0AAC      	INCF       _setup_stage, 1
;main.c,130 :: 		if (setup_stage == 3)
0x01EE	0x082C      	MOVF       _setup_stage, 0
0x01EF	0x3A03      	XORLW      3
0x01F0	0x1D03      	BTFSS      STATUS, 2
0x01F1	0x29F3      	GOTO       L_stage27
;main.c,131 :: 		setup_stage = 0;
0x01F2	0x01AC      	CLRF       _setup_stage
L_stage27:
;main.c,132 :: 		while (mode_button == 1);
L_stage28:
0x01F3	0x1F08      	BTFSS      PORTD, 6
0x01F4	0x29F6      	GOTO       L_stage29
0x01F5	0x29F3      	GOTO       L_stage28
L_stage29:
;main.c,133 :: 		}
L_stage26:
;main.c,134 :: 		}
L_stage24:
;main.c,136 :: 		if ((down_button == 1)&&(stage_stt == 1)) {
0x01F6	0x1E88      	BTFSS      PORTD, 5
0x01F7	0x2A0C      	GOTO       L_stage32
0x01F8	0x0831      	MOVF       _stage_stt, 0
0x01F9	0x3A01      	XORLW      1
0x01FA	0x1D03      	BTFSS      STATUS, 2
0x01FB	0x2A0C      	GOTO       L_stage32
L__stage125:
;main.c,137 :: 		delay_ms(10);
0x01FC	0x301A      	MOVLW      26
0x01FD	0x00FC      	MOVWF      R12
0x01FE	0x30F8      	MOVLW      248
0x01FF	0x00FD      	MOVWF      R13
L_stage33:
0x0200	0x0BFD      	DECFSZ     R13, 1
0x0201	0x2A00      	GOTO       L_stage33
0x0202	0x0BFC      	DECFSZ     R12, 1
0x0203	0x2A00      	GOTO       L_stage33
0x0204	0x0000      	NOP
;main.c,138 :: 		if (down_button == 1) {
0x0205	0x1E88      	BTFSS      PORTD, 5
0x0206	0x2A0C      	GOTO       L_stage34
;main.c,139 :: 		ready_stt = ~ready_stt;
0x0207	0x3004      	MOVLW      4
0x0208	0x06B9      	XORWF      _ready_stt, 1
;main.c,140 :: 		while (down_button == 1);
L_stage35:
0x0209	0x1E88      	BTFSS      PORTD, 5
0x020A	0x2A0C      	GOTO       L_stage36
0x020B	0x2A09      	GOTO       L_stage35
L_stage36:
;main.c,141 :: 		}
L_stage34:
;main.c,142 :: 		}
L_stage32:
;main.c,144 :: 		if ((run_button == 1) && (ready_stt == 1)) {
0x020C	0x1F88      	BTFSS      PORTD, 7
0x020D	0x2A21      	GOTO       L_stage39
0x020E	0x1D39      	BTFSS      _ready_stt, BitPos(_ready_stt+0)
0x020F	0x2A21      	GOTO       L_stage39
L__stage124:
;main.c,145 :: 		delay_ms(10);
0x0210	0x301A      	MOVLW      26
0x0211	0x00FC      	MOVWF      R12
0x0212	0x30F8      	MOVLW      248
0x0213	0x00FD      	MOVWF      R13
L_stage40:
0x0214	0x0BFD      	DECFSZ     R13, 1
0x0215	0x2A14      	GOTO       L_stage40
0x0216	0x0BFC      	DECFSZ     R12, 1
0x0217	0x2A14      	GOTO       L_stage40
0x0218	0x0000      	NOP
;main.c,146 :: 		if (run_button == 1) {
0x0219	0x1F88      	BTFSS      PORTD, 7
0x021A	0x2A21      	GOTO       L_stage41
;main.c,147 :: 		setup_stage = 5;
0x021B	0x3005      	MOVLW      5
0x021C	0x00AC      	MOVWF      _setup_stage
;main.c,148 :: 		run = 1;
0x021D	0x15B9      	BSF        _run, BitPos(_run+0)
;main.c,149 :: 		while (run_button == 1);
L_stage42:
0x021E	0x1F88      	BTFSS      PORTD, 7
0x021F	0x2A21      	GOTO       L_stage43
0x0220	0x2A1E      	GOTO       L_stage42
L_stage43:
;main.c,150 :: 		}
L_stage41:
;main.c,151 :: 		}
L_stage39:
;main.c,153 :: 		if ((up_button == 1) && (ready_stt == 0)) {
0x0221	0x1E08      	BTFSS      PORTD, 4
0x0222	0x2A3A      	GOTO       L_stage46
0x0223	0x1939      	BTFSC      _ready_stt, BitPos(_ready_stt+0)
0x0224	0x2A3A      	GOTO       L_stage46
L__stage123:
;main.c,154 :: 		delay_ms(10);
0x0225	0x301A      	MOVLW      26
0x0226	0x00FC      	MOVWF      R12
0x0227	0x30F8      	MOVLW      248
0x0228	0x00FD      	MOVWF      R13
L_stage47:
0x0229	0x0BFD      	DECFSZ     R13, 1
0x022A	0x2A29      	GOTO       L_stage47
0x022B	0x0BFC      	DECFSZ     R12, 1
0x022C	0x2A29      	GOTO       L_stage47
0x022D	0x0000      	NOP
;main.c,155 :: 		if (up_button == 1) {
0x022E	0x1E08      	BTFSS      PORTD, 4
0x022F	0x2A3A      	GOTO       L_stage48
;main.c,156 :: 		stage_stt++;
0x0230	0x0AB1      	INCF       _stage_stt, 1
;main.c,157 :: 		if (stage_stt == 6)
0x0231	0x0831      	MOVF       _stage_stt, 0
0x0232	0x3A06      	XORLW      6
0x0233	0x1D03      	BTFSS      STATUS, 2
0x0234	0x2A37      	GOTO       L_stage49
;main.c,158 :: 		stage_stt = 1;
0x0235	0x3001      	MOVLW      1
0x0236	0x00B1      	MOVWF      _stage_stt
L_stage49:
;main.c,159 :: 		while (up_button == 1);
L_stage50:
0x0237	0x1E08      	BTFSS      PORTD, 4
0x0238	0x2A3A      	GOTO       L_stage51
0x0239	0x2A37      	GOTO       L_stage50
L_stage51:
;main.c,160 :: 		}
L_stage48:
;main.c,161 :: 		}
L_stage46:
;main.c,162 :: 		}
0x023A	0x2970      	GOTO       L_stage8
L_stage9:
;main.c,166 :: 		while (setup_stage == 1) {
L_stage52:
0x023B	0x082C      	MOVF       _setup_stage, 0
0x023C	0x3A01      	XORLW      1
0x023D	0x1D03      	BTFSS      STATUS, 2
0x023E	0x2AAF      	GOTO       L_stage53
;main.c,167 :: 		led_r1[0] = 9;
0x023F	0x3009      	MOVLW      9
0x0240	0x00A9      	MOVWF      _led_r1
;main.c,168 :: 		led_r1[1] = h_letter;
0x0241	0x300E      	MOVLW      14
0x0242	0x00AA      	MOVWF      _led_r1+1
;main.c,169 :: 		led_r1[2] = t_letter;
0x0243	0x300D      	MOVLW      13
0x0244	0x00AB      	MOVWF      _led_r1+2
;main.c,170 :: 		seg7Print_led2(time_setup);
0x0245	0x0833      	MOVF       _time_setup, 0
0x0246	0x00BB      	MOVWF      FARG_seg7Print_led2_number
0x0247	0x01BC      	CLRF       FARG_seg7Print_led2_number+1
0x0248	0x2108      	CALL       _seg7Print_led2
;main.c,171 :: 		time_setup = EEPROM_ReadByte(stage_stt);
0x0249	0x0831      	MOVF       _stage_stt, 0
0x024A	0x00BB      	MOVWF      FARG_EEPROM_ReadByte_eepromAddress
0x024B	0x20F5      	CALL       _EEPROM_ReadByte
0x024C	0x0870      	MOVF       R0, 0
0x024D	0x1303      	BCF        STATUS, 6
0x024E	0x00B3      	MOVWF      _time_setup
;main.c,172 :: 		if (up_button == 1) {
0x024F	0x1E08      	BTFSS      PORTD, 4
0x0250	0x2A74      	GOTO       L_stage54
;main.c,173 :: 		delay_ms(10);
0x0251	0x301A      	MOVLW      26
0x0252	0x00FC      	MOVWF      R12
0x0253	0x30F8      	MOVLW      248
0x0254	0x00FD      	MOVWF      R13
L_stage55:
0x0255	0x0BFD      	DECFSZ     R13, 1
0x0256	0x2A55      	GOTO       L_stage55
0x0257	0x0BFC      	DECFSZ     R12, 1
0x0258	0x2A55      	GOTO       L_stage55
0x0259	0x0000      	NOP
;main.c,174 :: 		while (up_button == 1) {
L_stage56:
0x025A	0x1E08      	BTFSS      PORTD, 4
0x025B	0x2A74      	GOTO       L_stage57
;main.c,175 :: 		time_setup++;
0x025C	0x0AB3      	INCF       _time_setup, 1
;main.c,176 :: 		delay_ms(60);
0x025D	0x309C      	MOVLW      156
0x025E	0x00FC      	MOVWF      R12
0x025F	0x30D7      	MOVLW      215
0x0260	0x00FD      	MOVWF      R13
L_stage58:
0x0261	0x0BFD      	DECFSZ     R13, 1
0x0262	0x2A61      	GOTO       L_stage58
0x0263	0x0BFC      	DECFSZ     R12, 1
0x0264	0x2A61      	GOTO       L_stage58
;main.c,177 :: 		if (time_setup > 200)
0x0265	0x0833      	MOVF       _time_setup, 0
0x0266	0x3CC8      	SUBLW      200
0x0267	0x1803      	BTFSC      STATUS, 0
0x0268	0x2A6A      	GOTO       L_stage59
;main.c,178 :: 		time_setup = 0;
0x0269	0x01B3      	CLRF       _time_setup
L_stage59:
;main.c,179 :: 		EEPROM_WriteByte(stage_stt, time_setup);
0x026A	0x0831      	MOVF       _stage_stt, 0
0x026B	0x00BB      	MOVWF      FARG_EEPROM_WriteByte_eepromAddress
0x026C	0x0833      	MOVF       _time_setup, 0
0x026D	0x00BC      	MOVWF      FARG_EEPROM_WriteByte_eepromData
0x026E	0x2152      	CALL       _EEPROM_WriteByte
;main.c,180 :: 		seg7Print_led2(time_setup);
0x026F	0x0833      	MOVF       _time_setup, 0
0x0270	0x00BB      	MOVWF      FARG_seg7Print_led2_number
0x0271	0x01BC      	CLRF       FARG_seg7Print_led2_number+1
0x0272	0x2108      	CALL       _seg7Print_led2
;main.c,182 :: 		}
0x0273	0x2A5A      	GOTO       L_stage56
L_stage57:
;main.c,183 :: 		}
L_stage54:
;main.c,185 :: 		if (down_button == 1) {
0x0274	0x1E88      	BTFSS      PORTD, 5
0x0275	0x2A98      	GOTO       L_stage60
;main.c,186 :: 		delay_ms(10);
0x0276	0x301A      	MOVLW      26
0x0277	0x00FC      	MOVWF      R12
0x0278	0x30F8      	MOVLW      248
0x0279	0x00FD      	MOVWF      R13
L_stage61:
0x027A	0x0BFD      	DECFSZ     R13, 1
0x027B	0x2A7A      	GOTO       L_stage61
0x027C	0x0BFC      	DECFSZ     R12, 1
0x027D	0x2A7A      	GOTO       L_stage61
0x027E	0x0000      	NOP
;main.c,187 :: 		if (down_button == 1) {
0x027F	0x1E88      	BTFSS      PORTD, 5
0x0280	0x2A98      	GOTO       L_stage62
;main.c,188 :: 		time_setup--;
0x0281	0x03B3      	DECF       _time_setup, 1
;main.c,189 :: 		delay_ms(60);
0x0282	0x309C      	MOVLW      156
0x0283	0x00FC      	MOVWF      R12
0x0284	0x30D7      	MOVLW      215
0x0285	0x00FD      	MOVWF      R13
L_stage63:
0x0286	0x0BFD      	DECFSZ     R13, 1
0x0287	0x2A86      	GOTO       L_stage63
0x0288	0x0BFC      	DECFSZ     R12, 1
0x0289	0x2A86      	GOTO       L_stage63
;main.c,190 :: 		if (time_setup == 255)
0x028A	0x0833      	MOVF       _time_setup, 0
0x028B	0x3AFF      	XORLW      255
0x028C	0x1D03      	BTFSS      STATUS, 2
0x028D	0x2A8F      	GOTO       L_stage64
;main.c,191 :: 		time_setup = 0;
0x028E	0x01B3      	CLRF       _time_setup
L_stage64:
;main.c,192 :: 		EEPROM_WriteByte(stage_stt, time_setup);
0x028F	0x0831      	MOVF       _stage_stt, 0
0x0290	0x00BB      	MOVWF      FARG_EEPROM_WriteByte_eepromAddress
0x0291	0x0833      	MOVF       _time_setup, 0
0x0292	0x00BC      	MOVWF      FARG_EEPROM_WriteByte_eepromData
0x0293	0x2152      	CALL       _EEPROM_WriteByte
;main.c,193 :: 		seg7Print_led2(time_setup);
0x0294	0x0833      	MOVF       _time_setup, 0
0x0295	0x00BB      	MOVWF      FARG_seg7Print_led2_number
0x0296	0x01BC      	CLRF       FARG_seg7Print_led2_number+1
0x0297	0x2108      	CALL       _seg7Print_led2
;main.c,194 :: 		}
L_stage62:
;main.c,195 :: 		}
L_stage60:
;main.c,197 :: 		if (mode_button == 1) {
0x0298	0x1F08      	BTFSS      PORTD, 6
0x0299	0x2AAE      	GOTO       L_stage65
;main.c,198 :: 		delay_ms(10);
0x029A	0x301A      	MOVLW      26
0x029B	0x00FC      	MOVWF      R12
0x029C	0x30F8      	MOVLW      248
0x029D	0x00FD      	MOVWF      R13
L_stage66:
0x029E	0x0BFD      	DECFSZ     R13, 1
0x029F	0x2A9E      	GOTO       L_stage66
0x02A0	0x0BFC      	DECFSZ     R12, 1
0x02A1	0x2A9E      	GOTO       L_stage66
0x02A2	0x0000      	NOP
;main.c,199 :: 		if (mode_button == 1) {
0x02A3	0x1F08      	BTFSS      PORTD, 6
0x02A4	0x2AAE      	GOTO       L_stage67
;main.c,200 :: 		setup_stage++;
0x02A5	0x0AAC      	INCF       _setup_stage, 1
;main.c,201 :: 		if (setup_stage == 3)
0x02A6	0x082C      	MOVF       _setup_stage, 0
0x02A7	0x3A03      	XORLW      3
0x02A8	0x1D03      	BTFSS      STATUS, 2
0x02A9	0x2AAB      	GOTO       L_stage68
;main.c,202 :: 		setup_stage = 0;
0x02AA	0x01AC      	CLRF       _setup_stage
L_stage68:
;main.c,203 :: 		while (mode_button == 1);
L_stage69:
0x02AB	0x1F08      	BTFSS      PORTD, 6
0x02AC	0x2AAE      	GOTO       L_stage70
0x02AD	0x2AAB      	GOTO       L_stage69
L_stage70:
;main.c,204 :: 		}
L_stage67:
;main.c,205 :: 		}
L_stage65:
;main.c,206 :: 		}
0x02AE	0x2A3B      	GOTO       L_stage52
L_stage53:
;main.c,209 :: 		while (setup_stage == 2) {
L_stage71:
0x02AF	0x082C      	MOVF       _setup_stage, 0
0x02B0	0x3A02      	XORLW      2
0x02B1	0x1D03      	BTFSS      STATUS, 2
0x02B2	0x2B14      	GOTO       L_stage72
;main.c,210 :: 		led_r1[0] = o_letter;
0x02B3	0x3011      	MOVLW      17
0x02B4	0x00A9      	MOVWF      _led_r1
;main.c,211 :: 		led_r1[1] = d_letter;
0x02B5	0x300B      	MOVLW      11
0x02B6	0x00AA      	MOVWF      _led_r1+1
;main.c,212 :: 		led_r1[2] = c_letter;
0x02B7	0x3010      	MOVLW      16
0x02B8	0x00AB      	MOVWF      _led_r1+2
;main.c,213 :: 		seg7Print_led2(level_run);
0x02B9	0x0832      	MOVF       _level_run, 0
0x02BA	0x00BB      	MOVWF      FARG_seg7Print_led2_number
0x02BB	0x01BC      	CLRF       FARG_seg7Print_led2_number+1
0x02BC	0x2108      	CALL       _seg7Print_led2
;main.c,214 :: 		level_run = EEPROM_ReadByte(stage_stt + 5);
0x02BD	0x3005      	MOVLW      5
0x02BE	0x0731      	ADDWF      _stage_stt, 0
0x02BF	0x00BB      	MOVWF      FARG_EEPROM_ReadByte_eepromAddress
0x02C0	0x20F5      	CALL       _EEPROM_ReadByte
0x02C1	0x0870      	MOVF       R0, 0
0x02C2	0x1303      	BCF        STATUS, 6
0x02C3	0x00B2      	MOVWF      _level_run
;main.c,215 :: 		if (up_button == 1) {
0x02C4	0x1E08      	BTFSS      PORTD, 4
0x02C5	0x2AE0      	GOTO       L_stage73
;main.c,216 :: 		delay_ms(10);
0x02C6	0x301A      	MOVLW      26
0x02C7	0x00FC      	MOVWF      R12
0x02C8	0x30F8      	MOVLW      248
0x02C9	0x00FD      	MOVWF      R13
L_stage74:
0x02CA	0x0BFD      	DECFSZ     R13, 1
0x02CB	0x2ACA      	GOTO       L_stage74
0x02CC	0x0BFC      	DECFSZ     R12, 1
0x02CD	0x2ACA      	GOTO       L_stage74
0x02CE	0x0000      	NOP
;main.c,217 :: 		if (up_button == 1) {
0x02CF	0x1E08      	BTFSS      PORTD, 4
0x02D0	0x2AE0      	GOTO       L_stage75
;main.c,218 :: 		level_run++;
0x02D1	0x0AB2      	INCF       _level_run, 1
;main.c,219 :: 		if (level_run > 3)
0x02D2	0x0832      	MOVF       _level_run, 0
0x02D3	0x3C03      	SUBLW      3
0x02D4	0x1803      	BTFSC      STATUS, 0
0x02D5	0x2AD7      	GOTO       L_stage76
;main.c,220 :: 		level_run = 0;
0x02D6	0x01B2      	CLRF       _level_run
L_stage76:
;main.c,221 :: 		EEPROM_WriteByte(stage_stt + 5, level_run);
0x02D7	0x3005      	MOVLW      5
0x02D8	0x0731      	ADDWF      _stage_stt, 0
0x02D9	0x00BB      	MOVWF      FARG_EEPROM_WriteByte_eepromAddress
0x02DA	0x0832      	MOVF       _level_run, 0
0x02DB	0x00BC      	MOVWF      FARG_EEPROM_WriteByte_eepromData
0x02DC	0x2152      	CALL       _EEPROM_WriteByte
;main.c,222 :: 		while (up_button == 1);
L_stage77:
0x02DD	0x1E08      	BTFSS      PORTD, 4
0x02DE	0x2AE0      	GOTO       L_stage78
0x02DF	0x2ADD      	GOTO       L_stage77
L_stage78:
;main.c,223 :: 		}
L_stage75:
;main.c,224 :: 		}
L_stage73:
;main.c,226 :: 		if (down_button == 1) {
0x02E0	0x1E88      	BTFSS      PORTD, 5
0x02E1	0x2AFD      	GOTO       L_stage79
;main.c,227 :: 		delay_ms(10);
0x02E2	0x301A      	MOVLW      26
0x02E3	0x00FC      	MOVWF      R12
0x02E4	0x30F8      	MOVLW      248
0x02E5	0x00FD      	MOVWF      R13
L_stage80:
0x02E6	0x0BFD      	DECFSZ     R13, 1
0x02E7	0x2AE6      	GOTO       L_stage80
0x02E8	0x0BFC      	DECFSZ     R12, 1
0x02E9	0x2AE6      	GOTO       L_stage80
0x02EA	0x0000      	NOP
;main.c,228 :: 		if (down_button == 1) {
0x02EB	0x1E88      	BTFSS      PORTD, 5
0x02EC	0x2AFD      	GOTO       L_stage81
;main.c,229 :: 		level_run--;
0x02ED	0x03B2      	DECF       _level_run, 1
;main.c,230 :: 		if (level_run == 255)
0x02EE	0x0832      	MOVF       _level_run, 0
0x02EF	0x3AFF      	XORLW      255
0x02F0	0x1D03      	BTFSS      STATUS, 2
0x02F1	0x2AF4      	GOTO       L_stage82
;main.c,231 :: 		level_run = 3;
0x02F2	0x3003      	MOVLW      3
0x02F3	0x00B2      	MOVWF      _level_run
L_stage82:
;main.c,232 :: 		EEPROM_WriteByte(stage_stt + 5, level_run);
0x02F4	0x3005      	MOVLW      5
0x02F5	0x0731      	ADDWF      _stage_stt, 0
0x02F6	0x00BB      	MOVWF      FARG_EEPROM_WriteByte_eepromAddress
0x02F7	0x0832      	MOVF       _level_run, 0
0x02F8	0x00BC      	MOVWF      FARG_EEPROM_WriteByte_eepromData
0x02F9	0x2152      	CALL       _EEPROM_WriteByte
;main.c,233 :: 		while (down_button == 1);
L_stage83:
0x02FA	0x1E88      	BTFSS      PORTD, 5
0x02FB	0x2AFD      	GOTO       L_stage84
0x02FC	0x2AFA      	GOTO       L_stage83
L_stage84:
;main.c,234 :: 		}
L_stage81:
;main.c,235 :: 		}
L_stage79:
;main.c,236 :: 		if (mode_button == 1) {
0x02FD	0x1F08      	BTFSS      PORTD, 6
0x02FE	0x2B13      	GOTO       L_stage85
;main.c,237 :: 		delay_ms(10);
0x02FF	0x301A      	MOVLW      26
0x0300	0x00FC      	MOVWF      R12
0x0301	0x30F8      	MOVLW      248
0x0302	0x00FD      	MOVWF      R13
L_stage86:
0x0303	0x0BFD      	DECFSZ     R13, 1
0x0304	0x2B03      	GOTO       L_stage86
0x0305	0x0BFC      	DECFSZ     R12, 1
0x0306	0x2B03      	GOTO       L_stage86
0x0307	0x0000      	NOP
;main.c,238 :: 		if (mode_button == 1) {
0x0308	0x1F08      	BTFSS      PORTD, 6
0x0309	0x2B13      	GOTO       L_stage87
;main.c,239 :: 		setup_stage++;
0x030A	0x0AAC      	INCF       _setup_stage, 1
;main.c,240 :: 		if (setup_stage == 3)
0x030B	0x082C      	MOVF       _setup_stage, 0
0x030C	0x3A03      	XORLW      3
0x030D	0x1D03      	BTFSS      STATUS, 2
0x030E	0x2B10      	GOTO       L_stage88
;main.c,241 :: 		setup_stage = 0;
0x030F	0x01AC      	CLRF       _setup_stage
L_stage88:
;main.c,242 :: 		while (mode_button == 1);
L_stage89:
0x0310	0x1F08      	BTFSS      PORTD, 6
0x0311	0x2B13      	GOTO       L_stage90
0x0312	0x2B10      	GOTO       L_stage89
L_stage90:
;main.c,243 :: 		}
L_stage87:
;main.c,244 :: 		}
L_stage85:
;main.c,245 :: 		}
0x0313	0x2AAF      	GOTO       L_stage71
L_stage72:
;main.c,246 :: 		}
L_end_stage:
0x0314	0x0008      	RETURN
; end of _stage
_init_external:
;init.c,35 :: 		void init_external()
;init.c,37 :: 		INTCON.INTE = 1; // cho phep ngat chan B0
0x0315	0x160B      	BSF        INTCON, 4
;init.c,38 :: 		OPTION_REG.INTEDG = 0; // chon canh ngat o muc logic 0
0x0316	0x1683      	BSF        STATUS, 5
0x0317	0x1303      	BCF        STATUS, 6
0x0318	0x1301      	BCF        OPTION_REG, 6
;init.c,40 :: 		INTCON.INTF = 0; // co ngat chan B0 = 0
0x0319	0x108B      	BCF        INTCON, 1
;init.c,41 :: 		ANSELH.ANS12 = 0;
0x031A	0x1703      	BSF        STATUS, 6
0x031B	0x1209      	BCF        ANSELH, 4
;init.c,42 :: 		}
L_end_init_external:
0x031C	0x0008      	RETURN
; end of _init_external
___CC2DW:
;__Lib_System.c,134 :: 		
;__Lib_System.c,137 :: 		
_CC2D_Loop1:
;__Lib_System.c,139 :: 		
0x031D	0x2101      	CALL       _____DoICP
0x031E	0x118A      	BCF        PCLATH, 3
0x031F	0x120A      	BCF        PCLATH, 4
;__Lib_System.c,141 :: 		
0x0320	0x0080      	MOVWF      INDF
;__Lib_System.c,142 :: 		
0x0321	0x0A84      	INCF       FSR, 1
;__Lib_System.c,143 :: 		
0x0322	0x0AA4      	INCF       ___DoICPAddr, 1
;__Lib_System.c,145 :: 		
0x0323	0x1903      	BTFSC      STATUS, 2
;__Lib_System.c,146 :: 		
0x0324	0x0AA5      	INCF       ___DoICPAddr+1, 1
;__Lib_System.c,147 :: 		
0x0325	0x03F0      	DECF       R0, 1
;__Lib_System.c,149 :: 		
0x0326	0x1D03      	BTFSS      STATUS, 2
;__Lib_System.c,150 :: 		
0x0327	0x2B1D      	GOTO       _CC2D_Loop1
;__Lib_System.c,152 :: 		
L_end___CC2DW:
0x0328	0x0008      	RETURN
; end of ___CC2DW
_init_timer0:
;init.c,1 :: 		void init_timer0()
;init.c,3 :: 		ANSEL = 0; // Configure AN pins as digital
0x0329	0x1683      	BSF        STATUS, 5
0x032A	0x1703      	BSF        STATUS, 6
0x032B	0x0188      	CLRF       ANSEL
;init.c,4 :: 		ANSELH = 0;
0x032C	0x0189      	CLRF       ANSELH
;init.c,5 :: 		C1ON_bit = 0; // Disable comparators
0x032D	0x1283      	BCF        STATUS, 5
0x032E	0x1387      	BCF        C1ON_bit, BitPos(C1ON_bit+0)
;init.c,6 :: 		C2ON_bit = 0;
0x032F	0x1388      	BCF        C2ON_bit, BitPos(C2ON_bit+0)
;init.c,8 :: 		TRISC = 0x00U;
0x0330	0x1683      	BSF        STATUS, 5
0x0331	0x1303      	BCF        STATUS, 6
0x0332	0x0187      	CLRF       TRISC
;init.c,9 :: 		PORTC = 0x00U;
0x0333	0x1283      	BCF        STATUS, 5
0x0334	0x0187      	CLRF       PORTC
;init.c,11 :: 		TRISA = 0x00U;
0x0335	0x1683      	BSF        STATUS, 5
0x0336	0x0185      	CLRF       TRISA
;init.c,12 :: 		PORTA = 0x00U;
0x0337	0x1283      	BCF        STATUS, 5
0x0338	0x0185      	CLRF       PORTA
;init.c,14 :: 		TRISE = 0x00U;
0x0339	0x1683      	BSF        STATUS, 5
0x033A	0x0189      	CLRF       TRISE
;init.c,16 :: 		TRISB = 0x01;       //RB0 la input.
0x033B	0x3001      	MOVLW      1
0x033C	0x0086      	MOVWF      TRISB
;init.c,18 :: 		TRISD = 0xFF;
0x033D	0x30FF      	MOVLW      255
0x033E	0x0088      	MOVWF      TRISD
;init.c,21 :: 		OPTION_REG.T0CS = 0;    // xung den tu thach anh
0x033F	0x1281      	BCF        OPTION_REG, 5
;init.c,22 :: 		OPTION_REG.PSA  = 0;    // bo chia tan so duoc gan cho timer0
0x0340	0x1181      	BCF        OPTION_REG, 3
;init.c,24 :: 		OPTION_REG.PS0 = 0;
0x0341	0x1001      	BCF        OPTION_REG, 0
;init.c,25 :: 		OPTION_REG.PS1 = 1;    // 1 : 8*4
0x0342	0x1481      	BSF        OPTION_REG, 1
;init.c,26 :: 		OPTION_REG.PS2 = 0;
0x0343	0x1101      	BCF        OPTION_REG, 2
;init.c,28 :: 		TMR0 = 6;
0x0344	0x3006      	MOVLW      6
0x0345	0x1283      	BCF        STATUS, 5
0x0346	0x0081      	MOVWF      TMR0
;init.c,30 :: 		INTCON.T0IF = 0;
0x0347	0x110B      	BCF        INTCON, 2
;init.c,31 :: 		INTCON.T0IE = 1;    // cho phep ngat timer 0
0x0348	0x168B      	BSF        INTCON, 5
;init.c,32 :: 		INTCON.GIE  = 1;    // bat lai cac ngat
0x0349	0x178B      	BSF        INTCON, 7
;init.c,33 :: 		}
L_end_init_timer0:
0x034A	0x0008      	RETURN
; end of _init_timer0
_Led_Column2_ON:
;U_74HC595.c,50 :: 		void Led_Column2_ON()
;U_74HC595.c,52 :: 		LED_C1 = 0;
0x034B	0x1283      	BCF        STATUS, 5
0x034C	0x1303      	BCF        STATUS, 6
0x034D	0x1207      	BCF        PORTC, 4
;U_74HC595.c,53 :: 		LED_C2 = 1;
0x034E	0x1687      	BSF        PORTC, 5
;U_74HC595.c,54 :: 		LED_C3 = 0;
0x034F	0x1307      	BCF        PORTC, 6
;U_74HC595.c,55 :: 		}
L_end_Led_Column2_ON:
0x0350	0x0008      	RETURN
; end of _Led_Column2_ON
_HC595:
;U_74HC595.c,17 :: 		void HC595(unsigned short row1, unsigned short row2)
;U_74HC595.c,20 :: 		tam1 = ma_led[row2] ;
0x0351	0x1283      	BCF        STATUS, 5
0x0352	0x1303      	BCF        STATUS, 6
0x0353	0x0840      	MOVF       FARG_HC595_row2, 0
0x0354	0x3E7D      	ADDLW      _ma_led
0x0355	0x00F0      	MOVWF      R0
0x0356	0x3004      	MOVLW      hi_addr(_ma_led)
0x0357	0x1803      	BTFSC      STATUS, 0
0x0358	0x3E01      	ADDLW      1
0x0359	0x00F1      	MOVWF      R0+1
0x035A	0x0870      	MOVF       R0, 0
0x035B	0x00A4      	MOVWF      ___DoICPAddr
0x035C	0x0871      	MOVF       R0+1, 0
0x035D	0x00A5      	MOVWF      ___DoICPAddr+1
0x035E	0x2101      	CALL       _____DoICP
0x035F	0x118A      	BCF        PCLATH, 3
0x0360	0x120A      	BCF        PCLATH, 4
0x0361	0x00B6      	MOVWF      HC595_tam1_L0
;U_74HC595.c,21 :: 		tam2 = ma_led[row1] ;
0x0362	0x083F      	MOVF       FARG_HC595_row1, 0
0x0363	0x3E7D      	ADDLW      _ma_led
0x0364	0x00F0      	MOVWF      R0
0x0365	0x3004      	MOVLW      hi_addr(_ma_led)
0x0366	0x1803      	BTFSC      STATUS, 0
0x0367	0x3E01      	ADDLW      1
0x0368	0x00F1      	MOVWF      R0+1
0x0369	0x0870      	MOVF       R0, 0
0x036A	0x00A4      	MOVWF      ___DoICPAddr
0x036B	0x0871      	MOVF       R0+1, 0
0x036C	0x00A5      	MOVWF      ___DoICPAddr+1
0x036D	0x2101      	CALL       _____DoICP
0x036E	0x118A      	BCF        PCLATH, 3
0x036F	0x120A      	BCF        PCLATH, 4
0x0370	0x00B7      	MOVWF      HC595_tam2_L0
;U_74HC595.c,23 :: 		for (x=0; x<=7; ++x)
0x0371	0x01B8      	CLRF       HC595_x_L0
L_HC5950:
0x0372	0x0838      	MOVF       HC595_x_L0, 0
0x0373	0x3C07      	SUBLW      7
0x0374	0x1C03      	BTFSS      STATUS, 0
0x0375	0x2B82      	GOTO       L_HC5951
;U_74HC595.c,25 :: 		if (tam1 & 0x80) SHIFT_DATA = 1;
0x0376	0x1FB6      	BTFSS      HC595_tam1_L0, 7
0x0377	0x2B7A      	GOTO       L_HC5953
0x0378	0x1487      	BSF        PORTC, 1
0x0379	0x2B7B      	GOTO       L_HC5954
L_HC5953:
;U_74HC595.c,26 :: 		else SHIFT_DATA = 0;
0x037A	0x1087      	BCF        PORTC, 1
L_HC5954:
;U_74HC595.c,27 :: 		tam1 <<= 1;
0x037B	0x0DB6      	RLF        HC595_tam1_L0, 1
0x037C	0x1036      	BCF        HC595_tam1_L0, 0
;U_74HC595.c,28 :: 		SHIFT_CLOCK = 1;
0x037D	0x1507      	BSF        PORTC, 2
;U_74HC595.c,29 :: 		asm nop;
0x037E	0x0000      	NOP
;U_74HC595.c,30 :: 		SHIFT_CLOCK = 0;
0x037F	0x1107      	BCF        PORTC, 2
;U_74HC595.c,23 :: 		for (x=0; x<=7; ++x)
0x0380	0x0AB8      	INCF       HC595_x_L0, 1
;U_74HC595.c,31 :: 		}
0x0381	0x2B72      	GOTO       L_HC5950
L_HC5951:
;U_74HC595.c,32 :: 		for (x=0; x<=7; ++x)
0x0382	0x01B8      	CLRF       HC595_x_L0
L_HC5955:
0x0383	0x0838      	MOVF       HC595_x_L0, 0
0x0384	0x3C07      	SUBLW      7
0x0385	0x1C03      	BTFSS      STATUS, 0
0x0386	0x2B93      	GOTO       L_HC5956
;U_74HC595.c,34 :: 		if (tam2 & 0x80) SHIFT_DATA = 1;
0x0387	0x1FB7      	BTFSS      HC595_tam2_L0, 7
0x0388	0x2B8B      	GOTO       L_HC5958
0x0389	0x1487      	BSF        PORTC, 1
0x038A	0x2B8C      	GOTO       L_HC5959
L_HC5958:
;U_74HC595.c,35 :: 		else SHIFT_DATA = 0;
0x038B	0x1087      	BCF        PORTC, 1
L_HC5959:
;U_74HC595.c,36 :: 		tam2 <<= 1;
0x038C	0x0DB7      	RLF        HC595_tam2_L0, 1
0x038D	0x1037      	BCF        HC595_tam2_L0, 0
;U_74HC595.c,37 :: 		SHIFT_CLOCK = 1;
0x038E	0x1507      	BSF        PORTC, 2
;U_74HC595.c,38 :: 		asm nop;
0x038F	0x0000      	NOP
;U_74HC595.c,39 :: 		SHIFT_CLOCK = 0;
0x0390	0x1107      	BCF        PORTC, 2
;U_74HC595.c,32 :: 		for (x=0; x<=7; ++x)
0x0391	0x0AB8      	INCF       HC595_x_L0, 1
;U_74HC595.c,40 :: 		}
0x0392	0x2B83      	GOTO       L_HC5955
L_HC5956:
;U_74HC595.c,41 :: 		}
L_end_HC595:
0x0393	0x0008      	RETURN
; end of _HC595
_latch_595:
;U_74HC595.c,9 :: 		void latch_595()
;U_74HC595.c,11 :: 		SHIFT_LATCH = 1;
0x0394	0x1283      	BCF        STATUS, 5
0x0395	0x1303      	BCF        STATUS, 6
0x0396	0x1587      	BSF        PORTC, 3
;U_74HC595.c,12 :: 		asm nop;
0x0397	0x0000      	NOP
;U_74HC595.c,13 :: 		SHIFT_LATCH = 0;
0x0398	0x1187      	BCF        PORTC, 3
;U_74HC595.c,14 :: 		}
L_end_latch_595:
0x0399	0x0008      	RETURN
; end of _latch_595
_Led_Column1_ON:
;U_74HC595.c,43 :: 		void Led_Column1_ON()
;U_74HC595.c,45 :: 		LED_C1 = 1;
0x039A	0x1283      	BCF        STATUS, 5
0x039B	0x1303      	BCF        STATUS, 6
0x039C	0x1607      	BSF        PORTC, 4
;U_74HC595.c,46 :: 		LED_C2 = 0;
0x039D	0x1287      	BCF        PORTC, 5
;U_74HC595.c,47 :: 		LED_C3 = 0;
0x039E	0x1307      	BCF        PORTC, 6
;U_74HC595.c,48 :: 		}
L_end_Led_Column1_ON:
0x039F	0x0008      	RETURN
; end of _Led_Column1_ON
_Led_Column3_ON:
;U_74HC595.c,57 :: 		void Led_Column3_ON()
;U_74HC595.c,59 :: 		LED_C1 = 0;
0x03A0	0x1283      	BCF        STATUS, 5
0x03A1	0x1303      	BCF        STATUS, 6
0x03A2	0x1207      	BCF        PORTC, 4
;U_74HC595.c,60 :: 		LED_C2 = 0;
0x03A3	0x1287      	BCF        PORTC, 5
;U_74HC595.c,61 :: 		LED_C3 = 1;
0x03A4	0x1707      	BSF        PORTC, 6
;U_74HC595.c,62 :: 		}
L_end_Led_Column3_ON:
0x03A5	0x0008      	RETURN
; end of _Led_Column3_ON
_main:
0x03A6	0x1283      	BCF        STATUS, 5
0x03A7	0x1303      	BCF        STATUS, 6
0x03A8	0x01A6      	CLRF       _led_r2
0x03A9	0x01A7      	CLRF       39
0x03AA	0x01A8      	CLRF       40
0x03AB	0x01A9      	CLRF       _led_r1
0x03AC	0x01AA      	CLRF       42
0x03AD	0x01AB      	CLRF       43
0x03AE	0x01AC      	CLRF       _setup_stage
0x03AF	0x01AD      	CLRF       _n_led
0x03B0	0x01AE      	CLRF       _timerun_10ms
0x03B1	0x01AF      	CLRF       _timerun_minute
0x03B2	0x01B0      	CLRF       _timerun_1s
0x03B3	0x3001      	MOVLW      1
0x03B4	0x00B1      	MOVWF      _stage_stt
0x03B5	0x01B2      	CLRF       _level_run
0x03B6	0x01B3      	CLRF       _time_setup
;main.c,252 :: 		void main() {
;main.c,253 :: 		init_timer0();
0x03B7	0x2329      	CALL       _init_timer0
;main.c,254 :: 		init_external();
0x03B8	0x2315      	CALL       _init_external
;main.c,255 :: 		ready_stt = 0;
0x03B9	0x1283      	BCF        STATUS, 5
0x03BA	0x1303      	BCF        STATUS, 6
0x03BB	0x1139      	BCF        _ready_stt, BitPos(_ready_stt+0)
;main.c,256 :: 		run = 0;
0x03BC	0x11B9      	BCF        _run, BitPos(_run+0)
;main.c,257 :: 		ex_interrupt_flag = 0;
0x03BD	0x10B9      	BCF        _ex_interrupt_flag, BitPos(_ex_interrupt_flag+0)
;main.c,258 :: 		relay_stt = 0;
0x03BE	0x1039      	BCF        _relay_stt, BitPos(_relay_stt+0)
;main.c,259 :: 		for (j = 1; j < 11; j++)
0x03BF	0x3001      	MOVLW      1
0x03C0	0x00BA      	MOVWF      _j
L_main91:
0x03C1	0x300B      	MOVLW      11
0x03C2	0x023A      	SUBWF      _j, 0
0x03C3	0x1803      	BTFSC      STATUS, 0
0x03C4	0x2BD4      	GOTO       L_main92
;main.c,260 :: 		if (EEPROM_ReadByte(j) == 255) EEPROM_WriteByte(j, 0);
0x03C5	0x083A      	MOVF       _j, 0
0x03C6	0x00BB      	MOVWF      FARG_EEPROM_ReadByte_eepromAddress
0x03C7	0x20F5      	CALL       _EEPROM_ReadByte
0x03C8	0x0870      	MOVF       R0, 0
0x03C9	0x3AFF      	XORLW      255
0x03CA	0x1D03      	BTFSS      STATUS, 2
0x03CB	0x2BD1      	GOTO       L_main94
0x03CC	0x1303      	BCF        STATUS, 6
0x03CD	0x083A      	MOVF       _j, 0
0x03CE	0x00BB      	MOVWF      FARG_EEPROM_WriteByte_eepromAddress
0x03CF	0x01BC      	CLRF       FARG_EEPROM_WriteByte_eepromData
0x03D0	0x2152      	CALL       _EEPROM_WriteByte
L_main94:
0x03D1	0x1303      	BCF        STATUS, 6
;main.c,259 :: 		for (j = 1; j < 11; j++)
0x03D2	0x0ABA      	INCF       _j, 1
;main.c,260 :: 		if (EEPROM_ReadByte(j) == 255) EEPROM_WriteByte(j, 0);
0x03D3	0x2BC1      	GOTO       L_main91
L_main92:
;main.c,262 :: 		while (1) {
L_main95:
;main.c,263 :: 		if (run == 0) {
0x03D4	0x19B9      	BTFSC      _run, BitPos(_run+0)
0x03D5	0x2BD7      	GOTO       L_main97
;main.c,264 :: 		stage();
0x03D6	0x2170      	CALL       _stage
;main.c,265 :: 		}
L_main97:
;main.c,266 :: 		if ((run == 1) && (setup_stage == 5)) {
0x03D7	0x1DB9      	BTFSS      _run, BitPos(_run+0)
0x03D8	0x2C22      	GOTO       L_main100
0x03D9	0x082C      	MOVF       _setup_stage, 0
0x03DA	0x3A05      	XORLW      5
0x03DB	0x1D03      	BTFSS      STATUS, 2
0x03DC	0x2C22      	GOTO       L_main100
L__main130:
;main.c,267 :: 		led_r1[0] = stage_stt;
0x03DD	0x0831      	MOVF       _stage_stt, 0
0x03DE	0x00A9      	MOVWF      _led_r1
;main.c,268 :: 		led_r1[1] = d_letter;
0x03DF	0x300B      	MOVLW      11
0x03E0	0x00AA      	MOVWF      _led_r1+1
;main.c,269 :: 		led_r1[2] = g_letter;
0x03E1	0x300C      	MOVLW      12
0x03E2	0x00AB      	MOVWF      _led_r1+2
;main.c,270 :: 		seg7Print_led2(timerun_1s);
0x03E3	0x0830      	MOVF       _timerun_1s, 0
0x03E4	0x00BB      	MOVWF      FARG_seg7Print_led2_number
0x03E5	0x01BC      	CLRF       FARG_seg7Print_led2_number+1
0x03E6	0x2108      	CALL       _seg7Print_led2
;main.c,272 :: 		if (stage_stt == 2)
0x03E7	0x0831      	MOVF       _stage_stt, 0
0x03E8	0x3A02      	XORLW      2
0x03E9	0x1D03      	BTFSS      STATUS, 2
0x03EA	0x2BED      	GOTO       L_main101
;main.c,273 :: 		relay_stt = 1;
0x03EB	0x1439      	BSF        _relay_stt, BitPos(_relay_stt+0)
0x03EC	0x2BEE      	GOTO       L_main102
L_main101:
;main.c,275 :: 		relay_stt = 0;
0x03ED	0x1039      	BCF        _relay_stt, BitPos(_relay_stt+0)
L_main102:
;main.c,277 :: 		level_run = EEPROM_ReadByte(stage_stt + 5);
0x03EE	0x3005      	MOVLW      5
0x03EF	0x0731      	ADDWF      _stage_stt, 0
0x03F0	0x00BB      	MOVWF      FARG_EEPROM_ReadByte_eepromAddress
0x03F1	0x20F5      	CALL       _EEPROM_ReadByte
0x03F2	0x0870      	MOVF       R0, 0
0x03F3	0x1303      	BCF        STATUS, 6
0x03F4	0x00B2      	MOVWF      _level_run
;main.c,278 :: 		time_setup = EEPROM_ReadByte(stage_stt);
0x03F5	0x0831      	MOVF       _stage_stt, 0
0x03F6	0x00BB      	MOVWF      FARG_EEPROM_ReadByte_eepromAddress
0x03F7	0x20F5      	CALL       _EEPROM_ReadByte
0x03F8	0x0870      	MOVF       R0, 0
0x03F9	0x1303      	BCF        STATUS, 6
0x03FA	0x00B3      	MOVWF      _time_setup
;main.c,279 :: 		if ((timerun_minute >= time_setup) || (level_run == 0)) {
0x03FB	0x0870      	MOVF       R0, 0
0x03FC	0x022F      	SUBWF      _timerun_minute, 0
0x03FD	0x1803      	BTFSC      STATUS, 0
0x03FE	0x2C04      	GOTO       L__main129
0x03FF	0x0832      	MOVF       _level_run, 0
0x0400	0x3A00      	XORLW      0
0x0401	0x1903      	BTFSC      STATUS, 2
0x0402	0x2C04      	GOTO       L__main129
0x0403	0x2C0E      	GOTO       L_main105
L__main129:
;main.c,280 :: 		stage_stt++;
0x0404	0x0AB1      	INCF       _stage_stt, 1
;main.c,281 :: 		timerun_minute = 0;
0x0405	0x01AF      	CLRF       _timerun_minute
;main.c,282 :: 		if (stage_stt == 6) {
0x0406	0x0831      	MOVF       _stage_stt, 0
0x0407	0x3A06      	XORLW      6
0x0408	0x1D03      	BTFSS      STATUS, 2
0x0409	0x2C0E      	GOTO       L_main106
;main.c,283 :: 		run = 0;
0x040A	0x11B9      	BCF        _run, BitPos(_run+0)
;main.c,284 :: 		setup_stage = 0;
0x040B	0x01AC      	CLRF       _setup_stage
;main.c,285 :: 		stage_stt = 1;
0x040C	0x3001      	MOVLW      1
0x040D	0x00B1      	MOVWF      _stage_stt
;main.c,286 :: 		}
L_main106:
;main.c,287 :: 		}
L_main105:
;main.c,288 :: 		if (run_button == 1) {
0x040E	0x1F88      	BTFSS      PORTD, 7
0x040F	0x2C22      	GOTO       L_main107
;main.c,289 :: 		delay_ms(10);
0x0410	0x301A      	MOVLW      26
0x0411	0x00FC      	MOVWF      R12
0x0412	0x30F8      	MOVLW      248
0x0413	0x00FD      	MOVWF      R13
L_main108:
0x0414	0x0BFD      	DECFSZ     R13, 1
0x0415	0x2C14      	GOTO       L_main108
0x0416	0x0BFC      	DECFSZ     R12, 1
0x0417	0x2C14      	GOTO       L_main108
0x0418	0x0000      	NOP
;main.c,290 :: 		if (run_button == 1) {
0x0419	0x1F88      	BTFSS      PORTD, 7
0x041A	0x2C22      	GOTO       L_main109
;main.c,291 :: 		setup_stage = 0;
0x041B	0x01AC      	CLRF       _setup_stage
;main.c,292 :: 		run = 0;
0x041C	0x11B9      	BCF        _run, BitPos(_run+0)
;main.c,293 :: 		relay_stt = 0;
0x041D	0x1039      	BCF        _relay_stt, BitPos(_relay_stt+0)
;main.c,294 :: 		RA3_bit = 0;
0x041E	0x1185      	BCF        RA3_bit, BitPos(RA3_bit+0)
;main.c,295 :: 		while (run_button == 1);
L_main110:
0x041F	0x1F88      	BTFSS      PORTD, 7
0x0420	0x2C22      	GOTO       L_main111
0x0421	0x2C1F      	GOTO       L_main110
L_main111:
;main.c,296 :: 		}
L_main109:
;main.c,297 :: 		}
L_main107:
;main.c,298 :: 		}
L_main100:
;main.c,300 :: 		relay_pin = relay_stt;
0x0422	0x1839      	BTFSC      _relay_stt, BitPos(_relay_stt+0)
0x0423	0x2C26      	GOTO       L__main136
0x0424	0x1009      	BCF        PORTE, 0
0x0425	0x2C27      	GOTO       L__main137
L__main136:
0x0426	0x1409      	BSF        PORTE, 0
L__main137:
;main.c,301 :: 		if (ex_interrupt_flag == 1) {
0x0427	0x1CB9      	BTFSS      _ex_interrupt_flag, BitPos(_ex_interrupt_flag+0)
0x0428	0x2C7B      	GOTO       L_main112
;main.c,302 :: 		if (level_run == 1) {
0x0429	0x0832      	MOVF       _level_run, 0
0x042A	0x3A01      	XORLW      1
0x042B	0x1D03      	BTFSS      STATUS, 2
0x042C	0x2C42      	GOTO       L_main113
;main.c,303 :: 		delay_ms(1); // 0-10 tuong ung thoi gian kich TRIAC 0-10000 us / phat hien diem 0.
0x042D	0x3003      	MOVLW      3
0x042E	0x00FC      	MOVWF      R12
0x042F	0x3097      	MOVLW      151
0x0430	0x00FD      	MOVWF      R13
L_main114:
0x0431	0x0BFD      	DECFSZ     R13, 1
0x0432	0x2C31      	GOTO       L_main114
0x0433	0x0BFC      	DECFSZ     R12, 1
0x0434	0x2C31      	GOTO       L_main114
0x0435	0x0000      	NOP
0x0436	0x0000      	NOP
;main.c,304 :: 		RA3_bit = 1;
0x0437	0x1585      	BSF        RA3_bit, BitPos(RA3_bit+0)
;main.c,305 :: 		delay_ms(8);
0x0438	0x3015      	MOVLW      21
0x0439	0x00FC      	MOVWF      R12
0x043A	0x30C6      	MOVLW      198
0x043B	0x00FD      	MOVWF      R13
L_main115:
0x043C	0x0BFD      	DECFSZ     R13, 1
0x043D	0x2C3C      	GOTO       L_main115
0x043E	0x0BFC      	DECFSZ     R12, 1
0x043F	0x2C3C      	GOTO       L_main115
0x0440	0x0000      	NOP
;main.c,306 :: 		RA3_bit = 0;
0x0441	0x1185      	BCF        RA3_bit, BitPos(RA3_bit+0)
;main.c,307 :: 		}
L_main113:
;main.c,308 :: 		if (level_run == 2) {
0x0442	0x0832      	MOVF       _level_run, 0
0x0443	0x3A02      	XORLW      2
0x0444	0x1D03      	BTFSS      STATUS, 2
0x0445	0x2C5B      	GOTO       L_main116
;main.c,309 :: 		delay_ms(4); // 0-10 tuong ung thoi gian kich TRIAC 0-10000 us / phat hien diem 0.
0x0446	0x300B      	MOVLW      11
0x0447	0x00FC      	MOVWF      R12
0x0448	0x3062      	MOVLW      98
0x0449	0x00FD      	MOVWF      R13
L_main117:
0x044A	0x0BFD      	DECFSZ     R13, 1
0x044B	0x2C4A      	GOTO       L_main117
0x044C	0x0BFC      	DECFSZ     R12, 1
0x044D	0x2C4A      	GOTO       L_main117
0x044E	0x0000      	NOP
;main.c,310 :: 		RA3_bit = 1;
0x044F	0x1585      	BSF        RA3_bit, BitPos(RA3_bit+0)
;main.c,311 :: 		delay_ms(5);
0x0450	0x300D      	MOVLW      13
0x0451	0x00FC      	MOVWF      R12
0x0452	0x30FB      	MOVLW      251
0x0453	0x00FD      	MOVWF      R13
L_main118:
0x0454	0x0BFD      	DECFSZ     R13, 1
0x0455	0x2C54      	GOTO       L_main118
0x0456	0x0BFC      	DECFSZ     R12, 1
0x0457	0x2C54      	GOTO       L_main118
0x0458	0x0000      	NOP
0x0459	0x0000      	NOP
;main.c,312 :: 		RA3_bit = 0;
0x045A	0x1185      	BCF        RA3_bit, BitPos(RA3_bit+0)
;main.c,313 :: 		}
L_main116:
;main.c,314 :: 		if (level_run == 3) {
0x045B	0x0832      	MOVF       _level_run, 0
0x045C	0x3A03      	XORLW      3
0x045D	0x1D03      	BTFSS      STATUS, 2
0x045E	0x2C74      	GOTO       L_main119
;main.c,315 :: 		delay_ms(8); // 0-10 tuong ung thoi gian kich TRIAC 0-10000 us / phat hien diem 0.
0x045F	0x3015      	MOVLW      21
0x0460	0x00FC      	MOVWF      R12
0x0461	0x30C6      	MOVLW      198
0x0462	0x00FD      	MOVWF      R13
L_main120:
0x0463	0x0BFD      	DECFSZ     R13, 1
0x0464	0x2C63      	GOTO       L_main120
0x0465	0x0BFC      	DECFSZ     R12, 1
0x0466	0x2C63      	GOTO       L_main120
0x0467	0x0000      	NOP
;main.c,316 :: 		RA3_bit = 1;
0x0468	0x1585      	BSF        RA3_bit, BitPos(RA3_bit+0)
;main.c,317 :: 		delay_ms(1);
0x0469	0x3003      	MOVLW      3
0x046A	0x00FC      	MOVWF      R12
0x046B	0x3097      	MOVLW      151
0x046C	0x00FD      	MOVWF      R13
L_main121:
0x046D	0x0BFD      	DECFSZ     R13, 1
0x046E	0x2C6D      	GOTO       L_main121
0x046F	0x0BFC      	DECFSZ     R12, 1
0x0470	0x2C6D      	GOTO       L_main121
0x0471	0x0000      	NOP
0x0472	0x0000      	NOP
;main.c,318 :: 		RA3_bit = 0;
0x0473	0x1185      	BCF        RA3_bit, BitPos(RA3_bit+0)
;main.c,319 :: 		}
L_main119:
;main.c,320 :: 		if (level_run == 0) {
0x0474	0x0832      	MOVF       _level_run, 0
0x0475	0x3A00      	XORLW      0
0x0476	0x1D03      	BTFSS      STATUS, 2
0x0477	0x2C7A      	GOTO       L_main122
;main.c,321 :: 		RA3_bit = 0;
0x0478	0x1185      	BCF        RA3_bit, BitPos(RA3_bit+0)
;main.c,322 :: 		relay_pin = 0;
0x0479	0x1009      	BCF        PORTE, 0
;main.c,323 :: 		}
L_main122:
;main.c,324 :: 		ex_interrupt_flag = 0;
0x047A	0x10B9      	BCF        _ex_interrupt_flag, BitPos(_ex_interrupt_flag+0)
;main.c,325 :: 		}
L_main112:
;main.c,326 :: 		}
0x047B	0x2BD4      	GOTO       L_main95
;main.c,327 :: 		}
L_end_main:
0x047C	0x2C7C      	GOTO       $+0
; end of _main
;U_74HC595.c,3 :: _ma_led
0x047D	0x343F ;_ma_led+0
0x047E	0x3406 ;_ma_led+1
0x047F	0x345B ;_ma_led+2
0x0480	0x344F ;_ma_led+3
0x0481	0x3466 ;_ma_led+4
0x0482	0x346D ;_ma_led+5
0x0483	0x347D ;_ma_led+6
0x0484	0x3407 ;_ma_led+7
0x0485	0x347F ;_ma_led+8
0x0486	0x346F ;_ma_led+9
0x0487	0x3400 ;_ma_led+10
0x0488	0x345E ;_ma_led+11
0x0489	0x34BD ;_ma_led+12
0x048A	0x3478 ;_ma_led+13
0x048B	0x34F4 ;_ma_led+14
0x048C	0x34F3 ;_ma_led+15
0x048D	0x34B9 ;_ma_led+16
0x048E	0x345C ;_ma_led+17
0x048F	0x3480 ;_ma_led+18
0x0490	0x3440 ;_ma_led+19
; end of _ma_led
Symbol List:
//** Routines locations **
//ADDRESS    SIZE    PROCEDURE
//----------------------------------------------
0x0004      [92]    _interrupt
0x0060      [44]    _Div_16x16_S_L
0x008C     [105]    _Div_16x16_S
0x00F5      [12]    _EEPROM_ReadByte
0x0101       [7]    _____DoICP
0x0108      [74]    _seg7Print_led2
0x0152      [30]    _EEPROM_WriteByte
0x0170     [421]    _stage
0x0315       [8]    _init_external
0x031D      [12]    ___CC2DW
0x0329      [34]    _init_timer0
0x034B       [6]    _Led_Column2_ON
0x0351      [67]    _HC595
0x0394       [6]    _latch_595
0x039A       [6]    _Led_Column1_ON
0x03A0       [6]    _Led_Column3_ON
0x03A6     [215]    _main
//** Variables locations ** 
//ADDRESS    SIZE    VARIABLE
//----------------------------------------------
0x0000       [1]    INDF
0x0001       [1]    TMR0
0x0002       [1]    PCL
0x0003       [1]    STATUS
0x0004       [1]    FSR
0x0005       [0]    RA3_bit
0x0005       [1]    PORTA
0x0007       [1]    PORTC
0x0008       [1]    PORTD
0x0009       [1]    PORTE
0x000A       [1]    PCLATH
0x000B       [1]    INTCON
0x000D       [1]    PIR2
0x0024       [2]    ___DoICPAddr
0x0026       [3]    _led_r2
0x0029       [3]    _led_r1
0x002C       [1]    _setup_stage
0x002D       [1]    _n_led
0x002E       [1]    _timerun_10ms
0x002F       [1]    _timerun_minute
0x0030       [1]    _timerun_1s
0x0031       [1]    _stage_stt
0x0032       [1]    _level_run
0x0033       [1]    _time_setup
0x0034       [1]    ___savePCLATH
0x0035       [1]    ___saveSTATUS
0x0036       [1]    HC595_tam1_L0
0x0037       [1]    HC595_tam2_L0
0x0038       [1]    HC595_x_L0
0x0039       [0]    _relay_stt
0x0039       [0]    _ready_stt
0x0039       [0]    _ex_interrupt_flag
0x0039       [0]    _run
0x003A       [1]    _j
0x003B       [1]    FARG_EEPROM_ReadByte_eepromAddress
0x003B       [2]    FARG_seg7Print_led2_number
0x003B       [1]    FARG_EEPROM_WriteByte_eepromAddress
0x003C       [1]    FARG_EEPROM_WriteByte_eepromData
0x003D       [2]    FLOC__seg7Print_led2
0x003F       [1]    FARG_HC595_row1
0x0040       [1]    FARG_HC595_row2
0x0070       [1]    R0
0x0071       [1]    R1
0x0072       [1]    R2
0x0073       [1]    R3
0x0074       [1]    R4
0x0075       [1]    R5
0x0076       [1]    R6
0x0077       [1]    R7
0x0078       [1]    R8
0x0079       [1]    R9
0x007A       [1]    R10
0x007B       [1]    R11
0x007C       [1]    R12
0x007D       [1]    R13
0x007E       [1]    R14
0x007F       [1]    R15
0x0081       [1]    OPTION_REG
0x0085       [1]    TRISA
0x0086       [1]    TRISB
0x0087       [1]    TRISC
0x0088       [1]    TRISD
0x0089       [1]    TRISE
0x0107       [0]    C1ON_bit
0x0108       [0]    C2ON_bit
0x010C       [1]    EEDATA
0x010D       [1]    EEADR
0x0188       [1]    ANSEL
0x0189       [1]    ANSELH
0x018C       [1]    EECON1
0x018D       [1]    EECON2
//** Constants locations ** 
//ADDRESS    SIZE    CONSTANT
//----------------------------------------------
0x047D      [20]    _ma_led
