Added Member To Class: ClassName=SCH_Wash Member=Component ? Led 7 Thanh 2.3 Inch Anot
Added Member To Class: ClassName=SCH_Wash Member=Component ? Led 7 Thanh 2.3 Inch Anot
Added Member To Class: ClassName=SCH_Wash Member=Component ? Led 7 Thanh 2.3 Inch Anot
Added Member To Class: ClassName=SCH_Wash Member=Component ? Led 7 Thanh 2.3 Inch Anot
Added Member To Class: ClassName=SCH_Wash Member=Component ? Led 7 Thanh 2.3 Inch Anot
Added Member To Class: ClassName=SCH_Wash Member=Component BT? BT137S-600E
Added Member To Class: ClassName=SCH_Wash Member=Component C? 1000uF
Added Member To Class: ClassName=SCH_Wash Member=Component C? 104
Added Member To Class: ClassName=SCH_Wash Member=Component C? 104
Added Member To Class: ClassName=SCH_Wash Member=Component C? 104
Added Member To Class: ClassName=SCH_Wash Member=Component C? 104
Added Member To Class: ClassName=SCH_Wash Member=Component C? 22pF
Added Member To Class: ClassName=SCH_Wash Member=Component C? 22pF
Added Member To Class: ClassName=SCH_Wash Member=Component C? 10uF
Added Member To Class: ClassName=SCH_Wash Member=Component KF1 MOTOR
Added Member To Class: ClassName=SCH_Wash Member=Component KF? CON 2 KF 7.62
Added Member To Class: ClassName=SCH_Wash Member=Component Q? C1815
Added Member To Class: ClassName=SCH_Wash Member=Component Q? C1815
Added Member To Class: ClassName=SCH_Wash Member=Component Q? C1815
Added Member To Class: ClassName=SCH_Wash Member=Component R? 390R
Added Member To Class: ClassName=SCH_Wash Member=Component R? 470R
Added Member To Class: ClassName=SCH_Wash Member=Component R? 680R
Added Member To Class: ClassName=SCH_Wash Member=Component R? 220R
Added Member To Class: ClassName=SCH_Wash Member=Component R? 330R
Added Member To Class: ClassName=SCH_Wash Member=Component R? 10k
Added Member To Class: ClassName=SCH_Wash Member=Component R? 330R
Added Member To Class: ClassName=SCH_Wash Member=Component R? 1k
Added Member To Class: ClassName=SCH_Wash Member=Component R? 100R
Added Member To Class: ClassName=SCH_Wash Member=Component R? 1k
Added Member To Class: ClassName=SCH_Wash Member=Component R? 100R
Added Member To Class: ClassName=SCH_Wash Member=Component R? 100R
Added Member To Class: ClassName=SCH_Wash Member=Component R? 100R
Added Member To Class: ClassName=SCH_Wash Member=Component R? 100R
Added Member To Class: ClassName=SCH_Wash Member=Component R? 100R
Added Member To Class: ClassName=SCH_Wash Member=Component R? 100R
Added Member To Class: ClassName=SCH_Wash Member=Component R? 100R
Added Member To Class: ClassName=SCH_Wash Member=Component R? 1k
Added Member To Class: ClassName=SCH_Wash Member=Component R? 100R
Added Member To Class: ClassName=SCH_Wash Member=Component R? 1k
Added Member To Class: ClassName=SCH_Wash Member=Component R? 100R
Added Member To Class: ClassName=SCH_Wash Member=Component R? 100R
Added Member To Class: ClassName=SCH_Wash Member=Component R? 100R
Added Member To Class: ClassName=SCH_Wash Member=Component R? 100R
Added Member To Class: ClassName=SCH_Wash Member=Component R? 100R
Added Member To Class: ClassName=SCH_Wash Member=Component R? 100R
Added Member To Class: ClassName=SCH_Wash Member=Component R? 1k
Added Member To Class: ClassName=SCH_Wash Member=Component R? 200R
Added Member To Class: ClassName=SCH_Wash Member=Component R? 1k
Added Member To Class: ClassName=SCH_Wash Member=Component R? 100R
Added Member To Class: ClassName=SCH_Wash Member=Component R? 1k
Added Member To Class: ClassName=SCH_Wash Member=Component R? 470R
Added Member To Class: ClassName=SCH_Wash Member=Component SW? Nut Nhan 4 Chan
Added Member To Class: ClassName=SCH_Wash Member=Component SW? Nut Nhan 4 Chan
Added Member To Class: ClassName=SCH_Wash Member=Component SW? Nut Nhan 4 Chan
Added Member To Class: ClassName=SCH_Wash Member=Component U? 74HC595
