Removed Pin From Net: NetName=MCLR Pin=C5-1
Removed Pin From Net: NetName=GND Pin=C5-2
Removed Pin From Net: NetName=220V-L Pin=KF1-1
Removed Pin From Net: NetName=MCLR Pin=R10-1
Removed Pin From Net: NetName=NUT1 Pin=SW1-1
Removed Pin From Net: NetName=NUT1 Pin=SW1-3
Removed Pin From Net: NetName=NUT2 Pin=SW2-1
Removed Pin From Net: NetName=NUT2 Pin=SW2-3
Removed Pin From Net: NetName=NUT3 Pin=SW3-1
Removed Pin From Net: NetName=NUT3 Pin=SW3-3
Removed Pin From Net: NetName=NUT4 Pin=SW4-1
Removed Pin From Net: NetName=5V Pin=SW4-2
Removed Pin From Net: NetName=NUT4 Pin=SW4-3
Removed Pin From Net: NetName=5V Pin=SW4-4
Removed Member From Class: ClassName=SCH_Wash Member=SW4
Change Component Footprint: Designator=SW1 Old Footprint=SW4 New Footprint=Nut Nhan 4 Chan SMD 6x6
Change Component Footprint: Designator=SW2 Old Footprint=SW4 New Footprint=Nut Nhan 4 Chan SMD 6x6
Change Component Footprint: Designator=SW3 Old Footprint=SW4 New Footprint=Nut Nhan 4 Chan SMD 6x6
Change Component Footprint: Designator=SW4 Old Footprint=SW4 New Footprint=tu 0805
Change Component Footprint: Designator=R10 Old Footprint=tro smd 0805 New Footprint=Nut Nhan 4 Chan SMD 6x6
Change Component Footprint: Designator=C5 Old Footprint=tu nhom 4 (b) New Footprint=TO252_NEW
Change Component Comment : Designator=R10 Old Comment=10k New Comment=Nut Nhan 4 Chan SMD 6x6
Change Component Comment : Designator=C5 Old Comment=10uF New Comment=BT137S-600E
Change Component Comment : Designator=KF3 Old Comment=CON 2 KF 7.62 New Comment=12VAC
Change Component Comment : Designator=KF1 Old Comment=CON 2 KF 7.62 New Comment=220VAC
Change Component Comment : Designator=SW4 Old Comment=Nut Nhan 4 Chan New Comment=104
Change Component Comment : Designator=SW1 Old Comment=Nut Nhan 4 Chan New Comment=Nut Nhan 4 Chan SMD 6x6
Change Component Comment : Designator=SW2 Old Comment=Nut Nhan 4 Chan New Comment=Nut Nhan 4 Chan SMD 6x6
Change Component Comment : Designator=SW3 Old Comment=Nut Nhan 4 Chan New Comment=Nut Nhan 4 Chan SMD 6x6
Change Component Designator: OldDesignator= NewDesignator=1
Change Component Designator: OldDesignator=1 NewDesignator=2
Change Component Designator: OldDesignator=2 NewDesignator=3
Change Component Designator: OldDesignator=3 NewDesignator=4
Change Component Designator: OldDesignator=4 NewDesignator=5
Change Component Designator: OldDesignator=5 NewDesignator=6
Change Component Designator: OldDesignator=6 NewDesignator=7
Change Component Designator: OldDesignator=B1 NewDesignator=B2
Change Component Designator: OldDesignator=B NewDesignator=B1
Change Component Designator: OldDesignator=C5 NewDesignator=BT3
Change Component Designator: OldDesignator=C6 NewDesignator=C7
Change Component Designator: OldDesignator=C7 NewDesignator=C8
Change Component Designator: OldDesignator=C8 NewDesignator=C9
Change Component Designator: OldDesignator=C9 NewDesignator=C10
Change Component Designator: OldDesignator=C10 NewDesignator=C5
Change Component Designator: OldDesignator=KF1 NewDesignator=KF2
Change Component Designator: OldDesignator=KF2 NewDesignator=KF3
Change Component Designator: OldDesignator=KF3 NewDesignator=KF5
Change Component Designator: OldDesignator=OTCP1 NewDesignator=OTCP2
Change Component Designator: OldDesignator=OTCP NewDesignator=OTCP1
Change Component Designator: OldDesignator=Q2 NewDesignator=Q4
Change Component Designator: OldDesignator=Q3 NewDesignator=Q5
Change Component Designator: OldDesignator=Q4 NewDesignator=Q6
Change Component Designator: OldDesignator=Q5 NewDesignator=Q2
Change Component Designator: OldDesignator=R6 NewDesignator=R8
Change Component Designator: OldDesignator=R7 NewDesignator=R6
Change Component Designator: OldDesignator=R8 NewDesignator=R7
Change Component Designator: OldDesignator=R10 NewDesignator=BT4
Change Component Designator: OldDesignator=R11 NewDesignator=R18
Change Component Designator: OldDesignator=R12 NewDesignator=R19
Change Component Designator: OldDesignator=R13 NewDesignator=R20
Change Component Designator: OldDesignator=R14 NewDesignator=R21
Change Component Designator: OldDesignator=R15 NewDesignator=R22
Change Component Designator: OldDesignator=R16 NewDesignator=R23
Change Component Designator: OldDesignator=R17 NewDesignator=R24
Change Component Designator: OldDesignator=R18 NewDesignator=R25
Change Component Designator: OldDesignator=R19 NewDesignator=R26
Change Component Designator: OldDesignator=R20 NewDesignator=R27
Change Component Designator: OldDesignator=R21 NewDesignator=R28
Change Component Designator: OldDesignator=R22 NewDesignator=R36
Change Component Designator: OldDesignator=R23 NewDesignator=R37
Change Component Designator: OldDesignator=R24 NewDesignator=R38
Change Component Designator: OldDesignator=R25 NewDesignator=R39
Change Component Designator: OldDesignator=R26 NewDesignator=R29
Change Component Designator: OldDesignator=R27 NewDesignator=R30
Change Component Designator: OldDesignator=R28 NewDesignator=R31
Change Component Designator: OldDesignator=R29 NewDesignator=R32
Change Component Designator: OldDesignator=R30 NewDesignator=R33
Change Component Designator: OldDesignator=R31 NewDesignator=R34
Change Component Designator: OldDesignator=R32 NewDesignator=R35
Change Component Designator: OldDesignator=R33 NewDesignator=R40
Change Component Designator: OldDesignator=R34 NewDesignator=R10
Change Component Designator: OldDesignator=R35 NewDesignator=R11
Change Component Designator: OldDesignator=R36 NewDesignator=R12
Change Component Designator: OldDesignator=SW1 NewDesignator=BT5
Change Component Designator: OldDesignator=SW2 NewDesignator=BT6
Change Component Designator: OldDesignator=SW3 NewDesignator=BT7
Change Component Designator: OldDesignator=SW4 NewDesignator=C6
Change Component Designator: OldDesignator=U1 NewDesignator=U3
Change Component Designator: OldDesignator=U3 NewDesignator=U4
Change Component Designator: OldDesignator=U NewDesignator=U1
Change component parameters: Designator = "BT3"; Footprint = "TO252_NEW"; UniqueID = "\BYJTFKKC"
Change component parameters. Clean all parameters for all variants
Change component parameters (AddParameter): Name = "Chung_Loai"; Value = "Dán"; VariantName = "[No Variations]"
Change component parameters (AddParameter): Name = "Don_Vi"; Value = "Con"; VariantName = "[No Variations]"
Change component parameters (AddParameter): Name = "Ghi_Chu"; Value = ""; VariantName = "[No Variations]"
Change component parameters (AddParameter): Name = "Kieu_Chan"; Value = ""; VariantName = "[No Variations]"
Change component parameters (AddParameter): Name = "Ma_Hang"; Value = "MH005450"; VariantName = "[No Variations]"
Change component parameters (AddParameter): Name = "Ten_Linh_Kien"; Value = "BT137S-600E TO252 TRIAC 8A 600V"; VariantName = "[No Variations]"
Change component parameters: Designator = "BT5"; Footprint = "Nut Nhan 4 Chan SMD 6x6"; UniqueID = "\LMIYIXBY"
Change component parameters. Clean all parameters for all variants
Change component parameters (AddParameter): Name = "Ma_Hang"; Value = "MH002424"; VariantName = "[No Variations]"
Change component parameters (AddParameter): Name = "Ten"; Value = "Nút Nh?n 4 Chân 6.2x6.2x3.1MM SMD"; VariantName = "[No Variations]"
Change component parameters: Designator = "BT6"; Footprint = "Nut Nhan 4 Chan SMD 6x6"; UniqueID = "\IUMWISXI"
Change component parameters. Clean all parameters for all variants
Change component parameters (AddParameter): Name = "Ma_Hang"; Value = "MH002424"; VariantName = "[No Variations]"
Change component parameters (AddParameter): Name = "Ten"; Value = "Nút Nh?n 4 Chân 6.2x6.2x3.1MM SMD"; VariantName = "[No Variations]"
Change component parameters: Designator = "BT7"; Footprint = "Nut Nhan 4 Chan SMD 6x6"; UniqueID = "\QNHQKUMX"
Change component parameters. Clean all parameters for all variants
Change component parameters (AddParameter): Name = "Ma_Hang"; Value = "MH002424"; VariantName = "[No Variations]"
Change component parameters (AddParameter): Name = "Ten"; Value = "Nút Nh?n 4 Chân 6.2x6.2x3.1MM SMD"; VariantName = "[No Variations]"
Change component parameters: Designator = "BT4"; Footprint = "Nut Nhan 4 Chan SMD 6x6"; UniqueID = "\CQQOAPEP"
Change component parameters. Clean all parameters for all variants
Change component parameters (AddParameter): Name = "Ma_Hang"; Value = "MH002424"; VariantName = "[No Variations]"
Change component parameters (AddParameter): Name = "Ten"; Value = "Nút Nh?n 4 Chân 6.2x6.2x3.1MM SMD"; VariantName = "[No Variations]"
Change component parameters: Designator = "C6"; Footprint = "tu 0805"; UniqueID = "\UMNKKPTD"
Change component parameters. Clean all parameters for all variants
Change component parameters (AddParameter): Name = "Chung_Loai"; Value = "Dán"; VariantName = "[No Variations]"
Change component parameters (AddParameter): Name = "Don_Vi"; Value = "Con"; VariantName = "[No Variations]"
Change component parameters (AddParameter): Name = "Kieu_Chan"; Value = ""; VariantName = "[No Variations]"
Change component parameters (AddParameter): Name = "Ma_Hang"; Value = "MH004551"; VariantName = "[No Variations]"
Change component parameters (AddParameter): Name = "So_Chan"; Value = "2"; VariantName = "[No Variations]"
Change component parameters (AddParameter): Name = "Ten_Linh_Kien"; Value = "T? 0805 104-100nF 10% 50V"; VariantName = "[No Variations]"
Added Component: Designator=D3(DIODE SMD)
Add component. Clean all parameters for all variants
Add component (AddParameter): Name = "Chung_Loai"; Value = "Dán"; VariantName = "[No Variations]"
Add component (AddParameter): Name = "Don_Vi"; Value = "Con"; VariantName = "[No Variations]"
Add component (AddParameter): Name = "Ghi_Chu"; Value = ""; VariantName = "[No Variations]"
Add component (AddParameter): Name = "Kieu_Chan"; Value = ""; VariantName = "[No Variations]"
Add component (AddParameter): Name = "Ma_Hang"; Value = "MH002211"; VariantName = "[No Variations]"
Add component (AddParameter): Name = "Ten_Linh_Kien"; Value = "Diode SS14 DO214 Schottky 1A 40V ( 1N5819 DO214)"; VariantName = "[No Variations]"
Added Component: Designator=KF4(CON 2KF 7.62 - 2P)
Add component. Clean all parameters for all variants
Add component (AddParameter): Name = "Chung_Loai"; Value = "C?m"; VariantName = "[No Variations]"
Add component (AddParameter): Name = "Don_Vi"; Value = "Con"; VariantName = "[No Variations]"
Add component (AddParameter): Name = "Ghi_Chu"; Value = ""; VariantName = "[No Variations]"
Add component (AddParameter): Name = "Kieu_Chan"; Value = ""; VariantName = "[No Variations]"
Add component (AddParameter): Name = "Ma_Hang"; Value = "MH002053"; VariantName = "[No Variations]"
Add component (AddParameter): Name = "Ten_Linh_Kien"; Value = "CON 2 KF7.62-2P 7.62MM (Ðen Th?ng)"; VariantName = "[No Variations]"
Added Component: Designator=OTCP3(OPTOCOUPLER_H11F3SR2M)
Add component. Clean all parameters for all variants
Added Component: Designator=Q3(SOT23B)
Add component. Clean all parameters for all variants
Add component (AddParameter): Name = "Chung_Loai"; Value = "Dán"; VariantName = "[No Variations]"
Add component (AddParameter): Name = "Don_Vi"; Value = "Con"; VariantName = "[No Variations]"
Add component (AddParameter): Name = "Ghi_Chu"; Value = ""; VariantName = "[No Variations]"
Add component (AddParameter): Name = "Kieu_Chan"; Value = ""; VariantName = "[No Variations]"
Add component (AddParameter): Name = "Ma_Hang"; Value = "MH000946"; VariantName = "[No Variations]"
Add component (AddParameter): Name = "Ten_Linh_Kien"; Value = "C1815 SOT23 TRANS NPN 0.15A 50V (SMD-HF)"; VariantName = "[No Variations]"
Added Component: Designator=R13(tro smd 0603)
Add component. Clean all parameters for all variants
Add component (AddParameter): Name = "Chung_Loai"; Value = "Dán"; VariantName = "[No Variations]"
Add component (AddParameter): Name = "Don_Vi"; Value = "Con"; VariantName = "[No Variations]"
Add component (AddParameter): Name = "Kieu_Chan"; Value = ""; VariantName = "[No Variations]"
Add component (AddParameter): Name = "Ma_Hang"; Value = "MH006328"; VariantName = "[No Variations]"
Add component (AddParameter): Name = "So_Chan"; Value = "2"; VariantName = "[No Variations]"
Add component (AddParameter): Name = "Ten_Linh_Kien"; Value = "Tr? 0603 5% 470R"; VariantName = "[No Variations]"
Added Component: Designator=R14(Tro SMD 0805)
Add component. Clean all parameters for all variants
Add component (AddParameter): Name = "Chung_Loai"; Value = "Dán"; VariantName = "[No Variations]"
Add component (AddParameter): Name = "Don_Vi"; Value = "Con"; VariantName = "[No Variations]"
Add component (AddParameter): Name = "Kieu_Chan"; Value = ""; VariantName = "[No Variations]"
Add component (AddParameter): Name = "Ma_Hang"; Value = "MH005337"; VariantName = "[No Variations]"
Add component (AddParameter): Name = "So_Chan"; Value = "2"; VariantName = "[No Variations]"
Add component (AddParameter): Name = "Ten_Linh_Kien"; Value = "Tr? 0805 5% 330R"; VariantName = "[No Variations]"
Added Component: Designator=R15(Tro SMD 0805)
Add component. Clean all parameters for all variants
Add component (AddParameter): Name = "Chung_Loai"; Value = "Dán"; VariantName = "[No Variations]"
Add component (AddParameter): Name = "Don_Vi"; Value = "Con"; VariantName = "[No Variations]"
Add component (AddParameter): Name = "Kieu_Chan"; Value = ""; VariantName = "[No Variations]"
Add component (AddParameter): Name = "Ma_Hang"; Value = "MH005339"; VariantName = "[No Variations]"
Add component (AddParameter): Name = "So_Chan"; Value = "2"; VariantName = "[No Variations]"
Add component (AddParameter): Name = "Ten_Linh_Kien"; Value = "Tr? 0805 5% 390R"; VariantName = "[No Variations]"
Added Component: Designator=R16(tro smd 0805)
Add component. Clean all parameters for all variants
Add component (AddParameter): Name = "Chung_Loai"; Value = "Dán"; VariantName = "[No Variations]"
Add component (AddParameter): Name = "Don_Vi"; Value = "Con"; VariantName = "[No Variations]"
Add component (AddParameter): Name = "Kieu_Chan"; Value = ""; VariantName = "[No Variations]"
Add component (AddParameter): Name = "Ma_Hang"; Value = "MH005487"; VariantName = "[No Variations]"
Add component (AddParameter): Name = "So_Chan"; Value = "2"; VariantName = "[No Variations]"
Add component (AddParameter): Name = "Ten_Linh_Kien"; Value = "Tr? 0805 1% 680R"; VariantName = "[No Variations]"
Added Component: Designator=R17(Tro SMD 0805)
Add component. Clean all parameters for all variants
Add component (AddParameter): Name = "Chung_Loai"; Value = "Dán"; VariantName = "[No Variations]"
Add component (AddParameter): Name = "Don_Vi"; Value = "Con"; VariantName = "[No Variations]"
Add component (AddParameter): Name = "Kieu_Chan"; Value = ""; VariantName = "[No Variations]"
Add component (AddParameter): Name = "Ma_Hang"; Value = "MH005337"; VariantName = "[No Variations]"
Add component (AddParameter): Name = "So_Chan"; Value = "2"; VariantName = "[No Variations]"
Add component (AddParameter): Name = "Ten_Linh_Kien"; Value = "Tr? 0805 5% 330R"; VariantName = "[No Variations]"
Added Pin To Net: NetName=NUT1 Pin=BT4-1
Added Pin To Net: NetName=NUT1 Pin=BT4-3
Added Pin To Net: NetName=5V Pin=BT4-4
Added Pin To Net: NetName=NUT2 Pin=BT5-1
Added Pin To Net: NetName=NUT2 Pin=BT5-3
Added Pin To Net: NetName=NUT3 Pin=BT6-1
Added Pin To Net: NetName=NUT3 Pin=BT6-3
Added Pin To Net: NetName=NUT4 Pin=BT7-1
Added Pin To Net: NetName=NUT4 Pin=BT7-3
Added Pin To Net: NetName=220V-L Pin=KF1-2
Added Pin To Net: NetName=GND Pin=Q3-3
Added Pin To Net: NetName=C3 Pin=Q6-2
Added Pin To Net: NetName=5V Pin=R13-1
Added Pin To Net: NetName=LED7_A1 Pin=R18-1
Added Pin To Net: NetName=LED7_B1 Pin=R19-1
Added Pin To Net: NetName=LED7_C1 Pin=R20-1
Added Pin To Net: NetName=LED7_D1 Pin=R21-1
Added Pin To Net: NetName=LED7_E1 Pin=R22-1
Added Pin To Net: NetName=LED7_F1 Pin=R23-1
Added Pin To Net: NetName=LED7_G1 Pin=R24-1
Added Pin To Net: NetName=LED7_H1 Pin=R25-1
Added Pin To Net: NetName=LED2 Pin=R27-2
Added Pin To Net: NetName=LED3 Pin=R28-2
Added Pin To Net: NetName=LED7_A2 Pin=R29-1
Added Pin To Net: NetName=LED7_B2 Pin=R30-1
Added Pin To Net: NetName=LED7_C2 Pin=R31-1
Added Pin To Net: NetName=LED7_D2 Pin=R32-1
Added Pin To Net: NetName=LED7_E2 Pin=R33-1
Added Pin To Net: NetName=LED7_F2 Pin=R34-1
Added Pin To Net: NetName=LED7_G2 Pin=R35-1
Added Pin To Net: NetName=LED7_H2 Pin=R40-1
Change Net Name : Old Net Name=12V New Net Name=NetB2_+
Change Net Name : Old Net Name=220V-L New Net Name=NetBT1_2
Change Net Name : Old Net Name=Net1_2 New Net Name=Net2_2
Change Net Name : Old Net Name=Net1_3 New Net Name=Net2_3
Change Net Name : Old Net Name=Net1_4 New Net Name=Net2_4
Change Net Name : Old Net Name=Net1_6 New Net Name=Net2_6
Change Net Name : Old Net Name=Net1_7 New Net Name=Net2_7
Change Net Name : Old Net Name=Net1_8 New Net Name=Net2_8
Change Net Name : Old Net Name=Net1_9 New Net Name=Net2_9
Change Net Name : Old Net Name=Net1_10 New Net Name=Net2_10
Change Net Name : Old Net Name=Net4_2 New Net Name=Net5_2
Change Net Name : Old Net Name=Net4_3 New Net Name=Net5_3
Change Net Name : Old Net Name=Net4_4 New Net Name=Net5_4
Change Net Name : Old Net Name=Net4_6 New Net Name=Net5_6
Change Net Name : Old Net Name=Net4_7 New Net Name=Net5_7
Change Net Name : Old Net Name=Net4_8 New Net Name=Net5_8
Change Net Name : Old Net Name=Net4_9 New Net Name=Net5_9
Change Net Name : Old Net Name=Net4_10 New Net Name=Net5_10
Change Net Name : Old Net Name=Net_30 New Net Name=Net1_30
Change Net Name : Old Net Name=Net_31 New Net Name=Net1_31
Change Net Name : Old Net Name=NetB_+ New Net Name=NetB1_+
Change Net Name : Old Net Name=NetB_- New Net Name=NetB1_-
Change Net Name : Old Net Name=NetC10_1 New Net Name=NetC5_1
Change Net Name : Old Net Name=NetOTCP1_1 New Net Name=NetOTCP2_1
Change Net Name : Old Net Name=NetOTCP1_2 New Net Name=NetOTCP2_2
Change Net Name : Old Net Name=NetOTCP1_6 New Net Name=NetOTCP2_6
Change Net Name : Old Net Name=NetOTCP_1 New Net Name=NetOTCP1_1
Change Net Name : Old Net Name=NetOTCP_2 New Net Name=NetOTCP1_2
Change Net Name : Old Net Name=NetOTCP_6 New Net Name=NetOTCP1_6
Change Net Name : Old Net Name=NetQ2_1 New Net Name=NetQ4_1
Change Net Name : Old Net Name=NetQ3_1 New Net Name=NetQ5_1
Change Net Name : Old Net Name=NetQ4_1 New Net Name=NetQ6_1
Change Net Name : Old Net Name=NetR7_1 New Net Name=NetR6_1
Change Net Name : Old Net Name=RL1 New Net Name=NetBT2_2
Change Net Name : Old Net Name=RL2 New Net Name=NetBT2_1
Added Pin To Net: NetName=NetBT3_1 Pin=BT3-1
Added Pin To Net: NetName=NetBT3_1 Pin=C6-2
Added Pin To Net: NetName=NetBT3_1 Pin=KF4-1
Added Pin To Net: NetName=NetBT3_1 Pin=R17-2
Added Net: Name=NetBT3_1
Added Pin To Net: NetName=NetBT3_2 Pin=BT3-2
Added Pin To Net: NetName=NetBT3_2 Pin=KF4-2
Added Pin To Net: NetName=NetBT3_2 Pin=R14-2
Added Pin To Net: NetName=NetBT3_2 Pin=R15-1
Added Net: Name=NetBT3_2
Added Pin To Net: NetName=NetBT3_3 Pin=BT3-3
Added Pin To Net: NetName=NetBT3_3 Pin=OTCP3-4
Added Pin To Net: NetName=NetBT3_3 Pin=R17-1
Added Net: Name=NetBT3_3
Added Pin To Net: NetName=NetC6_1 Pin=C6-1
Added Pin To Net: NetName=NetC6_1 Pin=R15-2
Added Net: Name=NetC6_1
Added Pin To Net: NetName=NetD3_1 Pin=D3-1
Added Pin To Net: NetName=NetD3_1 Pin=R16-2
Added Net: Name=NetD3_1
Added Pin To Net: NetName=NetD3_2 Pin=D3-2
Added Pin To Net: NetName=NetD3_2 Pin=Q3-1
Added Net: Name=NetD3_2
Added Pin To Net: NetName=NetKF1_1 Pin=KF1-1
Added Pin To Net: NetName=NetKF1_1 Pin=KF2-2
Added Net: Name=NetKF1_1
Added Pin To Net: NetName=NetOTCP3_1 Pin=OTCP3-1
Added Pin To Net: NetName=NetOTCP3_1 Pin=R13-2
Added Net: Name=NetOTCP3_1
Added Pin To Net: NetName=NetOTCP3_2 Pin=OTCP3-2
Added Pin To Net: NetName=NetOTCP3_2 Pin=Q3-2
Added Net: Name=NetOTCP3_2
Added Pin To Net: NetName=NetOTCP3_6 Pin=OTCP3-6
Added Pin To Net: NetName=NetOTCP3_6 Pin=R14-1
Added Net: Name=NetOTCP3_6
Added Pin To Net: NetName=Van Pin=1-11
Added Pin To Net: NetName=Van Pin=R16-1
Added Net: Name=Van
Added Member To Class: ClassName=SCH_Wash Member=Component C10 104
Added Member To Class: ClassName=SCH_Wash Member=Component D3 SS14
Added Member To Class: ClassName=SCH_Wash Member=Component KF4 VAN
Added Member To Class: ClassName=SCH_Wash Member=Component KF5 12VAC
Added Member To Class: ClassName=SCH_Wash Member=Component OTCP3 OptoCouple
Added Member To Class: ClassName=SCH_Wash Member=Component Q6 C1815
Added Member To Class: ClassName=SCH_Wash Member=Component R34 100R
Added Member To Class: ClassName=SCH_Wash Member=Component R37 1k
Added Member To Class: ClassName=SCH_Wash Member=Component R38 1k
Added Member To Class: ClassName=SCH_Wash Member=Component R39 1k
Added Member To Class: ClassName=SCH_Wash Member=Component R40 100R
