Added Component: Designator=1(QFP80P1200X1200X120-44N)
Add component. Clean all parameters for all variants
Add component (AddParameter): Name = "Availability"; Value = "Unavailable"; VariantName = "[No Variations]"
Add component (AddParameter): Name = "MF"; Value = "Microchip"; VariantName = "[No Variations]"
Add component (AddParameter): Name = "MP"; Value = "PIC16F887-I/PT"; VariantName = "[No Variations]"
Add component (AddParameter): Name = "Package"; Value = "TQFP-44 Microchip"; VariantName = "[No Variations]"
Add component (AddParameter): Name = "Price"; Value = "None"; VariantName = "[No Variations]"
Add component (AddParameter): Name = "SnapEDA_Link"; Value = "https://www.snapeda.com/parts/PIC16F887-I/PT/Microchip/view-part/5739/?ref=snap"; VariantName = "[No Variations]"
Add component (AddParameter): Name = "Value"; Value = ""; VariantName = "[No Variations]"
Added Component: Designator=B1(KBP310)
Add component. Clean all parameters for all variants
Added Component: Designator=B2(KBP310)
Add component. Clean all parameters for all variants
Added Component: Designator=BT1(TO252_NEW)
Add component. Clean all parameters for all variants
Add component (AddParameter): Name = "Chung_Loai"; Value = "Dán"; VariantName = "[No Variations]"
Add component (AddParameter): Name = "Don_Vi"; Value = "Con"; VariantName = "[No Variations]"
Add component (AddParameter): Name = "Ghi_Chu"; Value = ""; VariantName = "[No Variations]"
Add component (AddParameter): Name = "Kieu_Chan"; Value = ""; VariantName = "[No Variations]"
Add component (AddParameter): Name = "Ma_Hang"; Value = "MH005450"; VariantName = "[No Variations]"
Add component (AddParameter): Name = "Ten_Linh_Kien"; Value = "BT137S-600E TO252 TRIAC 8A 600V"; VariantName = "[No Variations]"
Added Component: Designator=BT2(TO252_NEW)
Add component. Clean all parameters for all variants
Add component (AddParameter): Name = "Chung_Loai"; Value = "Dán"; VariantName = "[No Variations]"
Add component (AddParameter): Name = "Don_Vi"; Value = "Con"; VariantName = "[No Variations]"
Add component (AddParameter): Name = "Ghi_Chu"; Value = ""; VariantName = "[No Variations]"
Add component (AddParameter): Name = "Kieu_Chan"; Value = ""; VariantName = "[No Variations]"
Add component (AddParameter): Name = "Ma_Hang"; Value = "MH005450"; VariantName = "[No Variations]"
Add component (AddParameter): Name = "Ten_Linh_Kien"; Value = "BT137S-600E TO252 TRIAC 8A 600V"; VariantName = "[No Variations]"
Added Component: Designator=BT3(TO252_NEW)
Add component. Clean all parameters for all variants
Add component (AddParameter): Name = "Chung_Loai"; Value = "Dán"; VariantName = "[No Variations]"
Add component (AddParameter): Name = "Don_Vi"; Value = "Con"; VariantName = "[No Variations]"
Add component (AddParameter): Name = "Ghi_Chu"; Value = ""; VariantName = "[No Variations]"
Add component (AddParameter): Name = "Kieu_Chan"; Value = ""; VariantName = "[No Variations]"
Add component (AddParameter): Name = "Ma_Hang"; Value = "MH005450"; VariantName = "[No Variations]"
Add component (AddParameter): Name = "Ten_Linh_Kien"; Value = "BT137S-600E TO252 TRIAC 8A 600V"; VariantName = "[No Variations]"
Added Component: Designator=C1(tu 0805)
Add component. Clean all parameters for all variants
Add component (AddParameter): Name = "Chung_Loai"; Value = "Dán"; VariantName = "[No Variations]"
Add component (AddParameter): Name = "Don_Vi"; Value = "Con"; VariantName = "[No Variations]"
Add component (AddParameter): Name = "Kieu_Chan"; Value = ""; VariantName = "[No Variations]"
Add component (AddParameter): Name = "Ma_Hang"; Value = "MH004551"; VariantName = "[No Variations]"
Add component (AddParameter): Name = "So_Chan"; Value = "2"; VariantName = "[No Variations]"
Add component (AddParameter): Name = "Ten_Linh_Kien"; Value = "T? 0805 104-100nF 10% 50V"; VariantName = "[No Variations]"
Added Component: Designator=C2(tu 0805)
Add component. Clean all parameters for all variants
Add component (AddParameter): Name = "Chung_Loai"; Value = "Dán"; VariantName = "[No Variations]"
Add component (AddParameter): Name = "Don_Vi"; Value = "Con"; VariantName = "[No Variations]"
Add component (AddParameter): Name = "Kieu_Chan"; Value = ""; VariantName = "[No Variations]"
Add component (AddParameter): Name = "Ma_Hang"; Value = "MH004551"; VariantName = "[No Variations]"
Add component (AddParameter): Name = "So_Chan"; Value = "2"; VariantName = "[No Variations]"
Add component (AddParameter): Name = "Ten_Linh_Kien"; Value = "T? 0805 104-100nF 10% 50V"; VariantName = "[No Variations]"
Added Component: Designator=C3(tu 0805)
Add component. Clean all parameters for all variants
Add component (AddParameter): Name = "Chung_Loai"; Value = "Dán"; VariantName = "[No Variations]"
Add component (AddParameter): Name = "Don_Vi"; Value = "Con"; VariantName = "[No Variations]"
Add component (AddParameter): Name = "Kieu_Chan"; Value = ""; VariantName = "[No Variations]"
Add component (AddParameter): Name = "Ma_Hang"; Value = "MH004551"; VariantName = "[No Variations]"
Add component (AddParameter): Name = "So_Chan"; Value = "2"; VariantName = "[No Variations]"
Add component (AddParameter): Name = "Ten_Linh_Kien"; Value = "T? 0805 104-100nF 10% 50V"; VariantName = "[No Variations]"
Added Component: Designator=C4(tu 0805)
Add component. Clean all parameters for all variants
Add component (AddParameter): Name = "Chung_Loai"; Value = "Dán"; VariantName = "[No Variations]"
Add component (AddParameter): Name = "Don_Vi"; Value = "Con"; VariantName = "[No Variations]"
Add component (AddParameter): Name = "Kieu_Chan"; Value = ""; VariantName = "[No Variations]"
Add component (AddParameter): Name = "Ma_Hang"; Value = "MH004560"; VariantName = "[No Variations]"
Add component (AddParameter): Name = "So_Chan"; Value = "2"; VariantName = "[No Variations]"
Add component (AddParameter): Name = "Ten_Linh_Kien"; Value = "T? 0805 22P 10% 50V"; VariantName = "[No Variations]"
Added Component: Designator=C5(tu 0805)
Add component. Clean all parameters for all variants
Add component (AddParameter): Name = "Chung_Loai"; Value = "Dán"; VariantName = "[No Variations]"
Add component (AddParameter): Name = "Don_Vi"; Value = "Con"; VariantName = "[No Variations]"
Add component (AddParameter): Name = "Kieu_Chan"; Value = ""; VariantName = "[No Variations]"
Add component (AddParameter): Name = "Ma_Hang"; Value = "MH004560"; VariantName = "[No Variations]"
Add component (AddParameter): Name = "So_Chan"; Value = "2"; VariantName = "[No Variations]"
Add component (AddParameter): Name = "Ten_Linh_Kien"; Value = "T? 0805 22P 10% 50V"; VariantName = "[No Variations]"
Added Component: Designator=C6(tu 0805)
Add component. Clean all parameters for all variants
Add component (AddParameter): Name = "Chung_Loai"; Value = "Dán"; VariantName = "[No Variations]"
Add component (AddParameter): Name = "Don_Vi"; Value = "Con"; VariantName = "[No Variations]"
Add component (AddParameter): Name = "Kieu_Chan"; Value = ""; VariantName = "[No Variations]"
Add component (AddParameter): Name = "Ma_Hang"; Value = "MH004551"; VariantName = "[No Variations]"
Add component (AddParameter): Name = "So_Chan"; Value = "2"; VariantName = "[No Variations]"
Add component (AddParameter): Name = "Ten_Linh_Kien"; Value = "T? 0805 104-100nF 10% 50V"; VariantName = "[No Variations]"
Added Component: Designator=C7(tu 0805)
Add component. Clean all parameters for all variants
Add component (AddParameter): Name = "Chung_Loai"; Value = "Dán"; VariantName = "[No Variations]"
Add component (AddParameter): Name = "Don_Vi"; Value = "Con"; VariantName = "[No Variations]"
Add component (AddParameter): Name = "Kieu_Chan"; Value = ""; VariantName = "[No Variations]"
Add component (AddParameter): Name = "Ma_Hang"; Value = "MH004551"; VariantName = "[No Variations]"
Add component (AddParameter): Name = "So_Chan"; Value = "2"; VariantName = "[No Variations]"
Add component (AddParameter): Name = "Ten_Linh_Kien"; Value = "T? 0805 104-100nF 10% 50V"; VariantName = "[No Variations]"
Added Component: Designator=C8(tu nhom 10 (G))
Add component. Clean all parameters for all variants
Add component (AddParameter): Name = "Chung_Loai"; Value = "Dán"; VariantName = "[No Variations]"
Add component (AddParameter): Name = "Don_Vi"; Value = "Con"; VariantName = "[No Variations]"
Add component (AddParameter): Name = "Kieu_Chan"; Value = ""; VariantName = "[No Variations]"
Add component (AddParameter): Name = "Ma_Hang"; Value = "MH004419"; VariantName = "[No Variations]"
Add component (AddParameter): Name = "So_Chan"; Value = "2"; VariantName = "[No Variations]"
Add component (AddParameter): Name = "Ten_Linh_Kien"; Value = "T? Nhôm 1000uF 16V 10x10MM"; VariantName = "[No Variations]"
Added Component: Designator=C9(tu nhom 10 (G))
Add component. Clean all parameters for all variants
Add component (AddParameter): Name = "Chung_Loai"; Value = "Dán"; VariantName = "[No Variations]"
Add component (AddParameter): Name = "Don_Vi"; Value = "Con"; VariantName = "[No Variations]"
Add component (AddParameter): Name = "Kieu_Chan"; Value = ""; VariantName = "[No Variations]"
Add component (AddParameter): Name = "Ma_Hang"; Value = "MH004419"; VariantName = "[No Variations]"
Add component (AddParameter): Name = "So_Chan"; Value = "2"; VariantName = "[No Variations]"
Add component (AddParameter): Name = "Ten_Linh_Kien"; Value = "T? Nhôm 1000uF 16V 10x10MM"; VariantName = "[No Variations]"
Added Component: Designator=C10(tu 0805)
Add component. Clean all parameters for all variants
Add component (AddParameter): Name = "Chung_Loai"; Value = "Dán"; VariantName = "[No Variations]"
Add component (AddParameter): Name = "Don_Vi"; Value = "Con"; VariantName = "[No Variations]"
Add component (AddParameter): Name = "Kieu_Chan"; Value = ""; VariantName = "[No Variations]"
Add component (AddParameter): Name = "Ma_Hang"; Value = "MH004551"; VariantName = "[No Variations]"
Add component (AddParameter): Name = "So_Chan"; Value = "2"; VariantName = "[No Variations]"
Add component (AddParameter): Name = "Ten_Linh_Kien"; Value = "T? 0805 104-100nF 10% 50V"; VariantName = "[No Variations]"
Added Component: Designator=C11(tu 0805)
Add component. Clean all parameters for all variants
Add component (AddParameter): Name = "Chung_Loai"; Value = "Dán"; VariantName = "[No Variations]"
Add component (AddParameter): Name = "Don_Vi"; Value = "Con"; VariantName = "[No Variations]"
Add component (AddParameter): Name = "Kieu_Chan"; Value = ""; VariantName = "[No Variations]"
Add component (AddParameter): Name = "Ma_Hang"; Value = "MH004551"; VariantName = "[No Variations]"
Add component (AddParameter): Name = "So_Chan"; Value = "2"; VariantName = "[No Variations]"
Add component (AddParameter): Name = "Ten_Linh_Kien"; Value = "T? 0805 104-100nF 10% 50V"; VariantName = "[No Variations]"
Added Component: Designator=D1(DIODE SMD)
Add component. Clean all parameters for all variants
Add component (AddParameter): Name = "Chung_Loai"; Value = "Dán"; VariantName = "[No Variations]"
Add component (AddParameter): Name = "Don_Vi"; Value = "Con"; VariantName = "[No Variations]"
Add component (AddParameter): Name = "Ghi_Chu"; Value = ""; VariantName = "[No Variations]"
Add component (AddParameter): Name = "Kieu_Chan"; Value = ""; VariantName = "[No Variations]"
Add component (AddParameter): Name = "Ma_Hang"; Value = "MH002211"; VariantName = "[No Variations]"
Add component (AddParameter): Name = "Ten_Linh_Kien"; Value = "Diode SS14 DO214 Schottky 1A 40V ( 1N5819 DO214)"; VariantName = "[No Variations]"
Added Component: Designator=D2(DIODE SMD)
Add component. Clean all parameters for all variants
Add component (AddParameter): Name = "Chung_Loai"; Value = "Dán"; VariantName = "[No Variations]"
Add component (AddParameter): Name = "Don_Vi"; Value = "Con"; VariantName = "[No Variations]"
Add component (AddParameter): Name = "Ghi_Chu"; Value = ""; VariantName = "[No Variations]"
Add component (AddParameter): Name = "Kieu_Chan"; Value = ""; VariantName = "[No Variations]"
Add component (AddParameter): Name = "Ma_Hang"; Value = "MH002211"; VariantName = "[No Variations]"
Add component (AddParameter): Name = "Ten_Linh_Kien"; Value = "Diode SS14 DO214 Schottky 1A 40V ( 1N5819 DO214)"; VariantName = "[No Variations]"
Added Component: Designator=D3(DIODE SMD)
Add component. Clean all parameters for all variants
Add component (AddParameter): Name = "Chung_Loai"; Value = "Dán"; VariantName = "[No Variations]"
Add component (AddParameter): Name = "Don_Vi"; Value = "Con"; VariantName = "[No Variations]"
Add component (AddParameter): Name = "Ghi_Chu"; Value = ""; VariantName = "[No Variations]"
Add component (AddParameter): Name = "Kieu_Chan"; Value = ""; VariantName = "[No Variations]"
Add component (AddParameter): Name = "Ma_Hang"; Value = "MH002211"; VariantName = "[No Variations]"
Add component (AddParameter): Name = "Ten_Linh_Kien"; Value = "Diode SS14 DO214 Schottky 1A 40V ( 1N5819 DO214)"; VariantName = "[No Variations]"
Added Component: Designator=H1(Header 6P DC 2.54)
Add component. Clean all parameters for all variants
Add component (AddParameter): Name = "Chung_Loai"; Value = "C?m"; VariantName = "[No Variations]"
Add component (AddParameter): Name = "Don_Vi"; Value = "Con"; VariantName = "[No Variations]"
Add component (AddParameter): Name = "Ghi_Chu"; Value = ""; VariantName = "[No Variations]"
Add component (AddParameter): Name = "Kieu_Chan"; Value = ""; VariantName = "[No Variations]"
Add component (AddParameter): Name = "Ma_Hang"; Value = "MH003363"; VariantName = "[No Variations]"
Add component (AddParameter): Name = "Ten_Linh_Kien"; Value = "Header 6P XH2.54-6P Ð?c Cong"; VariantName = "[No Variations]"
Added Component: Designator=H2(XH2.54M-2)
Add component. Clean all parameters for all variants
Add component (AddParameter): Name = "Chung_Loai"; Value = "C?m"; VariantName = "[No Variations]"
Add component (AddParameter): Name = "Don_Vi"; Value = "Con"; VariantName = "[No Variations]"
Add component (AddParameter): Name = "Ghi_Chu"; Value = ""; VariantName = "[No Variations]"
Add component (AddParameter): Name = "Kieu_Chan"; Value = ""; VariantName = "[No Variations]"
Add component (AddParameter): Name = "Ma_Hang"; Value = "MH001283"; VariantName = "[No Variations]"
Add component (AddParameter): Name = "Ten_Linh_Kien"; Value = "Header 2P XH2.54-2P Ð?c Th?ng"; VariantName = "[No Variations]"
Added Component: Designator=H3(XH2.54M-2)
Add component. Clean all parameters for all variants
Add component (AddParameter): Name = "Chung_Loai"; Value = "C?m"; VariantName = "[No Variations]"
Add component (AddParameter): Name = "Don_Vi"; Value = "Con"; VariantName = "[No Variations]"
Add component (AddParameter): Name = "Ghi_Chu"; Value = ""; VariantName = "[No Variations]"
Add component (AddParameter): Name = "Kieu_Chan"; Value = ""; VariantName = "[No Variations]"
Add component (AddParameter): Name = "Ma_Hang"; Value = "MH001283"; VariantName = "[No Variations]"
Add component (AddParameter): Name = "Ten_Linh_Kien"; Value = "Header 2P XH2.54-2P Ð?c Th?ng"; VariantName = "[No Variations]"
Added Component: Designator=H4(XH2.54M-2)
Add component. Clean all parameters for all variants
Add component (AddParameter): Name = "Chung_Loai"; Value = "C?m"; VariantName = "[No Variations]"
Add component (AddParameter): Name = "Don_Vi"; Value = "Con"; VariantName = "[No Variations]"
Add component (AddParameter): Name = "Ghi_Chu"; Value = ""; VariantName = "[No Variations]"
Add component (AddParameter): Name = "Kieu_Chan"; Value = ""; VariantName = "[No Variations]"
Add component (AddParameter): Name = "Ma_Hang"; Value = "MH001283"; VariantName = "[No Variations]"
Add component (AddParameter): Name = "Ten_Linh_Kien"; Value = "Header 2P XH2.54-2P Ð?c Th?ng"; VariantName = "[No Variations]"
Added Component: Designator=H5(XH2.54M-2)
Add component. Clean all parameters for all variants
Add component (AddParameter): Name = "Chung_Loai"; Value = "C?m"; VariantName = "[No Variations]"
Add component (AddParameter): Name = "Don_Vi"; Value = "Con"; VariantName = "[No Variations]"
Add component (AddParameter): Name = "Ghi_Chu"; Value = ""; VariantName = "[No Variations]"
Add component (AddParameter): Name = "Kieu_Chan"; Value = ""; VariantName = "[No Variations]"
Add component (AddParameter): Name = "Ma_Hang"; Value = "MH001283"; VariantName = "[No Variations]"
Add component (AddParameter): Name = "Ten_Linh_Kien"; Value = "Header 2P XH2.54-2P Ð?c Th?ng"; VariantName = "[No Variations]"
Added Component: Designator=L1(7SEG_3DIGIT_0.56INCH)
Add component. Clean all parameters for all variants
Added Component: Designator=L2(7SEG_3DIGIT_0.56INCH)
Add component. Clean all parameters for all variants
Added Component: Designator=OTCP1(OPTOCOUPLER_H11F3SR2M)
Add component. Clean all parameters for all variants
Added Component: Designator=OTCP2(OPTOCOUPLER_H11F3SR2M)
Add component. Clean all parameters for all variants
Added Component: Designator=OTCP3(OPTOCOUPLER_H11F3SR2M)
Add component. Clean all parameters for all variants
Added Component: Designator=Q1(QTO-92)
Add component. Clean all parameters for all variants
Add component (AddParameter): Name = "Chung_Loai"; Value = "Dán"; VariantName = "[No Variations]"
Add component (AddParameter): Name = "Don_Vi"; Value = "Con"; VariantName = "[No Variations]"
Add component (AddParameter): Name = "Ghi_Chu"; Value = ""; VariantName = "[No Variations]"
Add component (AddParameter): Name = "Kieu_Chan"; Value = ""; VariantName = "[No Variations]"
Add component (AddParameter): Name = "Ma_Hang"; Value = "MH000946"; VariantName = "[No Variations]"
Add component (AddParameter): Name = "Ten_Linh_Kien"; Value = "C1815 SOT23 TRANS NPN 0.15A 50V (SMD-HF)"; VariantName = "[No Variations]"
Added Component: Designator=Q2(QTO-92)
Add component. Clean all parameters for all variants
Add component (AddParameter): Name = "Chung_Loai"; Value = "Dán"; VariantName = "[No Variations]"
Add component (AddParameter): Name = "Don_Vi"; Value = "Con"; VariantName = "[No Variations]"
Add component (AddParameter): Name = "Ghi_Chu"; Value = ""; VariantName = "[No Variations]"
Add component (AddParameter): Name = "Kieu_Chan"; Value = ""; VariantName = "[No Variations]"
Add component (AddParameter): Name = "Ma_Hang"; Value = "MH000946"; VariantName = "[No Variations]"
Add component (AddParameter): Name = "Ten_Linh_Kien"; Value = "C1815 SOT23 TRANS NPN 0.15A 50V (SMD-HF)"; VariantName = "[No Variations]"
Added Component: Designator=Q3(QTO-92)
Add component. Clean all parameters for all variants
Add component (AddParameter): Name = "Chung_Loai"; Value = "Dán"; VariantName = "[No Variations]"
Add component (AddParameter): Name = "Don_Vi"; Value = "Con"; VariantName = "[No Variations]"
Add component (AddParameter): Name = "Ghi_Chu"; Value = ""; VariantName = "[No Variations]"
Add component (AddParameter): Name = "Kieu_Chan"; Value = ""; VariantName = "[No Variations]"
Add component (AddParameter): Name = "Ma_Hang"; Value = "MH000946"; VariantName = "[No Variations]"
Add component (AddParameter): Name = "Ten_Linh_Kien"; Value = "C1815 SOT23 TRANS NPN 0.15A 50V (SMD-HF)"; VariantName = "[No Variations]"
Added Component: Designator=Q4(SOT23B)
Add component. Clean all parameters for all variants
Add component (AddParameter): Name = "Chung_Loai"; Value = "Dán"; VariantName = "[No Variations]"
Add component (AddParameter): Name = "Don_Vi"; Value = "Con"; VariantName = "[No Variations]"
Add component (AddParameter): Name = "Ghi_Chu"; Value = ""; VariantName = "[No Variations]"
Add component (AddParameter): Name = "Kieu_Chan"; Value = ""; VariantName = "[No Variations]"
Add component (AddParameter): Name = "Ma_Hang"; Value = "MH000946"; VariantName = "[No Variations]"
Add component (AddParameter): Name = "Ten_Linh_Kien"; Value = "C1815 SOT23 TRANS NPN 0.15A 50V (SMD-HF)"; VariantName = "[No Variations]"
Added Component: Designator=Q5(SOT23B)
Add component. Clean all parameters for all variants
Add component (AddParameter): Name = "Chung_Loai"; Value = "Dán"; VariantName = "[No Variations]"
Add component (AddParameter): Name = "Don_Vi"; Value = "Con"; VariantName = "[No Variations]"
Add component (AddParameter): Name = "Ghi_Chu"; Value = ""; VariantName = "[No Variations]"
Add component (AddParameter): Name = "Kieu_Chan"; Value = ""; VariantName = "[No Variations]"
Add component (AddParameter): Name = "Ma_Hang"; Value = "MH000946"; VariantName = "[No Variations]"
Add component (AddParameter): Name = "Ten_Linh_Kien"; Value = "C1815 SOT23 TRANS NPN 0.15A 50V (SMD-HF)"; VariantName = "[No Variations]"
Added Component: Designator=Q6(SOT23B)
Add component. Clean all parameters for all variants
Add component (AddParameter): Name = "Chung_Loai"; Value = "Dán"; VariantName = "[No Variations]"
Add component (AddParameter): Name = "Don_Vi"; Value = "Con"; VariantName = "[No Variations]"
Add component (AddParameter): Name = "Ghi_Chu"; Value = ""; VariantName = "[No Variations]"
Add component (AddParameter): Name = "Kieu_Chan"; Value = ""; VariantName = "[No Variations]"
Add component (AddParameter): Name = "Ma_Hang"; Value = "MH000946"; VariantName = "[No Variations]"
Add component (AddParameter): Name = "Ten_Linh_Kien"; Value = "C1815 SOT23 TRANS NPN 0.15A 50V (SMD-HF)"; VariantName = "[No Variations]"
Added Component: Designator=R1(Tro SMD 0805)
Add component. Clean all parameters for all variants
Add component (AddParameter): Name = "Chung_Loai"; Value = "Dán"; VariantName = "[No Variations]"
Add component (AddParameter): Name = "Don_Vi"; Value = "Con"; VariantName = "[No Variations]"
Add component (AddParameter): Name = "Kieu_Chan"; Value = ""; VariantName = "[No Variations]"
Add component (AddParameter): Name = "Ma_Hang"; Value = "MH005337"; VariantName = "[No Variations]"
Add component (AddParameter): Name = "So_Chan"; Value = "2"; VariantName = "[No Variations]"
Add component (AddParameter): Name = "Ten_Linh_Kien"; Value = "Tr? 0805 5% 330R"; VariantName = "[No Variations]"
Added Component: Designator=R2(Tro SMD 0805)
Add component. Clean all parameters for all variants
Add component (AddParameter): Name = "Chung_Loai"; Value = "Dán"; VariantName = "[No Variations]"
Add component (AddParameter): Name = "Don_Vi"; Value = "Con"; VariantName = "[No Variations]"
Add component (AddParameter): Name = "Kieu_Chan"; Value = ""; VariantName = "[No Variations]"
Add component (AddParameter): Name = "Ma_Hang"; Value = "MH005341"; VariantName = "[No Variations]"
Add component (AddParameter): Name = "So_Chan"; Value = "2"; VariantName = "[No Variations]"
Add component (AddParameter): Name = "Ten_Linh_Kien"; Value = "Tr? 0805 5% 470R"; VariantName = "[No Variations]"
Added Component: Designator=R3(Tro SMD 0805)
Add component. Clean all parameters for all variants
Add component (AddParameter): Name = "Chung_Loai"; Value = "Dán"; VariantName = "[No Variations]"
Add component (AddParameter): Name = "Don_Vi"; Value = "Con"; VariantName = "[No Variations]"
Add component (AddParameter): Name = "Kieu_Chan"; Value = ""; VariantName = "[No Variations]"
Add component (AddParameter): Name = "Ma_Hang"; Value = "MH005339"; VariantName = "[No Variations]"
Add component (AddParameter): Name = "So_Chan"; Value = "2"; VariantName = "[No Variations]"
Add component (AddParameter): Name = "Ten_Linh_Kien"; Value = "Tr? 0805 5% 390R"; VariantName = "[No Variations]"
Added Component: Designator=R4(tro smd 0805)
Add component. Clean all parameters for all variants
Add component (AddParameter): Name = "Chung_Loai"; Value = "Dán"; VariantName = "[No Variations]"
Add component (AddParameter): Name = "Don_Vi"; Value = "Con"; VariantName = "[No Variations]"
Add component (AddParameter): Name = "Kieu_Chan"; Value = ""; VariantName = "[No Variations]"
Add component (AddParameter): Name = "Ma_Hang"; Value = "MH005487"; VariantName = "[No Variations]"
Add component (AddParameter): Name = "So_Chan"; Value = "2"; VariantName = "[No Variations]"
Add component (AddParameter): Name = "Ten_Linh_Kien"; Value = "Tr? 0805 1% 680R"; VariantName = "[No Variations]"
Added Component: Designator=R5(Tro SMD 0805)
Add component. Clean all parameters for all variants
Add component (AddParameter): Name = "Chung_Loai"; Value = "Dán"; VariantName = "[No Variations]"
Add component (AddParameter): Name = "Don_Vi"; Value = "Con"; VariantName = "[No Variations]"
Add component (AddParameter): Name = "Kieu_Chan"; Value = ""; VariantName = "[No Variations]"
Add component (AddParameter): Name = "Ma_Hang"; Value = "MH005337"; VariantName = "[No Variations]"
Add component (AddParameter): Name = "So_Chan"; Value = "2"; VariantName = "[No Variations]"
Add component (AddParameter): Name = "Ten_Linh_Kien"; Value = "Tr? 0805 5% 330R"; VariantName = "[No Variations]"
Added Component: Designator=R6(tro smd 0805)
Add component. Clean all parameters for all variants
Add component (AddParameter): Name = "Chung_Loai"; Value = "Dán"; VariantName = "[No Variations]"
Add component (AddParameter): Name = "Don_Vi"; Value = "Con"; VariantName = "[No Variations]"
Add component (AddParameter): Name = "Kieu_Chan"; Value = ""; VariantName = "[No Variations]"
Add component (AddParameter): Name = "Ma_Hang"; Value = "MH005259"; VariantName = "[No Variations]"
Add component (AddParameter): Name = "So_Chan"; Value = "2"; VariantName = "[No Variations]"
Add component (AddParameter): Name = "Ten_Linh_Kien"; Value = "Tr? 0805 5% 220R"; VariantName = "[No Variations]"
Added Component: Designator=R7(tro smd 0805)
Add component. Clean all parameters for all variants
Add component (AddParameter): Name = "Chung_Loai"; Value = "Dán"; VariantName = "[No Variations]"
Add component (AddParameter): Name = "Don_Vi"; Value = "Con"; VariantName = "[No Variations]"
Add component (AddParameter): Name = "Kieu_Chan"; Value = ""; VariantName = "[No Variations]"
Add component (AddParameter): Name = "Ma_Hang"; Value = "MH005468"; VariantName = "[No Variations]"
Add component (AddParameter): Name = "So_Chan"; Value = "2"; VariantName = "[No Variations]"
Add component (AddParameter): Name = "Ten_Linh_Kien"; Value = "Tr? 0805 1% 1k"; VariantName = "[No Variations]"
Added Component: Designator=R8(Tro SMD 0805)
Add component. Clean all parameters for all variants
Add component (AddParameter): Name = "Chung_Loai"; Value = "Dán"; VariantName = "[No Variations]"
Add component (AddParameter): Name = "Don_Vi"; Value = "Con"; VariantName = "[No Variations]"
Add component (AddParameter): Name = "Kieu_Chan"; Value = ""; VariantName = "[No Variations]"
Add component (AddParameter): Name = "Ma_Hang"; Value = "MH005341"; VariantName = "[No Variations]"
Add component (AddParameter): Name = "So_Chan"; Value = "2"; VariantName = "[No Variations]"
Add component (AddParameter): Name = "Ten_Linh_Kien"; Value = "Tr? 0805 5% 470R"; VariantName = "[No Variations]"
Added Component: Designator=R9(Tro SMD 0805)
Add component. Clean all parameters for all variants
Add component (AddParameter): Name = "Chung_Loai"; Value = "Dán"; VariantName = "[No Variations]"
Add component (AddParameter): Name = "Don_Vi"; Value = "Con"; VariantName = "[No Variations]"
Add component (AddParameter): Name = "Kieu_Chan"; Value = ""; VariantName = "[No Variations]"
Add component (AddParameter): Name = "Ma_Hang"; Value = "MH005337"; VariantName = "[No Variations]"
Add component (AddParameter): Name = "So_Chan"; Value = "2"; VariantName = "[No Variations]"
Add component (AddParameter): Name = "Ten_Linh_Kien"; Value = "Tr? 0805 5% 330R"; VariantName = "[No Variations]"
Added Component: Designator=R10(Tro SMD 0805)
Add component. Clean all parameters for all variants
Add component (AddParameter): Name = "Chung_Loai"; Value = "Dán"; VariantName = "[No Variations]"
Add component (AddParameter): Name = "Don_Vi"; Value = "Con"; VariantName = "[No Variations]"
Add component (AddParameter): Name = "Kieu_Chan"; Value = ""; VariantName = "[No Variations]"
Add component (AddParameter): Name = "Ma_Hang"; Value = "MH005339"; VariantName = "[No Variations]"
Add component (AddParameter): Name = "So_Chan"; Value = "2"; VariantName = "[No Variations]"
Add component (AddParameter): Name = "Ten_Linh_Kien"; Value = "Tr? 0805 5% 390R"; VariantName = "[No Variations]"
Added Component: Designator=R11(tro smd 0805)
Add component. Clean all parameters for all variants
Add component (AddParameter): Name = "Chung_Loai"; Value = "Dán"; VariantName = "[No Variations]"
Add component (AddParameter): Name = "Don_Vi"; Value = "Con"; VariantName = "[No Variations]"
Add component (AddParameter): Name = "Kieu_Chan"; Value = ""; VariantName = "[No Variations]"
Add component (AddParameter): Name = "Ma_Hang"; Value = "MH005487"; VariantName = "[No Variations]"
Add component (AddParameter): Name = "So_Chan"; Value = "2"; VariantName = "[No Variations]"
Add component (AddParameter): Name = "Ten_Linh_Kien"; Value = "Tr? 0805 1% 680R"; VariantName = "[No Variations]"
Added Component: Designator=R12(Tro SMD 0805)
Add component. Clean all parameters for all variants
Add component (AddParameter): Name = "Chung_Loai"; Value = "Dán"; VariantName = "[No Variations]"
Add component (AddParameter): Name = "Don_Vi"; Value = "Con"; VariantName = "[No Variations]"
Add component (AddParameter): Name = "Kieu_Chan"; Value = ""; VariantName = "[No Variations]"
Add component (AddParameter): Name = "Ma_Hang"; Value = "MH005337"; VariantName = "[No Variations]"
Add component (AddParameter): Name = "So_Chan"; Value = "2"; VariantName = "[No Variations]"
Add component (AddParameter): Name = "Ten_Linh_Kien"; Value = "Tr? 0805 5% 330R"; VariantName = "[No Variations]"
Added Component: Designator=R13(Tro SMD 0805)
Add component. Clean all parameters for all variants
Add component (AddParameter): Name = "Chung_Loai"; Value = "Dán"; VariantName = "[No Variations]"
Add component (AddParameter): Name = "Don_Vi"; Value = "Con"; VariantName = "[No Variations]"
Add component (AddParameter): Name = "Kieu_Chan"; Value = ""; VariantName = "[No Variations]"
Add component (AddParameter): Name = "Ma_Hang"; Value = "MH005341"; VariantName = "[No Variations]"
Add component (AddParameter): Name = "So_Chan"; Value = "2"; VariantName = "[No Variations]"
Add component (AddParameter): Name = "Ten_Linh_Kien"; Value = "Tr? 0805 5% 470R"; VariantName = "[No Variations]"
Added Component: Designator=R14(Tro SMD 0805)
Add component. Clean all parameters for all variants
Add component (AddParameter): Name = "Chung_Loai"; Value = "Dán"; VariantName = "[No Variations]"
Add component (AddParameter): Name = "Don_Vi"; Value = "Con"; VariantName = "[No Variations]"
Add component (AddParameter): Name = "Kieu_Chan"; Value = ""; VariantName = "[No Variations]"
Add component (AddParameter): Name = "Ma_Hang"; Value = "MH005337"; VariantName = "[No Variations]"
Add component (AddParameter): Name = "So_Chan"; Value = "2"; VariantName = "[No Variations]"
Add component (AddParameter): Name = "Ten_Linh_Kien"; Value = "Tr? 0805 5% 330R"; VariantName = "[No Variations]"
Added Component: Designator=R15(Tro SMD 0805)
Add component. Clean all parameters for all variants
Add component (AddParameter): Name = "Chung_Loai"; Value = "Dán"; VariantName = "[No Variations]"
Add component (AddParameter): Name = "Don_Vi"; Value = "Con"; VariantName = "[No Variations]"
Add component (AddParameter): Name = "Kieu_Chan"; Value = ""; VariantName = "[No Variations]"
Add component (AddParameter): Name = "Ma_Hang"; Value = "MH005339"; VariantName = "[No Variations]"
Add component (AddParameter): Name = "So_Chan"; Value = "2"; VariantName = "[No Variations]"
Add component (AddParameter): Name = "Ten_Linh_Kien"; Value = "Tr? 0805 5% 390R"; VariantName = "[No Variations]"
Added Component: Designator=R16(tro smd 0805)
Add component. Clean all parameters for all variants
Add component (AddParameter): Name = "Chung_Loai"; Value = "Dán"; VariantName = "[No Variations]"
Add component (AddParameter): Name = "Don_Vi"; Value = "Con"; VariantName = "[No Variations]"
Add component (AddParameter): Name = "Kieu_Chan"; Value = ""; VariantName = "[No Variations]"
Add component (AddParameter): Name = "Ma_Hang"; Value = "MH005487"; VariantName = "[No Variations]"
Add component (AddParameter): Name = "So_Chan"; Value = "2"; VariantName = "[No Variations]"
Add component (AddParameter): Name = "Ten_Linh_Kien"; Value = "Tr? 0805 1% 680R"; VariantName = "[No Variations]"
Added Component: Designator=R17(Tro SMD 0805)
Add component. Clean all parameters for all variants
Add component (AddParameter): Name = "Chung_Loai"; Value = "Dán"; VariantName = "[No Variations]"
Add component (AddParameter): Name = "Don_Vi"; Value = "Con"; VariantName = "[No Variations]"
Add component (AddParameter): Name = "Kieu_Chan"; Value = ""; VariantName = "[No Variations]"
Add component (AddParameter): Name = "Ma_Hang"; Value = "MH005337"; VariantName = "[No Variations]"
Add component (AddParameter): Name = "So_Chan"; Value = "2"; VariantName = "[No Variations]"
Add component (AddParameter): Name = "Ten_Linh_Kien"; Value = "Tr? 0805 5% 330R"; VariantName = "[No Variations]"
Added Component: Designator=R18(tro smd 0805)
Add component. Clean all parameters for all variants
Add component (AddParameter): Name = "Chung_Loai"; Value = "Dán"; VariantName = "[No Variations]"
Add component (AddParameter): Name = "Don_Vi"; Value = "Con"; VariantName = "[No Variations]"
Add component (AddParameter): Name = "Kieu_Chan"; Value = ""; VariantName = "[No Variations]"
Add component (AddParameter): Name = "Ma_Hang"; Value = "MH005251"; VariantName = "[No Variations]"
Add component (AddParameter): Name = "So_Chan"; Value = "2"; VariantName = "[No Variations]"
Add component (AddParameter): Name = "Ten_Linh_Kien"; Value = "Tr? 0805 5% 100R"; VariantName = "[No Variations]"
Added Component: Designator=R19(tro smd 0805)
Add component. Clean all parameters for all variants
Add component (AddParameter): Name = "Chung_Loai"; Value = "Dán"; VariantName = "[No Variations]"
Add component (AddParameter): Name = "Don_Vi"; Value = "Con"; VariantName = "[No Variations]"
Add component (AddParameter): Name = "Kieu_Chan"; Value = ""; VariantName = "[No Variations]"
Add component (AddParameter): Name = "Ma_Hang"; Value = "MH005251"; VariantName = "[No Variations]"
Add component (AddParameter): Name = "So_Chan"; Value = "2"; VariantName = "[No Variations]"
Add component (AddParameter): Name = "Ten_Linh_Kien"; Value = "Tr? 0805 5% 100R"; VariantName = "[No Variations]"
Added Component: Designator=R20(tro smd 0805)
Add component. Clean all parameters for all variants
Add component (AddParameter): Name = "Chung_Loai"; Value = "Dán"; VariantName = "[No Variations]"
Add component (AddParameter): Name = "Don_Vi"; Value = "Con"; VariantName = "[No Variations]"
Add component (AddParameter): Name = "Kieu_Chan"; Value = ""; VariantName = "[No Variations]"
Add component (AddParameter): Name = "Ma_Hang"; Value = "MH005251"; VariantName = "[No Variations]"
Add component (AddParameter): Name = "So_Chan"; Value = "2"; VariantName = "[No Variations]"
Add component (AddParameter): Name = "Ten_Linh_Kien"; Value = "Tr? 0805 5% 100R"; VariantName = "[No Variations]"
Added Component: Designator=R21(tro smd 0805)
Add component. Clean all parameters for all variants
Add component (AddParameter): Name = "Chung_Loai"; Value = "Dán"; VariantName = "[No Variations]"
Add component (AddParameter): Name = "Don_Vi"; Value = "Con"; VariantName = "[No Variations]"
Add component (AddParameter): Name = "Kieu_Chan"; Value = ""; VariantName = "[No Variations]"
Add component (AddParameter): Name = "Ma_Hang"; Value = "MH005251"; VariantName = "[No Variations]"
Add component (AddParameter): Name = "So_Chan"; Value = "2"; VariantName = "[No Variations]"
Add component (AddParameter): Name = "Ten_Linh_Kien"; Value = "Tr? 0805 5% 100R"; VariantName = "[No Variations]"
Added Component: Designator=R22(tro smd 0805)
Add component. Clean all parameters for all variants
Add component (AddParameter): Name = "Chung_Loai"; Value = "Dán"; VariantName = "[No Variations]"
Add component (AddParameter): Name = "Don_Vi"; Value = "Con"; VariantName = "[No Variations]"
Add component (AddParameter): Name = "Kieu_Chan"; Value = ""; VariantName = "[No Variations]"
Add component (AddParameter): Name = "Ma_Hang"; Value = "MH005251"; VariantName = "[No Variations]"
Add component (AddParameter): Name = "So_Chan"; Value = "2"; VariantName = "[No Variations]"
Add component (AddParameter): Name = "Ten_Linh_Kien"; Value = "Tr? 0805 5% 100R"; VariantName = "[No Variations]"
Added Component: Designator=R23(tro smd 0805)
Add component. Clean all parameters for all variants
Add component (AddParameter): Name = "Chung_Loai"; Value = "Dán"; VariantName = "[No Variations]"
Add component (AddParameter): Name = "Don_Vi"; Value = "Con"; VariantName = "[No Variations]"
Add component (AddParameter): Name = "Kieu_Chan"; Value = ""; VariantName = "[No Variations]"
Add component (AddParameter): Name = "Ma_Hang"; Value = "MH005251"; VariantName = "[No Variations]"
Add component (AddParameter): Name = "So_Chan"; Value = "2"; VariantName = "[No Variations]"
Add component (AddParameter): Name = "Ten_Linh_Kien"; Value = "Tr? 0805 5% 100R"; VariantName = "[No Variations]"
Added Component: Designator=R24(tro smd 0805)
Add component. Clean all parameters for all variants
Add component (AddParameter): Name = "Chung_Loai"; Value = "Dán"; VariantName = "[No Variations]"
Add component (AddParameter): Name = "Don_Vi"; Value = "Con"; VariantName = "[No Variations]"
Add component (AddParameter): Name = "Kieu_Chan"; Value = ""; VariantName = "[No Variations]"
Add component (AddParameter): Name = "Ma_Hang"; Value = "MH005251"; VariantName = "[No Variations]"
Add component (AddParameter): Name = "So_Chan"; Value = "2"; VariantName = "[No Variations]"
Add component (AddParameter): Name = "Ten_Linh_Kien"; Value = "Tr? 0805 5% 100R"; VariantName = "[No Variations]"
Added Component: Designator=R25(tro smd 0805)
Add component. Clean all parameters for all variants
Add component (AddParameter): Name = "Chung_Loai"; Value = "Dán"; VariantName = "[No Variations]"
Add component (AddParameter): Name = "Don_Vi"; Value = "Con"; VariantName = "[No Variations]"
Add component (AddParameter): Name = "Kieu_Chan"; Value = ""; VariantName = "[No Variations]"
Add component (AddParameter): Name = "Ma_Hang"; Value = "MH005251"; VariantName = "[No Variations]"
Add component (AddParameter): Name = "So_Chan"; Value = "2"; VariantName = "[No Variations]"
Add component (AddParameter): Name = "Ten_Linh_Kien"; Value = "Tr? 0805 5% 100R"; VariantName = "[No Variations]"
Added Component: Designator=R26(tro smd 0805)
Add component. Clean all parameters for all variants
Add component (AddParameter): Name = "Chung_Loai"; Value = "Dán"; VariantName = "[No Variations]"
Add component (AddParameter): Name = "Don_Vi"; Value = "Con"; VariantName = "[No Variations]"
Add component (AddParameter): Name = "Kieu_Chan"; Value = ""; VariantName = "[No Variations]"
Add component (AddParameter): Name = "Ma_Hang"; Value = "MH005468"; VariantName = "[No Variations]"
Add component (AddParameter): Name = "So_Chan"; Value = "2"; VariantName = "[No Variations]"
Add component (AddParameter): Name = "Ten_Linh_Kien"; Value = "Tr? 0805 1% 1k"; VariantName = "[No Variations]"
Added Component: Designator=R27(tro smd 0805)
Add component. Clean all parameters for all variants
Add component (AddParameter): Name = "Chung_Loai"; Value = "Dán"; VariantName = "[No Variations]"
Add component (AddParameter): Name = "Don_Vi"; Value = "Con"; VariantName = "[No Variations]"
Add component (AddParameter): Name = "Kieu_Chan"; Value = ""; VariantName = "[No Variations]"
Add component (AddParameter): Name = "Ma_Hang"; Value = "MH005468"; VariantName = "[No Variations]"
Add component (AddParameter): Name = "So_Chan"; Value = "2"; VariantName = "[No Variations]"
Add component (AddParameter): Name = "Ten_Linh_Kien"; Value = "Tr? 0805 1% 1k"; VariantName = "[No Variations]"
Added Component: Designator=R28(tro smd 0805)
Add component. Clean all parameters for all variants
Add component (AddParameter): Name = "Chung_Loai"; Value = "Dán"; VariantName = "[No Variations]"
Add component (AddParameter): Name = "Don_Vi"; Value = "Con"; VariantName = "[No Variations]"
Add component (AddParameter): Name = "Kieu_Chan"; Value = ""; VariantName = "[No Variations]"
Add component (AddParameter): Name = "Ma_Hang"; Value = "MH005468"; VariantName = "[No Variations]"
Add component (AddParameter): Name = "So_Chan"; Value = "2"; VariantName = "[No Variations]"
Add component (AddParameter): Name = "Ten_Linh_Kien"; Value = "Tr? 0805 1% 1k"; VariantName = "[No Variations]"
Added Component: Designator=R29(tro smd 0805)
Add component. Clean all parameters for all variants
Add component (AddParameter): Name = "Chung_Loai"; Value = "Dán"; VariantName = "[No Variations]"
Add component (AddParameter): Name = "Don_Vi"; Value = "Con"; VariantName = "[No Variations]"
Add component (AddParameter): Name = "Kieu_Chan"; Value = ""; VariantName = "[No Variations]"
Add component (AddParameter): Name = "Ma_Hang"; Value = "MH005251"; VariantName = "[No Variations]"
Add component (AddParameter): Name = "So_Chan"; Value = "2"; VariantName = "[No Variations]"
Add component (AddParameter): Name = "Ten_Linh_Kien"; Value = "Tr? 0805 5% 100R"; VariantName = "[No Variations]"
Added Component: Designator=R30(tro smd 0805)
Add component. Clean all parameters for all variants
Add component (AddParameter): Name = "Chung_Loai"; Value = "Dán"; VariantName = "[No Variations]"
Add component (AddParameter): Name = "Don_Vi"; Value = "Con"; VariantName = "[No Variations]"
Add component (AddParameter): Name = "Kieu_Chan"; Value = ""; VariantName = "[No Variations]"
Add component (AddParameter): Name = "Ma_Hang"; Value = "MH005251"; VariantName = "[No Variations]"
Add component (AddParameter): Name = "So_Chan"; Value = "2"; VariantName = "[No Variations]"
Add component (AddParameter): Name = "Ten_Linh_Kien"; Value = "Tr? 0805 5% 100R"; VariantName = "[No Variations]"
Added Component: Designator=R31(tro smd 0805)
Add component. Clean all parameters for all variants
Add component (AddParameter): Name = "Chung_Loai"; Value = "Dán"; VariantName = "[No Variations]"
Add component (AddParameter): Name = "Don_Vi"; Value = "Con"; VariantName = "[No Variations]"
Add component (AddParameter): Name = "Kieu_Chan"; Value = ""; VariantName = "[No Variations]"
Add component (AddParameter): Name = "Ma_Hang"; Value = "MH005251"; VariantName = "[No Variations]"
Add component (AddParameter): Name = "So_Chan"; Value = "2"; VariantName = "[No Variations]"
Add component (AddParameter): Name = "Ten_Linh_Kien"; Value = "Tr? 0805 5% 100R"; VariantName = "[No Variations]"
Added Component: Designator=R32(tro smd 0805)
Add component. Clean all parameters for all variants
Add component (AddParameter): Name = "Chung_Loai"; Value = "Dán"; VariantName = "[No Variations]"
Add component (AddParameter): Name = "Don_Vi"; Value = "Con"; VariantName = "[No Variations]"
Add component (AddParameter): Name = "Kieu_Chan"; Value = ""; VariantName = "[No Variations]"
Add component (AddParameter): Name = "Ma_Hang"; Value = "MH005251"; VariantName = "[No Variations]"
Add component (AddParameter): Name = "So_Chan"; Value = "2"; VariantName = "[No Variations]"
Add component (AddParameter): Name = "Ten_Linh_Kien"; Value = "Tr? 0805 5% 100R"; VariantName = "[No Variations]"
Added Component: Designator=R33(tro smd 0805)
Add component. Clean all parameters for all variants
Add component (AddParameter): Name = "Chung_Loai"; Value = "Dán"; VariantName = "[No Variations]"
Add component (AddParameter): Name = "Don_Vi"; Value = "Con"; VariantName = "[No Variations]"
Add component (AddParameter): Name = "Kieu_Chan"; Value = ""; VariantName = "[No Variations]"
Add component (AddParameter): Name = "Ma_Hang"; Value = "MH005251"; VariantName = "[No Variations]"
Add component (AddParameter): Name = "So_Chan"; Value = "2"; VariantName = "[No Variations]"
Add component (AddParameter): Name = "Ten_Linh_Kien"; Value = "Tr? 0805 5% 100R"; VariantName = "[No Variations]"
Added Component: Designator=R34(tro smd 0805)
Add component. Clean all parameters for all variants
Add component (AddParameter): Name = "Chung_Loai"; Value = "Dán"; VariantName = "[No Variations]"
Add component (AddParameter): Name = "Don_Vi"; Value = "Con"; VariantName = "[No Variations]"
Add component (AddParameter): Name = "Kieu_Chan"; Value = ""; VariantName = "[No Variations]"
Add component (AddParameter): Name = "Ma_Hang"; Value = "MH005251"; VariantName = "[No Variations]"
Add component (AddParameter): Name = "So_Chan"; Value = "2"; VariantName = "[No Variations]"
Add component (AddParameter): Name = "Ten_Linh_Kien"; Value = "Tr? 0805 5% 100R"; VariantName = "[No Variations]"
Added Component: Designator=R35(tro smd 0805)
Add component. Clean all parameters for all variants
Add component (AddParameter): Name = "Chung_Loai"; Value = "Dán"; VariantName = "[No Variations]"
Add component (AddParameter): Name = "Don_Vi"; Value = "Con"; VariantName = "[No Variations]"
Add component (AddParameter): Name = "Kieu_Chan"; Value = ""; VariantName = "[No Variations]"
Add component (AddParameter): Name = "Ma_Hang"; Value = "MH005251"; VariantName = "[No Variations]"
Add component (AddParameter): Name = "So_Chan"; Value = "2"; VariantName = "[No Variations]"
Add component (AddParameter): Name = "Ten_Linh_Kien"; Value = "Tr? 0805 5% 100R"; VariantName = "[No Variations]"
Added Component: Designator=R36(tro smd 0805)
Add component. Clean all parameters for all variants
Add component (AddParameter): Name = "Chung_Loai"; Value = "Dán"; VariantName = "[No Variations]"
Add component (AddParameter): Name = "Don_Vi"; Value = "Con"; VariantName = "[No Variations]"
Add component (AddParameter): Name = "Kieu_Chan"; Value = ""; VariantName = "[No Variations]"
Add component (AddParameter): Name = "Ma_Hang"; Value = "MH005468"; VariantName = "[No Variations]"
Add component (AddParameter): Name = "So_Chan"; Value = "2"; VariantName = "[No Variations]"
Add component (AddParameter): Name = "Ten_Linh_Kien"; Value = "Tr? 0805 1% 1k"; VariantName = "[No Variations]"
Added Component: Designator=R37(tro smd 0805)
Add component. Clean all parameters for all variants
Add component (AddParameter): Name = "Chung_Loai"; Value = "Dán"; VariantName = "[No Variations]"
Add component (AddParameter): Name = "Don_Vi"; Value = "Con"; VariantName = "[No Variations]"
Add component (AddParameter): Name = "Kieu_Chan"; Value = ""; VariantName = "[No Variations]"
Add component (AddParameter): Name = "Ma_Hang"; Value = "MH005468"; VariantName = "[No Variations]"
Add component (AddParameter): Name = "So_Chan"; Value = "2"; VariantName = "[No Variations]"
Add component (AddParameter): Name = "Ten_Linh_Kien"; Value = "Tr? 0805 1% 1k"; VariantName = "[No Variations]"
Added Component: Designator=R38(tro smd 0805)
Add component. Clean all parameters for all variants
Add component (AddParameter): Name = "Chung_Loai"; Value = "Dán"; VariantName = "[No Variations]"
Add component (AddParameter): Name = "Don_Vi"; Value = "Con"; VariantName = "[No Variations]"
Add component (AddParameter): Name = "Kieu_Chan"; Value = ""; VariantName = "[No Variations]"
Add component (AddParameter): Name = "Ma_Hang"; Value = "MH005468"; VariantName = "[No Variations]"
Add component (AddParameter): Name = "So_Chan"; Value = "2"; VariantName = "[No Variations]"
Add component (AddParameter): Name = "Ten_Linh_Kien"; Value = "Tr? 0805 1% 1k"; VariantName = "[No Variations]"
Added Component: Designator=R39(tro smd 0805)
Add component. Clean all parameters for all variants
Add component (AddParameter): Name = "Chung_Loai"; Value = "Dán"; VariantName = "[No Variations]"
Add component (AddParameter): Name = "Don_Vi"; Value = "Con"; VariantName = "[No Variations]"
Add component (AddParameter): Name = "Kieu_Chan"; Value = ""; VariantName = "[No Variations]"
Add component (AddParameter): Name = "Ma_Hang"; Value = "MH005468"; VariantName = "[No Variations]"
Add component (AddParameter): Name = "So_Chan"; Value = "2"; VariantName = "[No Variations]"
Add component (AddParameter): Name = "Ten_Linh_Kien"; Value = "Tr? 0805 1% 1k"; VariantName = "[No Variations]"
Added Component: Designator=R40(tro smd 0805)
Add component. Clean all parameters for all variants
Add component (AddParameter): Name = "Chung_Loai"; Value = "Dán"; VariantName = "[No Variations]"
Add component (AddParameter): Name = "Don_Vi"; Value = "Con"; VariantName = "[No Variations]"
Add component (AddParameter): Name = "Kieu_Chan"; Value = ""; VariantName = "[No Variations]"
Add component (AddParameter): Name = "Ma_Hang"; Value = "MH005251"; VariantName = "[No Variations]"
Add component (AddParameter): Name = "So_Chan"; Value = "2"; VariantName = "[No Variations]"
Add component (AddParameter): Name = "Ten_Linh_Kien"; Value = "Tr? 0805 5% 100R"; VariantName = "[No Variations]"
Added Component: Designator=T1(TER_2P_8.25)
Add component. Clean all parameters for all variants
Added Component: Designator=T2(TER_2P_8.25)
Add component. Clean all parameters for all variants
Added Component: Designator=T3(TER_2P_8.25)
Add component. Clean all parameters for all variants
Added Component: Designator=T4(TER_2P_8.25)
Add component. Clean all parameters for all variants
Added Component: Designator=T5(TER_2P_8.25)
Add component. Clean all parameters for all variants
Added Component: Designator=U1(SOIC254P1030X460-4N)
Add component. Clean all parameters for all variants
Add component (AddParameter): Name = "Availability"; Value = "Unavailable"; VariantName = "[No Variations]"
Add component (AddParameter): Name = "MF"; Value = "Everlight Electronics"; VariantName = "[No Variations]"
Add component (AddParameter): Name = "MP"; Value = "EL817S_D__TU_"; VariantName = "[No Variations]"
Add component (AddParameter): Name = "Package"; Value = "SMD-4 Everlight Electronics"; VariantName = "[No Variations]"
Add component (AddParameter): Name = "Price"; Value = "None"; VariantName = "[No Variations]"
Add component (AddParameter): Name = "SnapEDA_Link"; Value = "https://www.snapeda.com/parts/EL817S_D__TU_/Everlight%20Electronics%20Co%20Ltd/view-part/1118456/?ref=snap"; VariantName = "[No Variations]"
Add component (AddParameter): Name = "Value"; Value = ""; VariantName = "[No Variations]"
Added Component: Designator=U2(sop 16)
Add component. Clean all parameters for all variants
Add component (AddParameter): Name = "Chung_Loai"; Value = "Dán"; VariantName = "[No Variations]"
Add component (AddParameter): Name = "Don_Vi"; Value = "Con"; VariantName = "[No Variations]"
Add component (AddParameter): Name = "Ghi_Chu"; Value = ""; VariantName = "[No Variations]"
Add component (AddParameter): Name = "Kieu_Chan"; Value = ""; VariantName = "[No Variations]"
Add component (AddParameter): Name = "Ma_Hang"; Value = "MH000672"; VariantName = "[No Variations]"
Add component (AddParameter): Name = "Ten_Linh_Kien"; Value = "74HC595D SOP16"; VariantName = "[No Variations]"
Added Component: Designator=U3(TO252)
Add component. Clean all parameters for all variants
Add component (AddParameter): Name = "Chung_Loai"; Value = "Dán"; VariantName = "[No Variations]"
Add component (AddParameter): Name = "Don_Vi"; Value = "Con"; VariantName = "[No Variations]"
Add component (AddParameter): Name = "Ghi_Chu"; Value = ""; VariantName = "[No Variations]"
Add component (AddParameter): Name = "Kieu_Chan"; Value = ""; VariantName = "[No Variations]"
Add component (AddParameter): Name = "Ma_Hang"; Value = "MH001917"; VariantName = "[No Variations]"
Add component (AddParameter): Name = "Ten_Linh_Kien"; Value = "78M05 TO252"; VariantName = "[No Variations]"
Added Component: Designator=U4(sop 16)
Add component. Clean all parameters for all variants
Add component (AddParameter): Name = "Chung_Loai"; Value = "Dán"; VariantName = "[No Variations]"
Add component (AddParameter): Name = "Don_Vi"; Value = "Con"; VariantName = "[No Variations]"
Add component (AddParameter): Name = "Ghi_Chu"; Value = ""; VariantName = "[No Variations]"
Add component (AddParameter): Name = "Kieu_Chan"; Value = ""; VariantName = "[No Variations]"
Add component (AddParameter): Name = "Ma_Hang"; Value = "MH000672"; VariantName = "[No Variations]"
Add component (AddParameter): Name = "Ten_Linh_Kien"; Value = "74HC595D SOP16"; VariantName = "[No Variations]"
Added Component: Designator=Y1(Thach Anh 2 chan SMD)
Add component. Clean all parameters for all variants
Add component (AddParameter): Name = "Value"; Value = "4Mhz"; VariantName = "[No Variations]"
Added Pin To Net: NetName=SHCP Pin=1-5
Added Pin To Net: NetName=GND Pin=1-6
Added Pin To Net: NetName=5V Pin=1-7
Added Pin To Net: NetName=zero Pin=1-8
Added Pin To Net: NetName=PWM Pin=1-9
Added Pin To Net: NetName=Van Pin=1-11
Added Pin To Net: NetName=PGC Pin=1-16
Added Pin To Net: NetName=PGD Pin=1-17
Added Pin To Net: NetName=MCLR Pin=1-18
Added Pin To Net: NetName=Relay Pin=1-25
Added Pin To Net: NetName=5V Pin=1-28
Added Pin To Net: NetName=GND Pin=1-29
Added Pin To Net: NetName=Net1_30 Pin=1-30
Added Pin To Net: NetName=Net1_31 Pin=1-31
Added Pin To Net: NetName=DS1 Pin=1-35
Added Pin To Net: NetName=STCP Pin=1-37
Added Pin To Net: NetName=NUT1 Pin=1-38
Added Pin To Net: NetName=NUT2 Pin=1-39
Added Pin To Net: NetName=NUT3 Pin=1-40
Added Pin To Net: NetName=NUT4 Pin=1-41
Added Pin To Net: NetName=LED1 Pin=1-42
Added Pin To Net: NetName=LED2 Pin=1-43
Added Pin To Net: NetName=LED3 Pin=1-44
Added Pin To Net: NetName=NetB1_+ Pin=B1-+
Added Pin To Net: NetName=NetB1_- Pin=B1--
Added Pin To Net: NetName=AC2 Pin=B1-~.
Added Pin To Net: NetName=AC1 Pin=B1-~
Added Pin To Net: NetName=NetB2_+ Pin=B2-+
Added Pin To Net: NetName=GND Pin=B2--
Added Pin To Net: NetName=AC2 Pin=B2-~.
Added Pin To Net: NetName=AC1 Pin=B2-~
Added Pin To Net: NetName=NetBT1_1 Pin=BT1-1
Added Pin To Net: NetName=NetBT1_2 Pin=BT1-2
Added Pin To Net: NetName=NetBT1_3 Pin=BT1-3
Added Pin To Net: NetName=NetBT2_1 Pin=BT2-1
Added Pin To Net: NetName=NetBT2_2 Pin=BT2-2
Added Pin To Net: NetName=NetBT2_3 Pin=BT2-3
Added Pin To Net: NetName=NetBT3_1 Pin=BT3-1
Added Pin To Net: NetName=NetBT3_2 Pin=BT3-2
Added Pin To Net: NetName=NetBT3_3 Pin=BT3-3
Added Pin To Net: NetName=NetC1_1 Pin=C1-1
Added Pin To Net: NetName=NetBT1_1 Pin=C1-2
Added Pin To Net: NetName=5V Pin=C2-1
Added Pin To Net: NetName=GND Pin=C2-2
Added Pin To Net: NetName=5V Pin=C3-1
Added Pin To Net: NetName=GND Pin=C3-2
Added Pin To Net: NetName=GND Pin=C4-1
Added Pin To Net: NetName=Net1_31 Pin=C4-2
Added Pin To Net: NetName=GND Pin=C5-1
Added Pin To Net: NetName=Net1_30 Pin=C5-2
Added Pin To Net: NetName=NetC6_1 Pin=C6-1
Added Pin To Net: NetName=NetBT2_1 Pin=C6-2
Added Pin To Net: NetName=NetBT3_1 Pin=C7-2
Added Pin To Net: NetName=5V Pin=C8-1
Added Pin To Net: NetName=GND Pin=C8-2
Added Pin To Net: NetName=NetB2_+ Pin=C9-1
Added Pin To Net: NetName=GND Pin=C9-2
Added Pin To Net: NetName=NetB2_+ Pin=C10-1
Added Pin To Net: NetName=GND Pin=C10-2
Added Pin To Net: NetName=5V Pin=C11-1
Added Pin To Net: NetName=GND Pin=C11-2
Added Pin To Net: NetName=NetD1_1 Pin=D1-1
Added Pin To Net: NetName=NetD1_2 Pin=D1-2
Added Pin To Net: NetName=NetD2_1 Pin=D2-1
Added Pin To Net: NetName=NetD2_2 Pin=D2-2
Added Pin To Net: NetName=NetD3_1 Pin=D3-1
Added Pin To Net: NetName=NetD3_2 Pin=D3-2
Added Pin To Net: NetName=MCLR Pin=H1-1
Added Pin To Net: NetName=5V Pin=H1-2
Added Pin To Net: NetName=GND Pin=H1-3
Added Pin To Net: NetName=PGD Pin=H1-4
Added Pin To Net: NetName=PGC Pin=H1-5
Added Pin To Net: NetName=5V Pin=H2-1
Added Pin To Net: NetName=NUT1 Pin=H2-2
Added Pin To Net: NetName=5V Pin=H3-1
Added Pin To Net: NetName=NUT2 Pin=H3-2
Added Pin To Net: NetName=5V Pin=H4-1
Added Pin To Net: NetName=NUT3 Pin=H4-2
Added Pin To Net: NetName=5V Pin=H5-1
Added Pin To Net: NetName=NUT4 Pin=H5-2
Added Pin To Net: NetName=NetL1_1 Pin=L1-1
Added Pin To Net: NetName=NetL1_2 Pin=L1-2
Added Pin To Net: NetName=NetL1_3 Pin=L1-3
Added Pin To Net: NetName=NetL1_4 Pin=L1-4
Added Pin To Net: NetName=NetL1_5 Pin=L1-5
Added Pin To Net: NetName=NetL1_7 Pin=L1-7
Added Pin To Net: NetName=C3 Pin=L1-8
Added Pin To Net: NetName=C2 Pin=L1-9
Added Pin To Net: NetName=NetL1_10 Pin=L1-10
Added Pin To Net: NetName=NetL1_11 Pin=L1-11
Added Pin To Net: NetName=C1 Pin=L1-12
Added Pin To Net: NetName=NetL2_1 Pin=L2-1
Added Pin To Net: NetName=NetL2_2 Pin=L2-2
Added Pin To Net: NetName=NetL2_3 Pin=L2-3
Added Pin To Net: NetName=NetL2_4 Pin=L2-4
Added Pin To Net: NetName=NetL2_5 Pin=L2-5
Added Pin To Net: NetName=NetL2_7 Pin=L2-7
Added Pin To Net: NetName=C3 Pin=L2-8
Added Pin To Net: NetName=C2 Pin=L2-9
Added Pin To Net: NetName=NetL2_10 Pin=L2-10
Added Pin To Net: NetName=NetL2_11 Pin=L2-11
Added Pin To Net: NetName=C1 Pin=L2-12
Added Pin To Net: NetName=NetOTCP1_1 Pin=OTCP1-1
Added Pin To Net: NetName=NetOTCP1_2 Pin=OTCP1-2
Added Pin To Net: NetName=NetBT1_3 Pin=OTCP1-4
Added Pin To Net: NetName=NetOTCP1_6 Pin=OTCP1-6
Added Pin To Net: NetName=NetOTCP2_1 Pin=OTCP2-1
Added Pin To Net: NetName=NetOTCP2_2 Pin=OTCP2-2
Added Pin To Net: NetName=NetBT2_3 Pin=OTCP2-4
Added Pin To Net: NetName=NetOTCP2_6 Pin=OTCP2-6
Added Pin To Net: NetName=NetOTCP3_1 Pin=OTCP3-1
Added Pin To Net: NetName=NetOTCP3_2 Pin=OTCP3-2
Added Pin To Net: NetName=NetBT3_3 Pin=OTCP3-4
Added Pin To Net: NetName=NetOTCP3_6 Pin=OTCP3-6
Added Pin To Net: NetName=NetD1_2 Pin=Q1-1
Added Pin To Net: NetName=GND Pin=Q1-2
Added Pin To Net: NetName=NetOTCP1_2 Pin=Q1-3
Added Pin To Net: NetName=NetD2_2 Pin=Q2-1
Added Pin To Net: NetName=GND Pin=Q2-2
Added Pin To Net: NetName=NetOTCP2_2 Pin=Q2-3
Added Pin To Net: NetName=NetD3_2 Pin=Q3-1
Added Pin To Net: NetName=GND Pin=Q3-2
Added Pin To Net: NetName=NetOTCP3_2 Pin=Q3-3
Added Pin To Net: NetName=NetQ4_1 Pin=Q4-1
Added Pin To Net: NetName=GND Pin=Q4-2
Added Pin To Net: NetName=C1 Pin=Q4-3
Added Pin To Net: NetName=NetQ5_1 Pin=Q5-1
Added Pin To Net: NetName=GND Pin=Q5-2
Added Pin To Net: NetName=C2 Pin=Q5-3
Added Pin To Net: NetName=NetQ6_1 Pin=Q6-1
Added Pin To Net: NetName=GND Pin=Q6-2
Added Pin To Net: NetName=C3 Pin=Q6-3
Added Pin To Net: NetName=NetOTCP1_6 Pin=R1-1
Added Pin To Net: NetName=NetBT1_2 Pin=R1-2
Added Pin To Net: NetName=5V Pin=R2-1
Added Pin To Net: NetName=NetOTCP1_1 Pin=R2-2
Added Pin To Net: NetName=NetBT1_2 Pin=R3-1
Added Pin To Net: NetName=NetC1_1 Pin=R3-2
Added Pin To Net: NetName=PWM Pin=R4-1
Added Pin To Net: NetName=NetD1_1 Pin=R4-2
Added Pin To Net: NetName=NetBT1_3 Pin=R5-1
Added Pin To Net: NetName=NetBT1_1 Pin=R5-2
Added Pin To Net: NetName=NetB1_+ Pin=R6-1
Added Pin To Net: NetName=zero Pin=R7-1
Added Pin To Net: NetName=5V Pin=R7-2
Added Pin To Net: NetName=5V Pin=R8-1
Added Pin To Net: NetName=NetOTCP2_1 Pin=R8-2
Added Pin To Net: NetName=NetOTCP2_6 Pin=R9-1
Added Pin To Net: NetName=NetBT2_2 Pin=R9-2
Added Pin To Net: NetName=NetBT2_2 Pin=R10-1
Added Pin To Net: NetName=NetC6_1 Pin=R10-2
Added Pin To Net: NetName=Relay Pin=R11-1
Added Pin To Net: NetName=NetD2_1 Pin=R11-2
Added Pin To Net: NetName=NetBT2_3 Pin=R12-1
Added Pin To Net: NetName=NetBT2_1 Pin=R12-2
Added Pin To Net: NetName=5V Pin=R13-1
Added Pin To Net: NetName=NetOTCP3_1 Pin=R13-2
Added Pin To Net: NetName=NetOTCP3_6 Pin=R14-1
Added Pin To Net: NetName=NetBT3_2 Pin=R14-2
Added Pin To Net: NetName=NetBT3_2 Pin=R15-1
Added Pin To Net: NetName=Van Pin=R16-1
Added Pin To Net: NetName=NetD3_1 Pin=R16-2
Added Pin To Net: NetName=NetBT3_3 Pin=R17-1
Added Pin To Net: NetName=NetBT3_1 Pin=R17-2
Added Pin To Net: NetName=LED7_A1 Pin=R18-1
Added Pin To Net: NetName=NetL1_11 Pin=R18-2
Added Pin To Net: NetName=LED7_B1 Pin=R19-1
Added Pin To Net: NetName=NetL1_7 Pin=R19-2
Added Pin To Net: NetName=LED7_C1 Pin=R20-1
Added Pin To Net: NetName=NetL1_4 Pin=R20-2
Added Pin To Net: NetName=LED7_D1 Pin=R21-1
Added Pin To Net: NetName=NetL1_2 Pin=R21-2
Added Pin To Net: NetName=LED7_E1 Pin=R22-1
Added Pin To Net: NetName=NetL1_1 Pin=R22-2
Added Pin To Net: NetName=LED7_F1 Pin=R23-1
Added Pin To Net: NetName=NetL1_10 Pin=R23-2
Added Pin To Net: NetName=LED7_G1 Pin=R24-1
Added Pin To Net: NetName=NetL1_5 Pin=R24-2
Added Pin To Net: NetName=LED7_H1 Pin=R25-1
Added Pin To Net: NetName=NetL1_3 Pin=R25-2
Added Pin To Net: NetName=NetQ4_1 Pin=R26-1
Added Pin To Net: NetName=LED1 Pin=R26-2
Added Pin To Net: NetName=NetQ5_1 Pin=R27-1
Added Pin To Net: NetName=LED2 Pin=R27-2
Added Pin To Net: NetName=NetQ6_1 Pin=R28-1
Added Pin To Net: NetName=LED3 Pin=R28-2
Added Pin To Net: NetName=LED7_A2 Pin=R29-1
Added Pin To Net: NetName=NetL2_11 Pin=R29-2
Added Pin To Net: NetName=LED7_B2 Pin=R30-1
Added Pin To Net: NetName=NetL2_7 Pin=R30-2
Added Pin To Net: NetName=LED7_C2 Pin=R31-1
Added Pin To Net: NetName=NetL2_4 Pin=R31-2
Added Pin To Net: NetName=LED7_D2 Pin=R32-1
Added Pin To Net: NetName=NetL2_2 Pin=R32-2
Added Pin To Net: NetName=LED7_E2 Pin=R33-1
Added Pin To Net: NetName=NetL2_1 Pin=R33-2
Added Pin To Net: NetName=LED7_F2 Pin=R34-1
Added Pin To Net: NetName=NetL2_10 Pin=R34-2
Added Pin To Net: NetName=LED7_G2 Pin=R35-1
Added Pin To Net: NetName=NetL2_5 Pin=R35-2
Added Pin To Net: NetName=GND Pin=R36-1
Added Pin To Net: NetName=NUT1 Pin=R36-2
Added Pin To Net: NetName=GND Pin=R37-1
Added Pin To Net: NetName=NUT2 Pin=R37-2
Added Pin To Net: NetName=GND Pin=R38-1
Added Pin To Net: NetName=NUT3 Pin=R38-2
Added Pin To Net: NetName=GND Pin=R39-1
Added Pin To Net: NetName=NUT4 Pin=R39-2
Added Pin To Net: NetName=LED7_H2 Pin=R40-1
Added Pin To Net: NetName=NetL2_3 Pin=R40-2
Added Pin To Net: NetName=NetBT1_2 Pin=T1-2
Added Pin To Net: NetName=NetBT1_1 Pin=T2-1
Added Pin To Net: NetName=NetBT2_1 Pin=T3-1
Added Pin To Net: NetName=NetBT2_2 Pin=T3-2
Added Pin To Net: NetName=NetBT3_1 Pin=T4-1
Added Pin To Net: NetName=NetBT3_2 Pin=T4-2
Added Pin To Net: NetName=AC1 Pin=T5-1
Added Pin To Net: NetName=AC2 Pin=T5-2
Added Pin To Net: NetName=NetB1_- Pin=U1-2
Added Pin To Net: NetName=GND Pin=U1-3
Added Pin To Net: NetName=zero Pin=U1-4
Added Pin To Net: NetName=LED7_B1 Pin=U2-1
Added Pin To Net: NetName=LED7_C1 Pin=U2-2
Added Pin To Net: NetName=LED7_D1 Pin=U2-3
Added Pin To Net: NetName=LED7_E1 Pin=U2-4
Added Pin To Net: NetName=LED7_F1 Pin=U2-5
Added Pin To Net: NetName=LED7_G1 Pin=U2-6
Added Pin To Net: NetName=LED7_H1 Pin=U2-7
Added Pin To Net: NetName=GND Pin=U2-8
Added Pin To Net: NetName=DS2 Pin=U2-9
Added Pin To Net: NetName=5V Pin=U2-10
Added Pin To Net: NetName=SHCP Pin=U2-11
Added Pin To Net: NetName=STCP Pin=U2-12
Added Pin To Net: NetName=GND Pin=U2-13
Added Pin To Net: NetName=DS1 Pin=U2-14
Added Pin To Net: NetName=LED7_A1 Pin=U2-15
Added Pin To Net: NetName=5V Pin=U2-16
Added Pin To Net: NetName=NetB2_+ Pin=U3-1
Added Pin To Net: NetName=GND Pin=U3-2
Added Pin To Net: NetName=5V Pin=U3-3
Added Pin To Net: NetName=LED7_B2 Pin=U4-1
Added Pin To Net: NetName=LED7_C2 Pin=U4-2
Added Pin To Net: NetName=LED7_D2 Pin=U4-3
Added Pin To Net: NetName=LED7_E2 Pin=U4-4
Added Pin To Net: NetName=LED7_F2 Pin=U4-5
Added Pin To Net: NetName=LED7_G2 Pin=U4-6
Added Pin To Net: NetName=LED7_H2 Pin=U4-7
Added Pin To Net: NetName=GND Pin=U4-8
Added Pin To Net: NetName=5V Pin=U4-10
Added Pin To Net: NetName=SHCP Pin=U4-11
Added Pin To Net: NetName=STCP Pin=U4-12
Added Pin To Net: NetName=GND Pin=U4-13
Added Pin To Net: NetName=DS2 Pin=U4-14
Added Pin To Net: NetName=LED7_A2 Pin=U4-15
Added Pin To Net: NetName=5V Pin=U4-16
Added Pin To Net: NetName=Net1_30 Pin=Y1-1
Added Pin To Net: NetName=Net1_31 Pin=Y1-2
Change Net Color : Old Net Color=RGB(158, 161, 117) New Net Color=RGB(110, 110, 255)
Change Net Color : Old Net Color=RGB(158, 161, 117) New Net Color=RGB(255, 110, 110)
Change Net Color : Old Net Color=RGB(158, 161, 117) New Net Color=RGB(255, 110, 110)
Change Net Color : Old Net Color=RGB(158, 161, 117) New Net Color=RGB(0, 190, 0)
Added Pin To Net: NetName=NetC7_1 Pin=C7-1
Added Pin To Net: NetName=NetC7_1 Pin=R15-2
Added Net: Name=NetC7_1
Added Pin To Net: NetName=NetR6_2 Pin=R6-2
Added Pin To Net: NetName=NetR6_2 Pin=U1-1
Added Net: Name=NetR6_2
Added Pin To Net: NetName=NetT1_1 Pin=T1-1
Added Pin To Net: NetName=NetT1_1 Pin=T2-2
Added Net: Name=NetT1_1
Added Member To Class: ClassName=SCH_Wash Member=Component 1 PIC16F887-I/PT
Added Member To Class: ClassName=SCH_Wash Member=Component B1 BridgeDiode
Added Member To Class: ClassName=SCH_Wash Member=Component B2 BridgeDiode
Added Member To Class: ClassName=SCH_Wash Member=Component BT1 BT137S-600E
Added Member To Class: ClassName=SCH_Wash Member=Component BT2 BT137S-600E
Added Member To Class: ClassName=SCH_Wash Member=Component BT3 BT137S-600E
Added Member To Class: ClassName=SCH_Wash Member=Component C1 104
Added Member To Class: ClassName=SCH_Wash Member=Component C2 104
Added Member To Class: ClassName=SCH_Wash Member=Component C3 104
Added Member To Class: ClassName=SCH_Wash Member=Component C4 22pF
Added Member To Class: ClassName=SCH_Wash Member=Component C5 22pF
Added Member To Class: ClassName=SCH_Wash Member=Component C6 104
Added Member To Class: ClassName=SCH_Wash Member=Component C7 104
Added Member To Class: ClassName=SCH_Wash Member=Component C8 1000uF
Added Member To Class: ClassName=SCH_Wash Member=Component C9 1000uF
Added Member To Class: ClassName=SCH_Wash Member=Component C10 104
Added Member To Class: ClassName=SCH_Wash Member=Component C11 104
Added Member To Class: ClassName=SCH_Wash Member=Component D1 SS14
Added Member To Class: ClassName=SCH_Wash Member=Component D2 SS14
Added Member To Class: ClassName=SCH_Wash Member=Component D3 SS14
Added Member To Class: ClassName=SCH_Wash Member=Component H1 Header 6P 2.54 Duc Cong
Added Member To Class: ClassName=SCH_Wash Member=Component H2 Header 2P 2.54 Duc Thang
Added Member To Class: ClassName=SCH_Wash Member=Component H3 Header 2P 2.54 Duc Thang
Added Member To Class: ClassName=SCH_Wash Member=Component H4 Header 2P 2.54 Duc Thang
Added Member To Class: ClassName=SCH_Wash Member=Component H5 Header 2P 2.54 Duc Thang
Added Member To Class: ClassName=SCH_Wash Member=Component L1 7SEG3DIG_0.56INCH
Added Member To Class: ClassName=SCH_Wash Member=Component L2 7SEG3DIG_0.56INCH
Added Member To Class: ClassName=SCH_Wash Member=Component OTCP1 OptoCouple
Added Member To Class: ClassName=SCH_Wash Member=Component OTCP2 OptoCouple
Added Member To Class: ClassName=SCH_Wash Member=Component OTCP3 OptoCouple
Added Member To Class: ClassName=SCH_Wash Member=Component Q1 C1815
Added Member To Class: ClassName=SCH_Wash Member=Component Q2 C1815
Added Member To Class: ClassName=SCH_Wash Member=Component Q3 C1815
Added Member To Class: ClassName=SCH_Wash Member=Component Q4 C1815
Added Member To Class: ClassName=SCH_Wash Member=Component Q5 C1815
Added Member To Class: ClassName=SCH_Wash Member=Component Q6 C1815
Added Member To Class: ClassName=SCH_Wash Member=Component R1 330R
Added Member To Class: ClassName=SCH_Wash Member=Component R2 470R
Added Member To Class: ClassName=SCH_Wash Member=Component R3 390R
Added Member To Class: ClassName=SCH_Wash Member=Component R4 680R
Added Member To Class: ClassName=SCH_Wash Member=Component R5 330R
Added Member To Class: ClassName=SCH_Wash Member=Component R6 220R
Added Member To Class: ClassName=SCH_Wash Member=Component R7 1k
Added Member To Class: ClassName=SCH_Wash Member=Component R8 470R
Added Member To Class: ClassName=SCH_Wash Member=Component R9 330R
Added Member To Class: ClassName=SCH_Wash Member=Component R10 390R
Added Member To Class: ClassName=SCH_Wash Member=Component R11 680R
Added Member To Class: ClassName=SCH_Wash Member=Component R12 330R
Added Member To Class: ClassName=SCH_Wash Member=Component R13 470R
Added Member To Class: ClassName=SCH_Wash Member=Component R14 330R
Added Member To Class: ClassName=SCH_Wash Member=Component R15 390R
Added Member To Class: ClassName=SCH_Wash Member=Component R16 680R
Added Member To Class: ClassName=SCH_Wash Member=Component R17 330R
Added Member To Class: ClassName=SCH_Wash Member=Component R18 100R
Added Member To Class: ClassName=SCH_Wash Member=Component R19 100R
Added Member To Class: ClassName=SCH_Wash Member=Component R20 100R
Added Member To Class: ClassName=SCH_Wash Member=Component R21 100R
Added Member To Class: ClassName=SCH_Wash Member=Component R22 100R
Added Member To Class: ClassName=SCH_Wash Member=Component R23 100R
Added Member To Class: ClassName=SCH_Wash Member=Component R24 100R
Added Member To Class: ClassName=SCH_Wash Member=Component R25 100R
Added Member To Class: ClassName=SCH_Wash Member=Component R26 1k
Added Member To Class: ClassName=SCH_Wash Member=Component R27 1k
Added Member To Class: ClassName=SCH_Wash Member=Component R28 1k
Added Member To Class: ClassName=SCH_Wash Member=Component R29 100R
Added Member To Class: ClassName=SCH_Wash Member=Component R30 100R
Added Member To Class: ClassName=SCH_Wash Member=Component R31 100R
Added Member To Class: ClassName=SCH_Wash Member=Component R32 100R
Added Member To Class: ClassName=SCH_Wash Member=Component R33 100R
Added Member To Class: ClassName=SCH_Wash Member=Component R34 100R
Added Member To Class: ClassName=SCH_Wash Member=Component R35 100R
Added Member To Class: ClassName=SCH_Wash Member=Component R36 1k
Added Member To Class: ClassName=SCH_Wash Member=Component R37 1k
Added Member To Class: ClassName=SCH_Wash Member=Component R38 1k
Added Member To Class: ClassName=SCH_Wash Member=Component R39 1k
Added Member To Class: ClassName=SCH_Wash Member=Component R40 100R
Added Member To Class: ClassName=SCH_Wash Member=Component T1 CONNECT
Added Member To Class: ClassName=SCH_Wash Member=Component T2 MOTOR
Added Member To Class: ClassName=SCH_Wash Member=Component T3 RELAY
Added Member To Class: ClassName=SCH_Wash Member=Component T4 VAN
Added Member To Class: ClassName=SCH_Wash Member=Component T5 12VAC
Added Member To Class: ClassName=SCH_Wash Member=Component U1 EL817S(D)(TU)
Added Member To Class: ClassName=SCH_Wash Member=Component U2 74HC595
Added Member To Class: ClassName=SCH_Wash Member=Component U3 78M05 SMD TO252
Added Member To Class: ClassName=SCH_Wash Member=Component U4 74HC595
Added Member To Class: ClassName=SCH_Wash Member=Component Y1 16Mhz
Added Room: Name=SCH_Wash
