Removed Pin From Net: NetName=5V Pin=R13-1
Removed Pin From Net: NetName=NetOTCP3_1 Pin=R13-2
Added Component: Designator=R13(Tro SMD 0805)
Add component. Clean all parameters for all variants
Add component (AddParameter): Name = "Chung_Loai"; Value = "Dán"; VariantName = "[No Variations]"
Add component (AddParameter): Name = "Don_Vi"; Value = "Con"; VariantName = "[No Variations]"
Add component (AddParameter): Name = "Kieu_Chan"; Value = ""; VariantName = "[No Variations]"
Add component (AddParameter): Name = "Ma_Hang"; Value = "MH005341"; VariantName = "[No Variations]"
Add component (AddParameter): Name = "So_Chan"; Value = "2"; VariantName = "[No Variations]"
Add component (AddParameter): Name = "Ten_Linh_Kien"; Value = "Tr? 0805 5% 470R"; VariantName = "[No Variations]"
Added Pin To Net: NetName=5V Pin=R13-1
Added Pin To Net: NetName=NetOTCP3_1 Pin=R13-2
Added Member To Class: ClassName=SCH_Wash Member=Component 1 PIC16F887-I/PT
Added Member To Class: ClassName=SCH_Wash Member=Component B1 BridgeDiode
Added Member To Class: ClassName=SCH_Wash Member=Component C6 104
Added Member To Class: ClassName=SCH_Wash Member=Component OTCP1 OptoCouple
Added Member To Class: ClassName=SCH_Wash Member=Component Q3 C1815
Added Member To Class: ClassName=SCH_Wash Member=Component R13 470R
Added Member To Class: ClassName=SCH_Wash Member=Component R14 330R
Added Member To Class: ClassName=SCH_Wash Member=Component R15 390R
Added Member To Class: ClassName=SCH_Wash Member=Component R16 680R
Added Member To Class: ClassName=SCH_Wash Member=Component R17 330R
Added Member To Class: ClassName=SCH_Wash Member=Component U1 EL817S(D)(TU)
