Added Component: Designator=U(SOIC254P1030X460-4N)
Add component. Clean all parameters for all variants
Add component (AddParameter): Name = "Availability"; Value = "Unavailable"; VariantName = "[No Variations]"
Add component (AddParameter): Name = "MF"; Value = "Everlight Electronics"; VariantName = "[No Variations]"
Add component (AddParameter): Name = "MP"; Value = "EL817S_D__TU_"; VariantName = "[No Variations]"
Add component (AddParameter): Name = "Package"; Value = "SMD-4 Everlight Electronics"; VariantName = "[No Variations]"
Add component (AddParameter): Name = "Price"; Value = "None"; VariantName = "[No Variations]"
Add component (AddParameter): Name = "SnapEDA_Link"; Value = "https://www.snapeda.com/parts/EL817S_D__TU_/Everlight%20Electronics%20Co%20Ltd/view-part/1118456/?ref=snap"; VariantName = "[No Variations]"
Add component (AddParameter): Name = "Value"; Value = ""; VariantName = "[No Variations]"
Added Pin To Net: NetName=NetR?_1 Pin=U-1
Added Pin To Net: NetName=NetB_- Pin=U-2
Added Pin To Net: NetName=GND Pin=U-3
Added Pin To Net: NetName=zero Pin=U-4
Added Member To Class: ClassName=SCH_Wash Member=Component ? Led 7 Thanh 2.3 Inch Anot
Added Member To Class: ClassName=SCH_Wash Member=Component ? Led 7 Thanh 2.3 Inch Anot
Added Member To Class: ClassName=SCH_Wash Member=Component ? Led 7 Thanh 2.3 Inch Anot
Added Member To Class: ClassName=SCH_Wash Member=Component ? Led 7 Thanh 2.3 Inch Anot
Added Member To Class: ClassName=SCH_Wash Member=Component ? Led 7 Thanh 2.3 Inch Anot
Added Member To Class: ClassName=SCH_Wash Member=Component BT? BT137S-600E
Added Member To Class: ClassName=SCH_Wash Member=Component C? 104
Added Member To Class: ClassName=SCH_Wash Member=Component C? 22pF
Added Member To Class: ClassName=SCH_Wash Member=Component C? 1000uF
Added Member To Class: ClassName=SCH_Wash Member=Component C? 104
Added Member To Class: ClassName=SCH_Wash Member=Component C? 22pF
Added Member To Class: ClassName=SCH_Wash Member=Component C? 104
Added Member To Class: ClassName=SCH_Wash Member=Component C? 104
Added Member To Class: ClassName=SCH_Wash Member=Component C? 10uF
Added Member To Class: ClassName=SCH_Wash Member=Component KF1 MOTOR
Added Member To Class: ClassName=SCH_Wash Member=Component KF? CON 2 KF 7.62
Added Member To Class: ClassName=SCH_Wash Member=Component Q? C1815
Added Member To Class: ClassName=SCH_Wash Member=Component Q? C1815
Added Member To Class: ClassName=SCH_Wash Member=Component Q? C1815
Added Member To Class: ClassName=SCH_Wash Member=Component R? 470R
Added Member To Class: ClassName=SCH_Wash Member=Component R? 680R
Added Member To Class: ClassName=SCH_Wash Member=Component R? 330R
Added Member To Class: ClassName=SCH_Wash Member=Component R? 390R
Added Member To Class: ClassName=SCH_Wash Member=Component R? 220R
Added Member To Class: ClassName=SCH_Wash Member=Component R? 100R
Added Member To Class: ClassName=SCH_Wash Member=Component R? 100R
Added Member To Class: ClassName=SCH_Wash Member=Component R? 100R
Added Member To Class: ClassName=SCH_Wash Member=Component R? 100R
Added Member To Class: ClassName=SCH_Wash Member=Component R? 100R
Added Member To Class: ClassName=SCH_Wash Member=Component R? 1k
Added Member To Class: ClassName=SCH_Wash Member=Component R? 100R
Added Member To Class: ClassName=SCH_Wash Member=Component R? 100R
Added Member To Class: ClassName=SCH_Wash Member=Component R? 100R
Added Member To Class: ClassName=SCH_Wash Member=Component R? 100R
Added Member To Class: ClassName=SCH_Wash Member=Component R? 100R
Added Member To Class: ClassName=SCH_Wash Member=Component R? 100R
Added Member To Class: ClassName=SCH_Wash Member=Component R? 100R
Added Member To Class: ClassName=SCH_Wash Member=Component R? 200R
Added Member To Class: ClassName=SCH_Wash Member=Component R? 100R
Added Member To Class: ClassName=SCH_Wash Member=Component R? 100R
Added Member To Class: ClassName=SCH_Wash Member=Component R? 1k
Added Member To Class: ClassName=SCH_Wash Member=Component R? 1k
Added Member To Class: ClassName=SCH_Wash Member=Component R? 1k
Added Member To Class: ClassName=SCH_Wash Member=Component R? 100R
Added Member To Class: ClassName=SCH_Wash Member=Component R? 1k
Added Member To Class: ClassName=SCH_Wash Member=Component R? 100R
Added Member To Class: ClassName=SCH_Wash Member=Component R? 1k
Added Member To Class: ClassName=SCH_Wash Member=Component R? 1k
Added Member To Class: ClassName=SCH_Wash Member=Component R? 330R
Added Member To Class: ClassName=SCH_Wash Member=Component R? 470R
Added Member To Class: ClassName=SCH_Wash Member=Component R? 10k
Added Member To Class: ClassName=SCH_Wash Member=Component SW? Nut Nhan 4 Chan
Added Member To Class: ClassName=SCH_Wash Member=Component SW? Nut Nhan 4 Chan
Added Member To Class: ClassName=SCH_Wash Member=Component SW? Nut Nhan 4 Chan
Added Member To Class: ClassName=SCH_Wash Member=Component U? 74HC595
Added Member To Class: ClassName=SCH_Wash Member=Component U EL817S(D)(TU)
