Removed Pin From Net: NetName=DS2 Pin=U?-9
Change Component Footprint: Designator=U? Old Footprint=TQFP64 New Footprint=SO16 + SO16WM + SOIC16
Added Component: Designator=(QFP80P1200X1200X120-44N)
Add component. Clean all parameters for all variants
Add component (AddParameter): Name = "Availability"; Value = "Unavailable"; VariantName = "[No Variations]"
Add component (AddParameter): Name = "MF"; Value = "Microchip"; VariantName = "[No Variations]"
Add component (AddParameter): Name = "MP"; Value = "PIC16F887-I/PT"; VariantName = "[No Variations]"
Add component (AddParameter): Name = "Package"; Value = "TQFP-44 Microchip"; VariantName = "[No Variations]"
Add component (AddParameter): Name = "Price"; Value = "None"; VariantName = "[No Variations]"
Add component (AddParameter): Name = "SnapEDA_Link"; Value = "https://www.snapeda.com/parts/PIC16F887-I/PT/Microchip/view-part/5739/?ref=snap"; VariantName = "[No Variations]"
Add component (AddParameter): Name = "Value"; Value = ""; VariantName = "[No Variations]"
Added Pin To Net: NetName=GND Pin=-6
Added Pin To Net: NetName=5V Pin=-7
Added Pin To Net: NetName=PWM Pin=-8
Added Pin To Net: NetName=zero Pin=-9
Added Pin To Net: NetName=PGC Pin=-16
Added Pin To Net: NetName=PGD Pin=-17
Added Pin To Net: NetName=MCLR Pin=-18
Added Pin To Net: NetName=5V Pin=-28
Added Pin To Net: NetName=GND Pin=-29
Added Pin To Net: NetName=Net_30 Pin=-30
Added Pin To Net: NetName=Net_31 Pin=-31
Added Pin To Net: NetName=SHCP Pin=-32
Added Pin To Net: NetName=DS1 Pin=-35
Added Pin To Net: NetName=STCP Pin=-37
Added Pin To Net: NetName=NUT1 Pin=-38
Added Pin To Net: NetName=NUT2 Pin=-39
Added Pin To Net: NetName=NUT3 Pin=-40
Added Pin To Net: NetName=NUT4 Pin=-41
Added Pin To Net: NetName=LED1 Pin=-42
Added Pin To Net: NetName=LED2 Pin=-43
Added Pin To Net: NetName=LED3 Pin=-44
Added Pin To Net: NetName=LED7_B1 Pin=U?-1
Added Pin To Net: NetName=LED7_C1 Pin=U?-2
Added Pin To Net: NetName=LED7_D1 Pin=U?-3
Added Pin To Net: NetName=LED7_E1 Pin=U?-4
Added Pin To Net: NetName=LED7_F1 Pin=U?-5
Added Pin To Net: NetName=LED7_G1 Pin=U?-6
Added Pin To Net: NetName=LED7_H1 Pin=U?-7
Added Pin To Net: NetName=GND Pin=U?-8
Added Pin To Net: NetName=DS2 Pin=U?-9
Added Pin To Net: NetName=5V Pin=U?-10
Added Pin To Net: NetName=SHCP Pin=U?-11
Added Pin To Net: NetName=STCP Pin=U?-12
Added Pin To Net: NetName=GND Pin=U?-13
Added Pin To Net: NetName=DS1 Pin=U?-14
Added Pin To Net: NetName=LED7_A1 Pin=U?-15
Added Pin To Net: NetName=5V Pin=U?-16
Added Member To Class: ClassName=SCH_Wash Member=Component ? Led 7 Thanh 2.3 Inch Anot
Added Member To Class: ClassName=SCH_Wash Member=Component ? Led 7 Thanh 2.3 Inch Anot
Added Member To Class: ClassName=SCH_Wash Member=Component ? Led 7 Thanh 2.3 Inch Anot
Added Member To Class: ClassName=SCH_Wash Member=Component ? Led 7 Thanh 2.3 Inch Anot
Added Member To Class: ClassName=SCH_Wash Member=Component ? Led 7 Thanh 2.3 Inch Anot
Added Member To Class: ClassName=SCH_Wash Member=Component BT? BT137S-600E
Added Member To Class: ClassName=SCH_Wash Member=Component C? 10uF
Added Member To Class: ClassName=SCH_Wash Member=Component C? 22pF
Added Member To Class: ClassName=SCH_Wash Member=Component C? 22pF
Added Member To Class: ClassName=SCH_Wash Member=Component C? 104
Added Member To Class: ClassName=SCH_Wash Member=Component C? 1000uF
Added Member To Class: ClassName=SCH_Wash Member=Component C? 104
Added Member To Class: ClassName=SCH_Wash Member=Component C? 104
Added Member To Class: ClassName=SCH_Wash Member=Component C? 104
Added Member To Class: ClassName=SCH_Wash Member=Component KF1 MOTOR
Added Member To Class: ClassName=SCH_Wash Member=Component KF? CON 2 KF 7.62
Added Member To Class: ClassName=SCH_Wash Member=Component Q? C1815
Added Member To Class: ClassName=SCH_Wash Member=Component Q? C1815
Added Member To Class: ClassName=SCH_Wash Member=Component Q? C1815
Added Member To Class: ClassName=SCH_Wash Member=Component R? 100R
Added Member To Class: ClassName=SCH_Wash Member=Component R? 1k
Added Member To Class: ClassName=SCH_Wash Member=Component R? 100R
Added Member To Class: ClassName=SCH_Wash Member=Component R? 100R
Added Member To Class: ClassName=SCH_Wash Member=Component R? 100R
Added Member To Class: ClassName=SCH_Wash Member=Component R? 1k
Added Member To Class: ClassName=SCH_Wash Member=Component R? 100R
Added Member To Class: ClassName=SCH_Wash Member=Component R? 100R
Added Member To Class: ClassName=SCH_Wash Member=Component R? 100R
Added Member To Class: ClassName=SCH_Wash Member=Component R? 1k
Added Member To Class: ClassName=SCH_Wash Member=Component R? 100R
Added Member To Class: ClassName=SCH_Wash Member=Component R? 1k
Added Member To Class: ClassName=SCH_Wash Member=Component R? 1k
Added Member To Class: ClassName=SCH_Wash Member=Component R? 1k
Added Member To Class: ClassName=SCH_Wash Member=Component R? 330R
Added Member To Class: ClassName=SCH_Wash Member=Component R? 100R
Added Member To Class: ClassName=SCH_Wash Member=Component R? 390R
Added Member To Class: ClassName=SCH_Wash Member=Component R? 220R
Added Member To Class: ClassName=SCH_Wash Member=Component R? 470R
Added Member To Class: ClassName=SCH_Wash Member=Component R? 200R
Added Member To Class: ClassName=SCH_Wash Member=Component R? 10k
Added Member To Class: ClassName=SCH_Wash Member=Component R? 330R
Added Member To Class: ClassName=SCH_Wash Member=Component R? 470R
Added Member To Class: ClassName=SCH_Wash Member=Component R? 1k
Added Member To Class: ClassName=SCH_Wash Member=Component R? 680R
Added Member To Class: ClassName=SCH_Wash Member=Component R? 100R
Added Member To Class: ClassName=SCH_Wash Member=Component R? 100R
Added Member To Class: ClassName=SCH_Wash Member=Component R? 100R
Added Member To Class: ClassName=SCH_Wash Member=Component R? 100R
Added Member To Class: ClassName=SCH_Wash Member=Component R? 100R
Added Member To Class: ClassName=SCH_Wash Member=Component R? 100R
Added Member To Class: ClassName=SCH_Wash Member=Component R? 100R
Added Member To Class: ClassName=SCH_Wash Member=Component SW? Nut Nhan 4 Chan
Added Member To Class: ClassName=SCH_Wash Member=Component SW? Nut Nhan 4 Chan
Added Member To Class: ClassName=SCH_Wash Member=Component SW? Nut Nhan 4 Chan
Added Member To Class: ClassName=SCH_Wash Member=Component  PIC16F887-I/PT
Added Member To Class: ClassName=SCH_Wash Member=Component U? 74HC595
