Added Component: Designator=B1(DIOB_DB107S)
Add component. Clean all parameters for all variants
Added Component: Designator=B2(KBP310)
Add component. Clean all parameters for all variants
Added Component: Designator=BT1(TO252_NEW)
Add component. Clean all parameters for all variants
Add component (AddParameter): Name = "Chung_Loai"; Value = "Dán"; VariantName = "[No Variations]"
Add component (AddParameter): Name = "Don_Vi"; Value = "Con"; VariantName = "[No Variations]"
Add component (AddParameter): Name = "Ghi_Chu"; Value = ""; VariantName = "[No Variations]"
Add component (AddParameter): Name = "Kieu_Chan"; Value = ""; VariantName = "[No Variations]"
Add component (AddParameter): Name = "Ma_Hang"; Value = "MH005450"; VariantName = "[No Variations]"
Add component (AddParameter): Name = "Ten_Linh_Kien"; Value = "BT137S-600E TO252 TRIAC 8A 600V"; VariantName = "[No Variations]"
Added Component: Designator=BT2(TO252_NEW)
Add component. Clean all parameters for all variants
Add component (AddParameter): Name = "Chung_Loai"; Value = "Dán"; VariantName = "[No Variations]"
Add component (AddParameter): Name = "Don_Vi"; Value = "Con"; VariantName = "[No Variations]"
Add component (AddParameter): Name = "Ghi_Chu"; Value = ""; VariantName = "[No Variations]"
Add component (AddParameter): Name = "Kieu_Chan"; Value = ""; VariantName = "[No Variations]"
Add component (AddParameter): Name = "Ma_Hang"; Value = "MH005450"; VariantName = "[No Variations]"
Add component (AddParameter): Name = "Ten_Linh_Kien"; Value = "BT137S-600E TO252 TRIAC 8A 600V"; VariantName = "[No Variations]"
Added Component: Designator=BT3(TO252_NEW)
Add component. Clean all parameters for all variants
Add component (AddParameter): Name = "Chung_Loai"; Value = "Dán"; VariantName = "[No Variations]"
Add component (AddParameter): Name = "Don_Vi"; Value = "Con"; VariantName = "[No Variations]"
Add component (AddParameter): Name = "Ghi_Chu"; Value = ""; VariantName = "[No Variations]"
Add component (AddParameter): Name = "Kieu_Chan"; Value = ""; VariantName = "[No Variations]"
Add component (AddParameter): Name = "Ma_Hang"; Value = "MH005450"; VariantName = "[No Variations]"
Add component (AddParameter): Name = "Ten_Linh_Kien"; Value = "BT137S-600E TO252 TRIAC 8A 600V"; VariantName = "[No Variations]"
Added Component: Designator=C1(tu 0805)
Add component. Clean all parameters for all variants
Add component (AddParameter): Name = "Chung_Loai"; Value = "Dán"; VariantName = "[No Variations]"
Add component (AddParameter): Name = "Don_Vi"; Value = "Con"; VariantName = "[No Variations]"
Add component (AddParameter): Name = "Kieu_Chan"; Value = ""; VariantName = "[No Variations]"
Add component (AddParameter): Name = "Ma_Hang"; Value = "MH004551"; VariantName = "[No Variations]"
Add component (AddParameter): Name = "So_Chan"; Value = "2"; VariantName = "[No Variations]"
Add component (AddParameter): Name = "Ten_Linh_Kien"; Value = "T? 0805 104-100nF 10% 50V"; VariantName = "[No Variations]"
Added Component: Designator=C6(tu 0805)
Add component. Clean all parameters for all variants
Add component (AddParameter): Name = "Chung_Loai"; Value = "Dán"; VariantName = "[No Variations]"
Add component (AddParameter): Name = "Don_Vi"; Value = "Con"; VariantName = "[No Variations]"
Add component (AddParameter): Name = "Kieu_Chan"; Value = ""; VariantName = "[No Variations]"
Add component (AddParameter): Name = "Ma_Hang"; Value = "MH004551"; VariantName = "[No Variations]"
Add component (AddParameter): Name = "So_Chan"; Value = "2"; VariantName = "[No Variations]"
Add component (AddParameter): Name = "Ten_Linh_Kien"; Value = "T? 0805 104-100nF 10% 50V"; VariantName = "[No Variations]"
Added Component: Designator=C7(tu 0805)
Add component. Clean all parameters for all variants
Add component (AddParameter): Name = "Chung_Loai"; Value = "Dán"; VariantName = "[No Variations]"
Add component (AddParameter): Name = "Don_Vi"; Value = "Con"; VariantName = "[No Variations]"
Add component (AddParameter): Name = "Kieu_Chan"; Value = ""; VariantName = "[No Variations]"
Add component (AddParameter): Name = "Ma_Hang"; Value = "MH004551"; VariantName = "[No Variations]"
Add component (AddParameter): Name = "So_Chan"; Value = "2"; VariantName = "[No Variations]"
Add component (AddParameter): Name = "Ten_Linh_Kien"; Value = "T? 0805 104-100nF 10% 50V"; VariantName = "[No Variations]"
Added Component: Designator=OTCP1(OPTOCOUPLER_H11F3SR2M)
Add component. Clean all parameters for all variants
Added Component: Designator=OTCP2(OPTOCOUPLER_H11F3SR2M)
Add component. Clean all parameters for all variants
Added Component: Designator=OTCP3(OPTOCOUPLER_H11F3SR2M)
Add component. Clean all parameters for all variants
Added Component: Designator=R1(Tro SMD 0805)
Add component. Clean all parameters for all variants
Add component (AddParameter): Name = "Chung_Loai"; Value = "Dán"; VariantName = "[No Variations]"
Add component (AddParameter): Name = "Don_Vi"; Value = "Con"; VariantName = "[No Variations]"
Add component (AddParameter): Name = "Kieu_Chan"; Value = ""; VariantName = "[No Variations]"
Add component (AddParameter): Name = "Ma_Hang"; Value = "MH005337"; VariantName = "[No Variations]"
Add component (AddParameter): Name = "So_Chan"; Value = "2"; VariantName = "[No Variations]"
Add component (AddParameter): Name = "Ten_Linh_Kien"; Value = "Tr? 0805 5% 330R"; VariantName = "[No Variations]"
Added Component: Designator=R3(Tro SMD 0805)
Add component. Clean all parameters for all variants
Add component (AddParameter): Name = "Chung_Loai"; Value = "Dán"; VariantName = "[No Variations]"
Add component (AddParameter): Name = "Don_Vi"; Value = "Con"; VariantName = "[No Variations]"
Add component (AddParameter): Name = "Kieu_Chan"; Value = ""; VariantName = "[No Variations]"
Add component (AddParameter): Name = "Ma_Hang"; Value = "MH005339"; VariantName = "[No Variations]"
Add component (AddParameter): Name = "So_Chan"; Value = "2"; VariantName = "[No Variations]"
Add component (AddParameter): Name = "Ten_Linh_Kien"; Value = "Tr? 0805 5% 390R"; VariantName = "[No Variations]"
Added Component: Designator=R5(Tro SMD 0805)
Add component. Clean all parameters for all variants
Add component (AddParameter): Name = "Chung_Loai"; Value = "Dán"; VariantName = "[No Variations]"
Add component (AddParameter): Name = "Don_Vi"; Value = "Con"; VariantName = "[No Variations]"
Add component (AddParameter): Name = "Kieu_Chan"; Value = ""; VariantName = "[No Variations]"
Add component (AddParameter): Name = "Ma_Hang"; Value = "MH005337"; VariantName = "[No Variations]"
Add component (AddParameter): Name = "So_Chan"; Value = "2"; VariantName = "[No Variations]"
Add component (AddParameter): Name = "Ten_Linh_Kien"; Value = "Tr? 0805 5% 330R"; VariantName = "[No Variations]"
Added Component: Designator=R6(tro smd 0805)
Add component. Clean all parameters for all variants
Add component (AddParameter): Name = "Chung_Loai"; Value = "Dán"; VariantName = "[No Variations]"
Add component (AddParameter): Name = "Don_Vi"; Value = "Con"; VariantName = "[No Variations]"
Add component (AddParameter): Name = "Kieu_Chan"; Value = ""; VariantName = "[No Variations]"
Add component (AddParameter): Name = "Ma_Hang"; Value = "MH005259"; VariantName = "[No Variations]"
Add component (AddParameter): Name = "So_Chan"; Value = "2"; VariantName = "[No Variations]"
Add component (AddParameter): Name = "Ten_Linh_Kien"; Value = "Tr? 0805 5% 220R"; VariantName = "[No Variations]"
Added Component: Designator=R9(Tro SMD 0805)
Add component. Clean all parameters for all variants
Add component (AddParameter): Name = "Chung_Loai"; Value = "Dán"; VariantName = "[No Variations]"
Add component (AddParameter): Name = "Don_Vi"; Value = "Con"; VariantName = "[No Variations]"
Add component (AddParameter): Name = "Kieu_Chan"; Value = ""; VariantName = "[No Variations]"
Add component (AddParameter): Name = "Ma_Hang"; Value = "MH005337"; VariantName = "[No Variations]"
Add component (AddParameter): Name = "So_Chan"; Value = "2"; VariantName = "[No Variations]"
Add component (AddParameter): Name = "Ten_Linh_Kien"; Value = "Tr? 0805 5% 330R"; VariantName = "[No Variations]"
Added Component: Designator=R10(Tro SMD 0805)
Add component. Clean all parameters for all variants
Add component (AddParameter): Name = "Chung_Loai"; Value = "Dán"; VariantName = "[No Variations]"
Add component (AddParameter): Name = "Don_Vi"; Value = "Con"; VariantName = "[No Variations]"
Add component (AddParameter): Name = "Kieu_Chan"; Value = ""; VariantName = "[No Variations]"
Add component (AddParameter): Name = "Ma_Hang"; Value = "MH005339"; VariantName = "[No Variations]"
Add component (AddParameter): Name = "So_Chan"; Value = "2"; VariantName = "[No Variations]"
Add component (AddParameter): Name = "Ten_Linh_Kien"; Value = "Tr? 0805 5% 390R"; VariantName = "[No Variations]"
Added Component: Designator=R12(Tro SMD 0805)
Add component. Clean all parameters for all variants
Add component (AddParameter): Name = "Chung_Loai"; Value = "Dán"; VariantName = "[No Variations]"
Add component (AddParameter): Name = "Don_Vi"; Value = "Con"; VariantName = "[No Variations]"
Add component (AddParameter): Name = "Kieu_Chan"; Value = ""; VariantName = "[No Variations]"
Add component (AddParameter): Name = "Ma_Hang"; Value = "MH005337"; VariantName = "[No Variations]"
Add component (AddParameter): Name = "So_Chan"; Value = "2"; VariantName = "[No Variations]"
Add component (AddParameter): Name = "Ten_Linh_Kien"; Value = "Tr? 0805 5% 330R"; VariantName = "[No Variations]"
Added Component: Designator=R14(Tro SMD 0805)
Add component. Clean all parameters for all variants
Add component (AddParameter): Name = "Chung_Loai"; Value = "Dán"; VariantName = "[No Variations]"
Add component (AddParameter): Name = "Don_Vi"; Value = "Con"; VariantName = "[No Variations]"
Add component (AddParameter): Name = "Kieu_Chan"; Value = ""; VariantName = "[No Variations]"
Add component (AddParameter): Name = "Ma_Hang"; Value = "MH005337"; VariantName = "[No Variations]"
Add component (AddParameter): Name = "So_Chan"; Value = "2"; VariantName = "[No Variations]"
Add component (AddParameter): Name = "Ten_Linh_Kien"; Value = "Tr? 0805 5% 330R"; VariantName = "[No Variations]"
Added Component: Designator=R15(Tro SMD 0805)
Add component. Clean all parameters for all variants
Add component (AddParameter): Name = "Chung_Loai"; Value = "Dán"; VariantName = "[No Variations]"
Add component (AddParameter): Name = "Don_Vi"; Value = "Con"; VariantName = "[No Variations]"
Add component (AddParameter): Name = "Kieu_Chan"; Value = ""; VariantName = "[No Variations]"
Add component (AddParameter): Name = "Ma_Hang"; Value = "MH005339"; VariantName = "[No Variations]"
Add component (AddParameter): Name = "So_Chan"; Value = "2"; VariantName = "[No Variations]"
Add component (AddParameter): Name = "Ten_Linh_Kien"; Value = "Tr? 0805 5% 390R"; VariantName = "[No Variations]"
Added Component: Designator=R17(Tro SMD 0805)
Add component. Clean all parameters for all variants
Add component (AddParameter): Name = "Chung_Loai"; Value = "Dán"; VariantName = "[No Variations]"
Add component (AddParameter): Name = "Don_Vi"; Value = "Con"; VariantName = "[No Variations]"
Add component (AddParameter): Name = "Kieu_Chan"; Value = ""; VariantName = "[No Variations]"
Add component (AddParameter): Name = "Ma_Hang"; Value = "MH005337"; VariantName = "[No Variations]"
Add component (AddParameter): Name = "So_Chan"; Value = "2"; VariantName = "[No Variations]"
Add component (AddParameter): Name = "Ten_Linh_Kien"; Value = "Tr? 0805 5% 330R"; VariantName = "[No Variations]"
Added Component: Designator=T1(TER_2P_8.25)
Add component. Clean all parameters for all variants
Added Component: Designator=T2(CON_2P_5mm)
Add component. Clean all parameters for all variants
Added Component: Designator=T3(CON_2P_5mm)
Add component. Clean all parameters for all variants
Added Component: Designator=T4(CON_2P_5mm)
Add component. Clean all parameters for all variants
Added Component: Designator=T5(CON_2P_5mm)
Add component. Clean all parameters for all variants
Added Component: Designator=U1(SOIC254P1030X460-4N)
Add component. Clean all parameters for all variants
Add component (AddParameter): Name = "Availability"; Value = "Unavailable"; VariantName = "[No Variations]"
Add component (AddParameter): Name = "MF"; Value = "Everlight Electronics"; VariantName = "[No Variations]"
Add component (AddParameter): Name = "MP"; Value = "EL817S_D__TU_"; VariantName = "[No Variations]"
Add component (AddParameter): Name = "Package"; Value = "SMD-4 Everlight Electronics"; VariantName = "[No Variations]"
Add component (AddParameter): Name = "Price"; Value = "None"; VariantName = "[No Variations]"
Add component (AddParameter): Name = "SnapEDA_Link"; Value = "https://www.snapeda.com/parts/EL817S_D__TU_/Everlight%20Electronics%20Co%20Ltd/view-part/1118456/?ref=snap"; VariantName = "[No Variations]"
Add component (AddParameter): Name = "Value"; Value = ""; VariantName = "[No Variations]"
Added Pin To Net: NetName=NetB1_+ Pin=B1-+
Added Pin To Net: NetName=NetB1_- Pin=B1--
Added Pin To Net: NetName=AC2 Pin=B1-~.
Added Pin To Net: NetName=AC1 Pin=B1-~
Added Pin To Net: NetName=GND Pin=B2-+
Added Pin To Net: NetName=NetB2_- Pin=B2--
Added Pin To Net: NetName=AC1 Pin=B2-~.
Added Pin To Net: NetName=AC2 Pin=B2-~
Added Pin To Net: NetName=NetBT1_1 Pin=BT1-1
Added Pin To Net: NetName=NetBT1_2 Pin=BT1-2
Added Pin To Net: NetName=NetBT1_3 Pin=BT1-3
Added Pin To Net: NetName=NetBT2_1 Pin=BT2-1
Added Pin To Net: NetName=NetBT2_2 Pin=BT2-2
Added Pin To Net: NetName=NetBT2_3 Pin=BT2-3
Added Pin To Net: NetName=NetBT3_1 Pin=BT3-1
Added Pin To Net: NetName=NetBT3_2 Pin=BT3-2
Added Pin To Net: NetName=NetBT3_3 Pin=BT3-3
Added Pin To Net: NetName=NetC1_1 Pin=C1-1
Added Pin To Net: NetName=NetBT1_1 Pin=C1-2
Added Pin To Net: NetName=NetC6_1 Pin=C6-1
Added Pin To Net: NetName=NetBT2_1 Pin=C6-2
Added Pin To Net: NetName=NetC7_1 Pin=C7-1
Added Pin To Net: NetName=NetBT3_1 Pin=C7-2
Added Pin To Net: NetName=NetOTCP1_1 Pin=OTCP1-1
Added Pin To Net: NetName=NetOTCP1_2 Pin=OTCP1-2
Added Pin To Net: NetName=NetBT1_3 Pin=OTCP1-4
Added Pin To Net: NetName=NetOTCP1_6 Pin=OTCP1-6
Added Pin To Net: NetName=NetOTCP2_1 Pin=OTCP2-1
Added Pin To Net: NetName=NetOTCP2_2 Pin=OTCP2-2
Added Pin To Net: NetName=NetBT2_3 Pin=OTCP2-4
Added Pin To Net: NetName=NetOTCP2_6 Pin=OTCP2-6
Added Pin To Net: NetName=NetOTCP3_1 Pin=OTCP3-1
Added Pin To Net: NetName=NetOTCP3_2 Pin=OTCP3-2
Added Pin To Net: NetName=NetBT3_3 Pin=OTCP3-4
Added Pin To Net: NetName=NetOTCP3_6 Pin=OTCP3-6
Added Pin To Net: NetName=NetOTCP1_6 Pin=R1-1
Added Pin To Net: NetName=NetBT1_2 Pin=R1-2
Added Pin To Net: NetName=NetBT1_2 Pin=R3-1
Added Pin To Net: NetName=NetC1_1 Pin=R3-2
Added Pin To Net: NetName=NetBT1_3 Pin=R5-1
Added Pin To Net: NetName=NetBT1_1 Pin=R5-2
Added Pin To Net: NetName=NetB1_+ Pin=R6-1
Added Pin To Net: NetName=NetR6_2 Pin=R6-2
Added Pin To Net: NetName=NetOTCP2_6 Pin=R9-1
Added Pin To Net: NetName=NetBT2_2 Pin=R9-2
Added Pin To Net: NetName=NetBT2_2 Pin=R10-1
Added Pin To Net: NetName=NetC6_1 Pin=R10-2
Added Pin To Net: NetName=NetBT2_3 Pin=R12-1
Added Pin To Net: NetName=NetBT2_1 Pin=R12-2
Added Pin To Net: NetName=NetOTCP3_6 Pin=R14-1
Added Pin To Net: NetName=NetBT3_2 Pin=R14-2
Added Pin To Net: NetName=NetBT3_2 Pin=R15-1
Added Pin To Net: NetName=NetC7_1 Pin=R15-2
Added Pin To Net: NetName=NetBT3_3 Pin=R17-1
Added Pin To Net: NetName=NetBT3_1 Pin=R17-2
Added Pin To Net: NetName=NetT1_1 Pin=T1-1
Added Pin To Net: NetName=NetBT1_2 Pin=T1-2
Added Pin To Net: NetName=NetBT1_1 Pin=T2-1
Added Pin To Net: NetName=NetT1_1 Pin=T2-2
Added Pin To Net: NetName=NetBT2_1 Pin=T3-1
Added Pin To Net: NetName=NetBT2_2 Pin=T3-2
Added Pin To Net: NetName=NetBT3_1 Pin=T4-1
Added Pin To Net: NetName=NetBT3_2 Pin=T4-2
Added Pin To Net: NetName=AC1 Pin=T5-1
Added Pin To Net: NetName=AC2 Pin=T5-2
Added Pin To Net: NetName=NetR6_2 Pin=U1-1
Added Pin To Net: NetName=NetB1_- Pin=U1-2
Added Pin To Net: NetName=GND Pin=U1-3
Added Pin To Net: NetName=zero Pin=U1-4
Added Member To Class: ClassName=SCH_Wash Member=Component B1 BridgeDiode
Added Member To Class: ClassName=SCH_Wash Member=Component B2 BridgeDiode
Added Member To Class: ClassName=SCH_Wash Member=Component BT1 BT137S-600E
Added Member To Class: ClassName=SCH_Wash Member=Component BT2 BT137S-600E
Added Member To Class: ClassName=SCH_Wash Member=Component BT3 BT137S-600E
Added Member To Class: ClassName=SCH_Wash Member=Component C1 104
Added Member To Class: ClassName=SCH_Wash Member=Component C6 104
Added Member To Class: ClassName=SCH_Wash Member=Component C7 104
Added Member To Class: ClassName=SCH_Wash Member=Component OTCP1 OptoCouple
Added Member To Class: ClassName=SCH_Wash Member=Component OTCP2 OptoCouple
Added Member To Class: ClassName=SCH_Wash Member=Component OTCP3 OptoCouple
Added Member To Class: ClassName=SCH_Wash Member=Component R1 330R
Added Member To Class: ClassName=SCH_Wash Member=Component R3 390R
Added Member To Class: ClassName=SCH_Wash Member=Component R5 330R
Added Member To Class: ClassName=SCH_Wash Member=Component R6 220R
Added Member To Class: ClassName=SCH_Wash Member=Component R9 330R
Added Member To Class: ClassName=SCH_Wash Member=Component R10 390R
Added Member To Class: ClassName=SCH_Wash Member=Component R12 330R
Added Member To Class: ClassName=SCH_Wash Member=Component R14 330R
Added Member To Class: ClassName=SCH_Wash Member=Component R15 390R
Added Member To Class: ClassName=SCH_Wash Member=Component R17 330R
Added Member To Class: ClassName=SCH_Wash Member=Component T1 220VAC
Added Member To Class: ClassName=SCH_Wash Member=Component T2 MOTOR
Added Member To Class: ClassName=SCH_Wash Member=Component T3 RELAY
Added Member To Class: ClassName=SCH_Wash Member=Component T4 VAN
Added Member To Class: ClassName=SCH_Wash Member=Component T5 12VAC
Added Member To Class: ClassName=SCH_Wash Member=Component U1 EL817S(D)(TU)
