Change Component Designator: OldDesignator=? NewDesignator=1
Change Component Designator: OldDesignator=? NewDesignator=2
Change Component Designator: OldDesignator=? NewDesignator=3
Change Component Designator: OldDesignator=? NewDesignator=4
Change Component Designator: OldDesignator=? NewDesignator=5
Change Component Designator: OldDesignator=? NewDesignator=6
Change Component Designator: OldDesignator=B? NewDesignator=B1
Change Component Designator: OldDesignator=BT? NewDesignator=BT1
Change Component Designator: OldDesignator=BT? NewDesignator=BT2
Change Component Designator: OldDesignator=C? NewDesignator=C1
Change Component Designator: OldDesignator=C? NewDesignator=C2
Change Component Designator: OldDesignator=C? NewDesignator=C3
Change Component Designator: OldDesignator=C? NewDesignator=C4
Change Component Designator: OldDesignator=C? NewDesignator=C5
Change Component Designator: OldDesignator=C? NewDesignator=C6
Change Component Designator: OldDesignator=C? NewDesignator=C7
Change Component Designator: OldDesignator=C? NewDesignator=C8
Change Component Designator: OldDesignator=C? NewDesignator=C9
Change Component Designator: OldDesignator=D? NewDesignator=D1
Change Component Designator: OldDesignator=H? NewDesignator=H1
Change Component Designator: OldDesignator=KF? NewDesignator=KF2
Change Component Designator: OldDesignator=KF? NewDesignator=KF3
Change Component Designator: OldDesignator=OTCP? NewDesignator=OTCP1
Change Component Designator: OldDesignator=Q? NewDesignator=Q1
Change Component Designator: OldDesignator=Q? NewDesignator=Q2
Change Component Designator: OldDesignator=Q? NewDesignator=Q3
Change Component Designator: OldDesignator=Q? NewDesignator=Q4
Change Component Designator: OldDesignator=R? NewDesignator=R1
Change Component Designator: OldDesignator=R? NewDesignator=R2
Change Component Designator: OldDesignator=R? NewDesignator=R3
Change Component Designator: OldDesignator=R? NewDesignator=R4
Change Component Designator: OldDesignator=R? NewDesignator=R5
Change Component Designator: OldDesignator=R? NewDesignator=R6
Change Component Designator: OldDesignator=R? NewDesignator=R7
Change Component Designator: OldDesignator=R? NewDesignator=R8
Change Component Designator: OldDesignator=R? NewDesignator=R9
Change Component Designator: OldDesignator=R? NewDesignator=R10
Change Component Designator: OldDesignator=R? NewDesignator=R11
Change Component Designator: OldDesignator=R? NewDesignator=R12
Change Component Designator: OldDesignator=R? NewDesignator=R13
Change Component Designator: OldDesignator=R? NewDesignator=R14
Change Component Designator: OldDesignator=R? NewDesignator=R15
Change Component Designator: OldDesignator=R? NewDesignator=R16
Change Component Designator: OldDesignator=R? NewDesignator=R17
Change Component Designator: OldDesignator=R? NewDesignator=R18
Change Component Designator: OldDesignator=R? NewDesignator=R19
Change Component Designator: OldDesignator=R? NewDesignator=R20
Change Component Designator: OldDesignator=R? NewDesignator=R21
Change Component Designator: OldDesignator=R? NewDesignator=R22
Change Component Designator: OldDesignator=R? NewDesignator=R23
Change Component Designator: OldDesignator=R? NewDesignator=R24
Change Component Designator: OldDesignator=R? NewDesignator=R25
Change Component Designator: OldDesignator=R? NewDesignator=R26
Change Component Designator: OldDesignator=R? NewDesignator=R27
Change Component Designator: OldDesignator=R? NewDesignator=R28
Change Component Designator: OldDesignator=R? NewDesignator=R29
Change Component Designator: OldDesignator=R? NewDesignator=R30
Change Component Designator: OldDesignator=R? NewDesignator=R31
Change Component Designator: OldDesignator=R? NewDesignator=R32
Change Component Designator: OldDesignator=R? NewDesignator=R33
Change Component Designator: OldDesignator=SW? NewDesignator=SW1
Change Component Designator: OldDesignator=SW? NewDesignator=SW2
Change Component Designator: OldDesignator=SW? NewDesignator=SW3
Change Component Designator: OldDesignator=SW? NewDesignator=SW4
Change Component Designator: OldDesignator=U3_N? NewDesignator=U1
Change Component Designator: OldDesignator=U? NewDesignator=U2
Change Component Designator: OldDesignator=U? NewDesignator=U3
Change Component Designator: OldDesignator=Y? NewDesignator=Y1
Added Pin To Net: NetName=C1 Pin=Q2-2
Added Pin To Net: NetName=C2 Pin=Q3-2
Added Pin To Net: NetName=C3 Pin=Q4-2
Change Net Name : Old Net Name=Net?_2 New Net Name=Net1_2
Change Net Name : Old Net Name=Net?_2 New Net Name=Net4_2
Change Net Name : Old Net Name=Net?_3 New Net Name=Net1_3
Change Net Name : Old Net Name=Net?_3 New Net Name=Net4_3
Change Net Name : Old Net Name=Net?_4 New Net Name=Net1_4
Change Net Name : Old Net Name=Net?_4 New Net Name=Net4_4
Change Net Name : Old Net Name=Net?_6 New Net Name=Net1_6
Change Net Name : Old Net Name=Net?_6 New Net Name=Net4_6
Change Net Name : Old Net Name=Net?_7 New Net Name=Net1_7
Change Net Name : Old Net Name=Net?_7 New Net Name=Net4_7
Change Net Name : Old Net Name=Net?_8 New Net Name=Net1_8
Change Net Name : Old Net Name=Net?_8 New Net Name=Net4_8
Change Net Name : Old Net Name=Net?_9 New Net Name=Net1_9
Change Net Name : Old Net Name=Net?_9 New Net Name=Net4_9
Change Net Name : Old Net Name=Net?_10 New Net Name=Net1_10
Change Net Name : Old Net Name=NetBT?_1 New Net Name=NetBT1_1
Change Net Name : Old Net Name=NetBT?_3 New Net Name=NetBT1_3
Change Net Name : Old Net Name=NetBT?_3 New Net Name=NetBT2_3
Change Net Name : Old Net Name=NetC?_1 New Net Name=NetC1_1
Change Net Name : Old Net Name=NetD?_1 New Net Name=NetD1_1
Change Net Name : Old Net Name=NetD?_2 New Net Name=NetD1_2
Change Net Name : Old Net Name=NetOTCP?_1 New Net Name=NetOTCP1_1
Change Net Name : Old Net Name=NetOTCP?_4 New Net Name=NetOTCP1_4
Change Net Name : Old Net Name=NetQ?_1 New Net Name=NetQ2_1
Change Net Name : Old Net Name=NetR?_1 New Net Name=NetR7_1
Added Pin To Net: NetName=Net4_10 Pin=4-10
Added Pin To Net: NetName=Net4_10 Pin=5-10
Added Pin To Net: NetName=Net4_10 Pin=6-10
Added Pin To Net: NetName=Net4_10 Pin=R32-2
Added Net: Name=Net4_10
Added Pin To Net: NetName=NetQ3_1 Pin=Q3-1
Added Pin To Net: NetName=NetQ3_1 Pin=R20-1
Added Net: Name=NetQ3_1
Added Pin To Net: NetName=NetQ4_1 Pin=Q4-1
Added Pin To Net: NetName=NetQ4_1 Pin=R21-1
Added Net: Name=NetQ4_1
Added Member To Class: ClassName=SCH_Wash Member=Component 1 Led 7 Thanh 2.3 Inch Anot
Added Member To Class: ClassName=SCH_Wash Member=Component 2 Led 7 Thanh 2.3 Inch Anot
Added Member To Class: ClassName=SCH_Wash Member=Component 3 Led 7 Thanh 2.3 Inch Anot
Added Member To Class: ClassName=SCH_Wash Member=Component 5 Led 7 Thanh 2.3 Inch Anot
Added Member To Class: ClassName=SCH_Wash Member=Component 6 Led 7 Thanh 2.3 Inch Anot
Added Member To Class: ClassName=SCH_Wash Member=Component BT2 BT137S-600E
Added Member To Class: ClassName=SCH_Wash Member=Component C1 104
Added Member To Class: ClassName=SCH_Wash Member=Component C2 104
Added Member To Class: ClassName=SCH_Wash Member=Component C3 22pF
Added Member To Class: ClassName=SCH_Wash Member=Component C4 22pF
Added Member To Class: ClassName=SCH_Wash Member=Component C6 1000uF
Added Member To Class: ClassName=SCH_Wash Member=Component C7 1000uF
Added Member To Class: ClassName=SCH_Wash Member=Component C8 104
Added Member To Class: ClassName=SCH_Wash Member=Component C9 104
Added Member To Class: ClassName=SCH_Wash Member=Component KF1 MOTOR
Added Member To Class: ClassName=SCH_Wash Member=Component KF2 RELAY
Added Member To Class: ClassName=SCH_Wash Member=Component Q1 C1815
Added Member To Class: ClassName=SCH_Wash Member=Component Q2 C1815
Added Member To Class: ClassName=SCH_Wash Member=Component Q4 C1815
Added Member To Class: ClassName=SCH_Wash Member=Component R1 330R
Added Member To Class: ClassName=SCH_Wash Member=Component R2 470R
Added Member To Class: ClassName=SCH_Wash Member=Component R3 390R
Added Member To Class: ClassName=SCH_Wash Member=Component R4 680R
Added Member To Class: ClassName=SCH_Wash Member=Component R5 330R
Added Member To Class: ClassName=SCH_Wash Member=Component R6 200R
Added Member To Class: ClassName=SCH_Wash Member=Component R7 220R
Added Member To Class: ClassName=SCH_Wash Member=Component R8 1k
Added Member To Class: ClassName=SCH_Wash Member=Component R9 470R
Added Member To Class: ClassName=SCH_Wash Member=Component R10 10k
Added Member To Class: ClassName=SCH_Wash Member=Component R11 100R
Added Member To Class: ClassName=SCH_Wash Member=Component R13 100R
Added Member To Class: ClassName=SCH_Wash Member=Component R14 100R
Added Member To Class: ClassName=SCH_Wash Member=Component R15 100R
Added Member To Class: ClassName=SCH_Wash Member=Component R16 100R
Added Member To Class: ClassName=SCH_Wash Member=Component R17 100R
Added Member To Class: ClassName=SCH_Wash Member=Component R18 100R
Added Member To Class: ClassName=SCH_Wash Member=Component R19 1k
Added Member To Class: ClassName=SCH_Wash Member=Component R20 1k
Added Member To Class: ClassName=SCH_Wash Member=Component R21 1k
Added Member To Class: ClassName=SCH_Wash Member=Component R22 1k
Added Member To Class: ClassName=SCH_Wash Member=Component R23 1k
Added Member To Class: ClassName=SCH_Wash Member=Component R24 1k
Added Member To Class: ClassName=SCH_Wash Member=Component R25 1k
Added Member To Class: ClassName=SCH_Wash Member=Component R26 100R
Added Member To Class: ClassName=SCH_Wash Member=Component R27 100R
Added Member To Class: ClassName=SCH_Wash Member=Component R28 100R
Added Member To Class: ClassName=SCH_Wash Member=Component R29 100R
Added Member To Class: ClassName=SCH_Wash Member=Component R30 100R
Added Member To Class: ClassName=SCH_Wash Member=Component R31 100R
Added Member To Class: ClassName=SCH_Wash Member=Component R32 100R
Added Member To Class: ClassName=SCH_Wash Member=Component R33 100R
Added Member To Class: ClassName=SCH_Wash Member=Component SW2 Nut Nhan 4 Chan
Added Member To Class: ClassName=SCH_Wash Member=Component SW3 Nut Nhan 4 Chan
Added Member To Class: ClassName=SCH_Wash Member=Component SW4 Nut Nhan 4 Chan
Added Member To Class: ClassName=SCH_Wash Member=Component U2 74HC595
